{"/home/nineleaps/soumyaPetStore/app/tests/controllers/petController.test.ts":{"path":"/home/nineleaps/soumyaPetStore/app/tests/controllers/petController.test.ts","statementMap":{"0":{"start":{"line":2,"column":16},"end":{"line":9,"column":1}},"1":{"start":{"line":3,"column":4},"end":{"line":8,"column":7}},"2":{"start":{"line":4,"column":36},"end":{"line":4,"column":97}},"3":{"start":{"line":4,"column":42},"end":{"line":4,"column":70}},"4":{"start":{"line":4,"column":85},"end":{"line":4,"column":95}},"5":{"start":{"line":5,"column":35},"end":{"line":5,"column":100}},"6":{"start":{"line":5,"column":41},"end":{"line":5,"column":73}},"7":{"start":{"line":5,"column":88},"end":{"line":5,"column":98}},"8":{"start":{"line":6,"column":32},"end":{"line":6,"column":149}},"9":{"start":{"line":6,"column":97},"end":{"line":6,"column":119}},"10":{"start":{"line":7,"column":8},"end":{"line":7,"column":78}},"11":{"start":{"line":10,"column":22},"end":{"line":12,"column":1}},"12":{"start":{"line":11,"column":4},"end":{"line":11,"column":62}},"13":{"start":{"line":13,"column":0},"end":{"line":13,"column":62}},"14":{"start":{"line":14,"column":15},"end":{"line":14,"column":47}},"15":{"start":{"line":15,"column":27},"end":{"line":15,"column":71}},"16":{"start":{"line":16,"column":16},"end":{"line":16,"column":49}},"17":{"start":{"line":17,"column":24},"end":{"line":17,"column":69}},"18":{"start":{"line":18,"column":21},"end":{"line":18,"column":59}},"19":{"start":{"line":19,"column":15},"end":{"line":19,"column":36}},"20":{"start":{"line":20,"column":24},"end":{"line":20,"column":68}},"21":{"start":{"line":21,"column":18},"end":{"line":21,"column":69}},"22":{"start":{"line":22,"column":0},"end":{"line":22,"column":47}},"23":{"start":{"line":23,"column":23},"end":{"line":23,"column":81}},"24":{"start":{"line":24,"column":32},"end":{"line":24,"column":81}},"25":{"start":{"line":25,"column":21},"end":{"line":25,"column":58}},"26":{"start":{"line":26,"column":0},"end":{"line":541,"column":3}},"27":{"start":{"line":31,"column":4},"end":{"line":35,"column":7}},"28":{"start":{"line":32,"column":8},"end":{"line":32,"column":86}},"29":{"start":{"line":33,"column":8},"end":{"line":33,"column":94}},"30":{"start":{"line":34,"column":8},"end":{"line":34,"column":74}},"31":{"start":{"line":36,"column":16},"end":{"line":38,"column":5}},"32":{"start":{"line":37,"column":20},"end":{"line":37,"column":52}},"33":{"start":{"line":39,"column":4},"end":{"line":120,"column":7}},"34":{"start":{"line":40,"column":8},"end":{"line":80,"column":12}},"35":{"start":{"line":40,"column":39},"end":{"line":80,"column":10}},"36":{"start":{"line":41,"column":12},"end":{"line":41,"column":21}},"37":{"start":{"line":42,"column":36},"end":{"line":57,"column":13}},"38":{"start":{"line":58,"column":25},"end":{"line":68,"column":13}},"39":{"start":{"line":69,"column":12},"end":{"line":69,"column":54}},"40":{"start":{"line":70,"column":32},"end":{"line":70,"column":121}},"41":{"start":{"line":71,"column":29},"end":{"line":71,"column":74}},"42":{"start":{"line":72,"column":12},"end":{"line":72,"column":69}},"43":{"start":{"line":73,"column":12},"end":{"line":73,"column":59}},"44":{"start":{"line":74,"column":12},"end":{"line":74,"column":47}},"45":{"start":{"line":75,"column":12},"end":{"line":75,"column":57}},"46":{"start":{"line":76,"column":12},"end":{"line":76,"column":52}},"47":{"start":{"line":77,"column":12},"end":{"line":77,"column":57}},"48":{"start":{"line":78,"column":12},"end":{"line":78,"column":57}},"49":{"start":{"line":79,"column":12},"end":{"line":79,"column":52}},"50":{"start":{"line":81,"column":8},"end":{"line":85,"column":12}},"51":{"start":{"line":81,"column":39},"end":{"line":85,"column":10}},"52":{"start":{"line":82,"column":26},"end":{"line":82,"column":37}},"53":{"start":{"line":83,"column":12},"end":{"line":83,"column":54}},"54":{"start":{"line":84,"column":12},"end":{"line":84,"column":72}},"55":{"start":{"line":86,"column":8},"end":{"line":102,"column":12}},"56":{"start":{"line":86,"column":65},"end":{"line":102,"column":10}},"57":{"start":{"line":87,"column":12},"end":{"line":87,"column":21}},"58":{"start":{"line":88,"column":35},"end":{"line":91,"column":13}},"59":{"start":{"line":92,"column":26},"end":{"line":94,"column":13}},"60":{"start":{"line":95,"column":12},"end":{"line":95,"column":48}},"61":{"start":{"line":96,"column":30},"end":{"line":97,"column":40}},"62":{"start":{"line":98,"column":29},"end":{"line":98,"column":65}},"63":{"start":{"line":99,"column":12},"end":{"line":99,"column":69}},"64":{"start":{"line":100,"column":12},"end":{"line":100,"column":57}},"65":{"start":{"line":101,"column":12},"end":{"line":101,"column":51}},"66":{"start":{"line":103,"column":8},"end":{"line":119,"column":12}},"67":{"start":{"line":103,"column":62},"end":{"line":119,"column":10}},"68":{"start":{"line":104,"column":12},"end":{"line":104,"column":21}},"69":{"start":{"line":105,"column":35},"end":{"line":108,"column":13}},"70":{"start":{"line":109,"column":26},"end":{"line":111,"column":13}},"71":{"start":{"line":112,"column":12},"end":{"line":112,"column":48}},"72":{"start":{"line":113,"column":30},"end":{"line":114,"column":40}},"73":{"start":{"line":115,"column":29},"end":{"line":115,"column":65}},"74":{"start":{"line":116,"column":12},"end":{"line":116,"column":69}},"75":{"start":{"line":117,"column":12},"end":{"line":117,"column":57}},"76":{"start":{"line":118,"column":12},"end":{"line":118,"column":51}},"77":{"start":{"line":121,"column":4},"end":{"line":206,"column":7}},"78":{"start":{"line":122,"column":8},"end":{"line":128,"column":11}},"79":{"start":{"line":123,"column":12},"end":{"line":127,"column":14}},"80":{"start":{"line":129,"column":8},"end":{"line":168,"column":12}},"81":{"start":{"line":129,"column":45},"end":{"line":168,"column":10}},"82":{"start":{"line":130,"column":36},"end":{"line":145,"column":13}},"83":{"start":{"line":146,"column":25},"end":{"line":156,"column":13}},"84":{"start":{"line":157,"column":12},"end":{"line":157,"column":58}},"85":{"start":{"line":158,"column":32},"end":{"line":158,"column":121}},"86":{"start":{"line":159,"column":29},"end":{"line":159,"column":69}},"87":{"start":{"line":160,"column":12},"end":{"line":160,"column":73}},"88":{"start":{"line":161,"column":12},"end":{"line":161,"column":59}},"89":{"start":{"line":162,"column":12},"end":{"line":162,"column":47}},"90":{"start":{"line":163,"column":12},"end":{"line":163,"column":57}},"91":{"start":{"line":164,"column":12},"end":{"line":164,"column":52}},"92":{"start":{"line":165,"column":12},"end":{"line":165,"column":57}},"93":{"start":{"line":166,"column":12},"end":{"line":166,"column":57}},"94":{"start":{"line":167,"column":12},"end":{"line":167,"column":52}},"95":{"start":{"line":169,"column":8},"end":{"line":173,"column":12}},"96":{"start":{"line":169,"column":39},"end":{"line":173,"column":10}},"97":{"start":{"line":170,"column":26},"end":{"line":170,"column":37}},"98":{"start":{"line":171,"column":12},"end":{"line":171,"column":58}},"99":{"start":{"line":172,"column":12},"end":{"line":172,"column":76}},"100":{"start":{"line":174,"column":8},"end":{"line":189,"column":12}},"101":{"start":{"line":174,"column":65},"end":{"line":189,"column":10}},"102":{"start":{"line":175,"column":35},"end":{"line":178,"column":13}},"103":{"start":{"line":179,"column":26},"end":{"line":181,"column":13}},"104":{"start":{"line":182,"column":12},"end":{"line":182,"column":52}},"105":{"start":{"line":183,"column":30},"end":{"line":184,"column":40}},"106":{"start":{"line":185,"column":29},"end":{"line":185,"column":69}},"107":{"start":{"line":186,"column":12},"end":{"line":186,"column":73}},"108":{"start":{"line":187,"column":12},"end":{"line":187,"column":57}},"109":{"start":{"line":188,"column":12},"end":{"line":188,"column":51}},"110":{"start":{"line":190,"column":8},"end":{"line":205,"column":12}},"111":{"start":{"line":190,"column":71},"end":{"line":205,"column":10}},"112":{"start":{"line":191,"column":35},"end":{"line":194,"column":13}},"113":{"start":{"line":195,"column":26},"end":{"line":197,"column":13}},"114":{"start":{"line":198,"column":12},"end":{"line":198,"column":52}},"115":{"start":{"line":199,"column":30},"end":{"line":200,"column":40}},"116":{"start":{"line":201,"column":29},"end":{"line":201,"column":69}},"117":{"start":{"line":202,"column":12},"end":{"line":202,"column":73}},"118":{"start":{"line":203,"column":12},"end":{"line":203,"column":57}},"119":{"start":{"line":204,"column":12},"end":{"line":204,"column":51}},"120":{"start":{"line":207,"column":4},"end":{"line":292,"column":7}},"121":{"start":{"line":208,"column":8},"end":{"line":214,"column":11}},"122":{"start":{"line":209,"column":12},"end":{"line":213,"column":14}},"123":{"start":{"line":215,"column":8},"end":{"line":254,"column":12}},"124":{"start":{"line":215,"column":47},"end":{"line":254,"column":10}},"125":{"start":{"line":216,"column":36},"end":{"line":231,"column":13}},"126":{"start":{"line":232,"column":25},"end":{"line":242,"column":13}},"127":{"start":{"line":243,"column":12},"end":{"line":243,"column":60}},"128":{"start":{"line":244,"column":32},"end":{"line":244,"column":121}},"129":{"start":{"line":245,"column":29},"end":{"line":245,"column":71}},"130":{"start":{"line":246,"column":12},"end":{"line":246,"column":75}},"131":{"start":{"line":247,"column":12},"end":{"line":247,"column":59}},"132":{"start":{"line":248,"column":12},"end":{"line":248,"column":47}},"133":{"start":{"line":249,"column":12},"end":{"line":249,"column":57}},"134":{"start":{"line":250,"column":12},"end":{"line":250,"column":52}},"135":{"start":{"line":251,"column":12},"end":{"line":251,"column":57}},"136":{"start":{"line":252,"column":12},"end":{"line":252,"column":57}},"137":{"start":{"line":253,"column":12},"end":{"line":253,"column":52}},"138":{"start":{"line":255,"column":8},"end":{"line":259,"column":12}},"139":{"start":{"line":255,"column":39},"end":{"line":259,"column":10}},"140":{"start":{"line":256,"column":26},"end":{"line":256,"column":37}},"141":{"start":{"line":257,"column":12},"end":{"line":257,"column":60}},"142":{"start":{"line":258,"column":12},"end":{"line":258,"column":78}},"143":{"start":{"line":260,"column":8},"end":{"line":275,"column":12}},"144":{"start":{"line":260,"column":65},"end":{"line":275,"column":10}},"145":{"start":{"line":261,"column":35},"end":{"line":264,"column":13}},"146":{"start":{"line":265,"column":26},"end":{"line":267,"column":13}},"147":{"start":{"line":268,"column":12},"end":{"line":268,"column":54}},"148":{"start":{"line":269,"column":30},"end":{"line":270,"column":40}},"149":{"start":{"line":271,"column":29},"end":{"line":271,"column":71}},"150":{"start":{"line":272,"column":12},"end":{"line":272,"column":75}},"151":{"start":{"line":273,"column":12},"end":{"line":273,"column":57}},"152":{"start":{"line":274,"column":12},"end":{"line":274,"column":51}},"153":{"start":{"line":276,"column":8},"end":{"line":291,"column":12}},"154":{"start":{"line":276,"column":71},"end":{"line":291,"column":10}},"155":{"start":{"line":277,"column":35},"end":{"line":280,"column":13}},"156":{"start":{"line":281,"column":26},"end":{"line":283,"column":13}},"157":{"start":{"line":284,"column":12},"end":{"line":284,"column":54}},"158":{"start":{"line":285,"column":30},"end":{"line":286,"column":40}},"159":{"start":{"line":287,"column":29},"end":{"line":287,"column":71}},"160":{"start":{"line":288,"column":12},"end":{"line":288,"column":75}},"161":{"start":{"line":289,"column":12},"end":{"line":289,"column":57}},"162":{"start":{"line":290,"column":12},"end":{"line":290,"column":51}},"163":{"start":{"line":293,"column":4},"end":{"line":368,"column":7}},"164":{"start":{"line":294,"column":8},"end":{"line":306,"column":11}},"165":{"start":{"line":295,"column":12},"end":{"line":305,"column":14}},"166":{"start":{"line":307,"column":8},"end":{"line":346,"column":12}},"167":{"start":{"line":307,"column":35},"end":{"line":346,"column":10}},"168":{"start":{"line":308,"column":36},"end":{"line":323,"column":13}},"169":{"start":{"line":324,"column":25},"end":{"line":334,"column":13}},"170":{"start":{"line":335,"column":12},"end":{"line":335,"column":54}},"171":{"start":{"line":336,"column":32},"end":{"line":336,"column":121}},"172":{"start":{"line":337,"column":29},"end":{"line":337,"column":65}},"173":{"start":{"line":338,"column":12},"end":{"line":338,"column":69}},"174":{"start":{"line":339,"column":12},"end":{"line":339,"column":59}},"175":{"start":{"line":340,"column":12},"end":{"line":340,"column":47}},"176":{"start":{"line":341,"column":12},"end":{"line":341,"column":57}},"177":{"start":{"line":342,"column":12},"end":{"line":342,"column":52}},"178":{"start":{"line":343,"column":12},"end":{"line":343,"column":57}},"179":{"start":{"line":344,"column":12},"end":{"line":344,"column":57}},"180":{"start":{"line":345,"column":12},"end":{"line":345,"column":52}},"181":{"start":{"line":347,"column":8},"end":{"line":351,"column":12}},"182":{"start":{"line":347,"column":39},"end":{"line":351,"column":10}},"183":{"start":{"line":348,"column":26},"end":{"line":348,"column":37}},"184":{"start":{"line":349,"column":12},"end":{"line":349,"column":54}},"185":{"start":{"line":350,"column":12},"end":{"line":350,"column":72}},"186":{"start":{"line":352,"column":8},"end":{"line":367,"column":12}},"187":{"start":{"line":352,"column":71},"end":{"line":367,"column":10}},"188":{"start":{"line":353,"column":35},"end":{"line":356,"column":13}},"189":{"start":{"line":357,"column":26},"end":{"line":359,"column":13}},"190":{"start":{"line":360,"column":12},"end":{"line":360,"column":48}},"191":{"start":{"line":361,"column":30},"end":{"line":362,"column":40}},"192":{"start":{"line":363,"column":29},"end":{"line":363,"column":65}},"193":{"start":{"line":364,"column":12},"end":{"line":364,"column":69}},"194":{"start":{"line":365,"column":12},"end":{"line":365,"column":57}},"195":{"start":{"line":366,"column":12},"end":{"line":366,"column":51}},"196":{"start":{"line":369,"column":4},"end":{"line":454,"column":7}},"197":{"start":{"line":370,"column":8},"end":{"line":376,"column":11}},"198":{"start":{"line":371,"column":12},"end":{"line":375,"column":14}},"199":{"start":{"line":377,"column":8},"end":{"line":416,"column":12}},"200":{"start":{"line":377,"column":52},"end":{"line":416,"column":10}},"201":{"start":{"line":378,"column":36},"end":{"line":393,"column":13}},"202":{"start":{"line":394,"column":25},"end":{"line":404,"column":13}},"203":{"start":{"line":405,"column":12},"end":{"line":405,"column":57}},"204":{"start":{"line":406,"column":32},"end":{"line":406,"column":121}},"205":{"start":{"line":407,"column":29},"end":{"line":407,"column":68}},"206":{"start":{"line":408,"column":12},"end":{"line":408,"column":72}},"207":{"start":{"line":409,"column":12},"end":{"line":409,"column":59}},"208":{"start":{"line":410,"column":12},"end":{"line":410,"column":47}},"209":{"start":{"line":411,"column":12},"end":{"line":411,"column":57}},"210":{"start":{"line":412,"column":12},"end":{"line":412,"column":52}},"211":{"start":{"line":413,"column":12},"end":{"line":413,"column":57}},"212":{"start":{"line":414,"column":12},"end":{"line":414,"column":57}},"213":{"start":{"line":415,"column":12},"end":{"line":415,"column":52}},"214":{"start":{"line":417,"column":8},"end":{"line":421,"column":12}},"215":{"start":{"line":417,"column":39},"end":{"line":421,"column":10}},"216":{"start":{"line":418,"column":26},"end":{"line":418,"column":37}},"217":{"start":{"line":419,"column":12},"end":{"line":419,"column":57}},"218":{"start":{"line":420,"column":12},"end":{"line":420,"column":75}},"219":{"start":{"line":422,"column":8},"end":{"line":437,"column":12}},"220":{"start":{"line":422,"column":71},"end":{"line":437,"column":10}},"221":{"start":{"line":423,"column":35},"end":{"line":426,"column":13}},"222":{"start":{"line":427,"column":26},"end":{"line":429,"column":13}},"223":{"start":{"line":430,"column":12},"end":{"line":430,"column":51}},"224":{"start":{"line":431,"column":30},"end":{"line":432,"column":40}},"225":{"start":{"line":433,"column":29},"end":{"line":433,"column":68}},"226":{"start":{"line":434,"column":12},"end":{"line":434,"column":72}},"227":{"start":{"line":435,"column":12},"end":{"line":435,"column":57}},"228":{"start":{"line":436,"column":12},"end":{"line":436,"column":51}},"229":{"start":{"line":438,"column":8},"end":{"line":453,"column":12}},"230":{"start":{"line":438,"column":65},"end":{"line":453,"column":10}},"231":{"start":{"line":439,"column":35},"end":{"line":442,"column":13}},"232":{"start":{"line":443,"column":26},"end":{"line":445,"column":13}},"233":{"start":{"line":446,"column":12},"end":{"line":446,"column":51}},"234":{"start":{"line":447,"column":30},"end":{"line":448,"column":40}},"235":{"start":{"line":449,"column":29},"end":{"line":449,"column":68}},"236":{"start":{"line":450,"column":12},"end":{"line":450,"column":72}},"237":{"start":{"line":451,"column":12},"end":{"line":451,"column":57}},"238":{"start":{"line":452,"column":12},"end":{"line":452,"column":51}},"239":{"start":{"line":455,"column":4},"end":{"line":540,"column":7}},"240":{"start":{"line":456,"column":8},"end":{"line":462,"column":11}},"241":{"start":{"line":457,"column":12},"end":{"line":461,"column":14}},"242":{"start":{"line":463,"column":8},"end":{"line":502,"column":12}},"243":{"start":{"line":463,"column":52},"end":{"line":502,"column":10}},"244":{"start":{"line":464,"column":36},"end":{"line":479,"column":13}},"245":{"start":{"line":480,"column":25},"end":{"line":490,"column":13}},"246":{"start":{"line":491,"column":12},"end":{"line":491,"column":57}},"247":{"start":{"line":492,"column":32},"end":{"line":492,"column":121}},"248":{"start":{"line":493,"column":29},"end":{"line":493,"column":68}},"249":{"start":{"line":494,"column":12},"end":{"line":494,"column":72}},"250":{"start":{"line":495,"column":12},"end":{"line":495,"column":59}},"251":{"start":{"line":496,"column":12},"end":{"line":496,"column":47}},"252":{"start":{"line":497,"column":12},"end":{"line":497,"column":57}},"253":{"start":{"line":498,"column":12},"end":{"line":498,"column":52}},"254":{"start":{"line":499,"column":12},"end":{"line":499,"column":57}},"255":{"start":{"line":500,"column":12},"end":{"line":500,"column":57}},"256":{"start":{"line":501,"column":12},"end":{"line":501,"column":52}},"257":{"start":{"line":503,"column":8},"end":{"line":507,"column":12}},"258":{"start":{"line":503,"column":39},"end":{"line":507,"column":10}},"259":{"start":{"line":504,"column":26},"end":{"line":504,"column":37}},"260":{"start":{"line":505,"column":12},"end":{"line":505,"column":57}},"261":{"start":{"line":506,"column":12},"end":{"line":506,"column":75}},"262":{"start":{"line":508,"column":8},"end":{"line":523,"column":12}},"263":{"start":{"line":508,"column":71},"end":{"line":523,"column":10}},"264":{"start":{"line":509,"column":35},"end":{"line":512,"column":13}},"265":{"start":{"line":513,"column":26},"end":{"line":515,"column":13}},"266":{"start":{"line":516,"column":12},"end":{"line":516,"column":51}},"267":{"start":{"line":517,"column":30},"end":{"line":518,"column":40}},"268":{"start":{"line":519,"column":29},"end":{"line":519,"column":68}},"269":{"start":{"line":520,"column":12},"end":{"line":520,"column":72}},"270":{"start":{"line":521,"column":12},"end":{"line":521,"column":57}},"271":{"start":{"line":522,"column":12},"end":{"line":522,"column":51}},"272":{"start":{"line":524,"column":8},"end":{"line":539,"column":12}},"273":{"start":{"line":524,"column":65},"end":{"line":539,"column":10}},"274":{"start":{"line":525,"column":35},"end":{"line":528,"column":13}},"275":{"start":{"line":529,"column":26},"end":{"line":531,"column":13}},"276":{"start":{"line":532,"column":12},"end":{"line":532,"column":51}},"277":{"start":{"line":533,"column":30},"end":{"line":534,"column":40}},"278":{"start":{"line":535,"column":29},"end":{"line":535,"column":68}},"279":{"start":{"line":536,"column":12},"end":{"line":536,"column":72}},"280":{"start":{"line":537,"column":12},"end":{"line":537,"column":57}},"281":{"start":{"line":538,"column":12},"end":{"line":538,"column":51}}},"fnMap":{"0":{"name":"(anonymous_0)","decl":{"start":{"line":2,"column":44},"end":{"line":2,"column":45}},"loc":{"start":{"line":2,"column":89},"end":{"line":9,"column":1}},"line":2},"1":{"name":"(anonymous_1)","decl":{"start":{"line":3,"column":36},"end":{"line":3,"column":37}},"loc":{"start":{"line":3,"column":63},"end":{"line":8,"column":5}},"line":3},"2":{"name":"fulfilled","decl":{"start":{"line":4,"column":17},"end":{"line":4,"column":26}},"loc":{"start":{"line":4,"column":34},"end":{"line":4,"column":99}},"line":4},"3":{"name":"rejected","decl":{"start":{"line":5,"column":17},"end":{"line":5,"column":25}},"loc":{"start":{"line":5,"column":33},"end":{"line":5,"column":102}},"line":5},"4":{"name":"step","decl":{"start":{"line":6,"column":17},"end":{"line":6,"column":21}},"loc":{"start":{"line":6,"column":30},"end":{"line":6,"column":151}},"line":6},"5":{"name":"(anonymous_5)","decl":{"start":{"line":6,"column":76},"end":{"line":6,"column":77}},"loc":{"start":{"line":6,"column":95},"end":{"line":6,"column":121}},"line":6},"6":{"name":"(anonymous_6)","decl":{"start":{"line":10,"column":56},"end":{"line":10,"column":57}},"loc":{"start":{"line":10,"column":71},"end":{"line":12,"column":1}},"line":10},"7":{"name":"(anonymous_7)","decl":{"start":{"line":26,"column":32},"end":{"line":26,"column":33}},"loc":{"start":{"line":26,"column":38},"end":{"line":541,"column":1}},"line":26},"8":{"name":"(anonymous_8)","decl":{"start":{"line":31,"column":15},"end":{"line":31,"column":16}},"loc":{"start":{"line":31,"column":21},"end":{"line":35,"column":5}},"line":31},"9":{"name":"(anonymous_9)","decl":{"start":{"line":37,"column":8},"end":{"line":37,"column":9}},"loc":{"start":{"line":37,"column":18},"end":{"line":37,"column":54}},"line":37},"10":{"name":"(anonymous_10)","decl":{"start":{"line":39,"column":40},"end":{"line":39,"column":41}},"loc":{"start":{"line":39,"column":46},"end":{"line":120,"column":5}},"line":39},"11":{"name":"(anonymous_11)","decl":{"start":{"line":40,"column":33},"end":{"line":40,"column":34}},"loc":{"start":{"line":40,"column":39},"end":{"line":80,"column":10}},"line":40},"12":{"name":"(anonymous_12)","decl":{"start":{"line":40,"column":71},"end":{"line":40,"column":72}},"loc":{"start":{"line":40,"column":84},"end":{"line":80,"column":9}},"line":40},"13":{"name":"(anonymous_13)","decl":{"start":{"line":81,"column":33},"end":{"line":81,"column":34}},"loc":{"start":{"line":81,"column":39},"end":{"line":85,"column":10}},"line":81},"14":{"name":"(anonymous_14)","decl":{"start":{"line":81,"column":71},"end":{"line":81,"column":72}},"loc":{"start":{"line":81,"column":84},"end":{"line":85,"column":9}},"line":81},"15":{"name":"(anonymous_15)","decl":{"start":{"line":86,"column":59},"end":{"line":86,"column":60}},"loc":{"start":{"line":86,"column":65},"end":{"line":102,"column":10}},"line":86},"16":{"name":"(anonymous_16)","decl":{"start":{"line":86,"column":97},"end":{"line":86,"column":98}},"loc":{"start":{"line":86,"column":110},"end":{"line":102,"column":9}},"line":86},"17":{"name":"(anonymous_17)","decl":{"start":{"line":103,"column":56},"end":{"line":103,"column":57}},"loc":{"start":{"line":103,"column":62},"end":{"line":119,"column":10}},"line":103},"18":{"name":"(anonymous_18)","decl":{"start":{"line":103,"column":94},"end":{"line":103,"column":95}},"loc":{"start":{"line":103,"column":107},"end":{"line":119,"column":9}},"line":103},"19":{"name":"(anonymous_19)","decl":{"start":{"line":121,"column":42},"end":{"line":121,"column":43}},"loc":{"start":{"line":121,"column":48},"end":{"line":206,"column":5}},"line":121},"20":{"name":"(anonymous_20)","decl":{"start":{"line":122,"column":15},"end":{"line":122,"column":16}},"loc":{"start":{"line":122,"column":21},"end":{"line":128,"column":9}},"line":122},"21":{"name":"(anonymous_21)","decl":{"start":{"line":129,"column":39},"end":{"line":129,"column":40}},"loc":{"start":{"line":129,"column":45},"end":{"line":168,"column":10}},"line":129},"22":{"name":"(anonymous_22)","decl":{"start":{"line":129,"column":77},"end":{"line":129,"column":78}},"loc":{"start":{"line":129,"column":90},"end":{"line":168,"column":9}},"line":129},"23":{"name":"(anonymous_23)","decl":{"start":{"line":169,"column":33},"end":{"line":169,"column":34}},"loc":{"start":{"line":169,"column":39},"end":{"line":173,"column":10}},"line":169},"24":{"name":"(anonymous_24)","decl":{"start":{"line":169,"column":71},"end":{"line":169,"column":72}},"loc":{"start":{"line":169,"column":84},"end":{"line":173,"column":9}},"line":169},"25":{"name":"(anonymous_25)","decl":{"start":{"line":174,"column":59},"end":{"line":174,"column":60}},"loc":{"start":{"line":174,"column":65},"end":{"line":189,"column":10}},"line":174},"26":{"name":"(anonymous_26)","decl":{"start":{"line":174,"column":97},"end":{"line":174,"column":98}},"loc":{"start":{"line":174,"column":110},"end":{"line":189,"column":9}},"line":174},"27":{"name":"(anonymous_27)","decl":{"start":{"line":190,"column":65},"end":{"line":190,"column":66}},"loc":{"start":{"line":190,"column":71},"end":{"line":205,"column":10}},"line":190},"28":{"name":"(anonymous_28)","decl":{"start":{"line":190,"column":103},"end":{"line":190,"column":104}},"loc":{"start":{"line":190,"column":116},"end":{"line":205,"column":9}},"line":190},"29":{"name":"(anonymous_29)","decl":{"start":{"line":207,"column":44},"end":{"line":207,"column":45}},"loc":{"start":{"line":207,"column":50},"end":{"line":292,"column":5}},"line":207},"30":{"name":"(anonymous_30)","decl":{"start":{"line":208,"column":15},"end":{"line":208,"column":16}},"loc":{"start":{"line":208,"column":21},"end":{"line":214,"column":9}},"line":208},"31":{"name":"(anonymous_31)","decl":{"start":{"line":215,"column":41},"end":{"line":215,"column":42}},"loc":{"start":{"line":215,"column":47},"end":{"line":254,"column":10}},"line":215},"32":{"name":"(anonymous_32)","decl":{"start":{"line":215,"column":79},"end":{"line":215,"column":80}},"loc":{"start":{"line":215,"column":92},"end":{"line":254,"column":9}},"line":215},"33":{"name":"(anonymous_33)","decl":{"start":{"line":255,"column":33},"end":{"line":255,"column":34}},"loc":{"start":{"line":255,"column":39},"end":{"line":259,"column":10}},"line":255},"34":{"name":"(anonymous_34)","decl":{"start":{"line":255,"column":71},"end":{"line":255,"column":72}},"loc":{"start":{"line":255,"column":84},"end":{"line":259,"column":9}},"line":255},"35":{"name":"(anonymous_35)","decl":{"start":{"line":260,"column":59},"end":{"line":260,"column":60}},"loc":{"start":{"line":260,"column":65},"end":{"line":275,"column":10}},"line":260},"36":{"name":"(anonymous_36)","decl":{"start":{"line":260,"column":97},"end":{"line":260,"column":98}},"loc":{"start":{"line":260,"column":110},"end":{"line":275,"column":9}},"line":260},"37":{"name":"(anonymous_37)","decl":{"start":{"line":276,"column":65},"end":{"line":276,"column":66}},"loc":{"start":{"line":276,"column":71},"end":{"line":291,"column":10}},"line":276},"38":{"name":"(anonymous_38)","decl":{"start":{"line":276,"column":103},"end":{"line":276,"column":104}},"loc":{"start":{"line":276,"column":116},"end":{"line":291,"column":9}},"line":276},"39":{"name":"(anonymous_39)","decl":{"start":{"line":293,"column":36},"end":{"line":293,"column":37}},"loc":{"start":{"line":293,"column":42},"end":{"line":368,"column":5}},"line":293},"40":{"name":"(anonymous_40)","decl":{"start":{"line":294,"column":15},"end":{"line":294,"column":16}},"loc":{"start":{"line":294,"column":21},"end":{"line":306,"column":9}},"line":294},"41":{"name":"(anonymous_41)","decl":{"start":{"line":307,"column":29},"end":{"line":307,"column":30}},"loc":{"start":{"line":307,"column":35},"end":{"line":346,"column":10}},"line":307},"42":{"name":"(anonymous_42)","decl":{"start":{"line":307,"column":67},"end":{"line":307,"column":68}},"loc":{"start":{"line":307,"column":80},"end":{"line":346,"column":9}},"line":307},"43":{"name":"(anonymous_43)","decl":{"start":{"line":347,"column":33},"end":{"line":347,"column":34}},"loc":{"start":{"line":347,"column":39},"end":{"line":351,"column":10}},"line":347},"44":{"name":"(anonymous_44)","decl":{"start":{"line":347,"column":71},"end":{"line":347,"column":72}},"loc":{"start":{"line":347,"column":84},"end":{"line":351,"column":9}},"line":347},"45":{"name":"(anonymous_45)","decl":{"start":{"line":352,"column":65},"end":{"line":352,"column":66}},"loc":{"start":{"line":352,"column":71},"end":{"line":367,"column":10}},"line":352},"46":{"name":"(anonymous_46)","decl":{"start":{"line":352,"column":103},"end":{"line":352,"column":104}},"loc":{"start":{"line":352,"column":116},"end":{"line":367,"column":9}},"line":352},"47":{"name":"(anonymous_47)","decl":{"start":{"line":369,"column":44},"end":{"line":369,"column":45}},"loc":{"start":{"line":369,"column":50},"end":{"line":454,"column":5}},"line":369},"48":{"name":"(anonymous_48)","decl":{"start":{"line":370,"column":15},"end":{"line":370,"column":16}},"loc":{"start":{"line":370,"column":21},"end":{"line":376,"column":9}},"line":370},"49":{"name":"(anonymous_49)","decl":{"start":{"line":377,"column":46},"end":{"line":377,"column":47}},"loc":{"start":{"line":377,"column":52},"end":{"line":416,"column":10}},"line":377},"50":{"name":"(anonymous_50)","decl":{"start":{"line":377,"column":84},"end":{"line":377,"column":85}},"loc":{"start":{"line":377,"column":97},"end":{"line":416,"column":9}},"line":377},"51":{"name":"(anonymous_51)","decl":{"start":{"line":417,"column":33},"end":{"line":417,"column":34}},"loc":{"start":{"line":417,"column":39},"end":{"line":421,"column":10}},"line":417},"52":{"name":"(anonymous_52)","decl":{"start":{"line":417,"column":71},"end":{"line":417,"column":72}},"loc":{"start":{"line":417,"column":84},"end":{"line":421,"column":9}},"line":417},"53":{"name":"(anonymous_53)","decl":{"start":{"line":422,"column":65},"end":{"line":422,"column":66}},"loc":{"start":{"line":422,"column":71},"end":{"line":437,"column":10}},"line":422},"54":{"name":"(anonymous_54)","decl":{"start":{"line":422,"column":103},"end":{"line":422,"column":104}},"loc":{"start":{"line":422,"column":116},"end":{"line":437,"column":9}},"line":422},"55":{"name":"(anonymous_55)","decl":{"start":{"line":438,"column":59},"end":{"line":438,"column":60}},"loc":{"start":{"line":438,"column":65},"end":{"line":453,"column":10}},"line":438},"56":{"name":"(anonymous_56)","decl":{"start":{"line":438,"column":97},"end":{"line":438,"column":98}},"loc":{"start":{"line":438,"column":110},"end":{"line":453,"column":9}},"line":438},"57":{"name":"(anonymous_57)","decl":{"start":{"line":455,"column":44},"end":{"line":455,"column":45}},"loc":{"start":{"line":455,"column":50},"end":{"line":540,"column":5}},"line":455},"58":{"name":"(anonymous_58)","decl":{"start":{"line":456,"column":15},"end":{"line":456,"column":16}},"loc":{"start":{"line":456,"column":21},"end":{"line":462,"column":9}},"line":456},"59":{"name":"(anonymous_59)","decl":{"start":{"line":463,"column":46},"end":{"line":463,"column":47}},"loc":{"start":{"line":463,"column":52},"end":{"line":502,"column":10}},"line":463},"60":{"name":"(anonymous_60)","decl":{"start":{"line":463,"column":84},"end":{"line":463,"column":85}},"loc":{"start":{"line":463,"column":97},"end":{"line":502,"column":9}},"line":463},"61":{"name":"(anonymous_61)","decl":{"start":{"line":503,"column":33},"end":{"line":503,"column":34}},"loc":{"start":{"line":503,"column":39},"end":{"line":507,"column":10}},"line":503},"62":{"name":"(anonymous_62)","decl":{"start":{"line":503,"column":71},"end":{"line":503,"column":72}},"loc":{"start":{"line":503,"column":84},"end":{"line":507,"column":9}},"line":503},"63":{"name":"(anonymous_63)","decl":{"start":{"line":508,"column":65},"end":{"line":508,"column":66}},"loc":{"start":{"line":508,"column":71},"end":{"line":523,"column":10}},"line":508},"64":{"name":"(anonymous_64)","decl":{"start":{"line":508,"column":103},"end":{"line":508,"column":104}},"loc":{"start":{"line":508,"column":116},"end":{"line":523,"column":9}},"line":508},"65":{"name":"(anonymous_65)","decl":{"start":{"line":524,"column":59},"end":{"line":524,"column":60}},"loc":{"start":{"line":524,"column":65},"end":{"line":539,"column":10}},"line":524},"66":{"name":"(anonymous_66)","decl":{"start":{"line":524,"column":97},"end":{"line":524,"column":98}},"loc":{"start":{"line":524,"column":110},"end":{"line":539,"column":9}},"line":524}},"branchMap":{"0":{"loc":{"start":{"line":2,"column":16},"end":{"line":9,"column":1}},"type":"binary-expr","locations":[{"start":{"line":2,"column":17},"end":{"line":2,"column":21}},{"start":{"line":2,"column":25},"end":{"line":2,"column":39}},{"start":{"line":2,"column":44},"end":{"line":9,"column":1}}],"line":2},"1":{"loc":{"start":{"line":3,"column":16},"end":{"line":3,"column":34}},"type":"binary-expr","locations":[{"start":{"line":3,"column":16},"end":{"line":3,"column":17}},{"start":{"line":3,"column":22},"end":{"line":3,"column":33}}],"line":3},"2":{"loc":{"start":{"line":6,"column":32},"end":{"line":6,"column":148}},"type":"cond-expr","locations":[{"start":{"line":6,"column":46},"end":{"line":6,"column":67}},{"start":{"line":6,"column":70},"end":{"line":6,"column":148}}],"line":6},"3":{"loc":{"start":{"line":7,"column":51},"end":{"line":7,"column":67}},"type":"binary-expr","locations":[{"start":{"line":7,"column":51},"end":{"line":7,"column":61}},{"start":{"line":7,"column":65},"end":{"line":7,"column":67}}],"line":7},"4":{"loc":{"start":{"line":10,"column":22},"end":{"line":12,"column":1}},"type":"binary-expr","locations":[{"start":{"line":10,"column":23},"end":{"line":10,"column":27}},{"start":{"line":10,"column":31},"end":{"line":10,"column":51}},{"start":{"line":10,"column":56},"end":{"line":12,"column":1}}],"line":10},"5":{"loc":{"start":{"line":11,"column":11},"end":{"line":11,"column":61}},"type":"cond-expr","locations":[{"start":{"line":11,"column":37},"end":{"line":11,"column":40}},{"start":{"line":11,"column":43},"end":{"line":11,"column":61}}],"line":11},"6":{"loc":{"start":{"line":11,"column":12},"end":{"line":11,"column":33}},"type":"binary-expr","locations":[{"start":{"line":11,"column":12},"end":{"line":11,"column":15}},{"start":{"line":11,"column":19},"end":{"line":11,"column":33}}],"line":11}},"s":{"0":1,"1":23,"2":52,"3":52,"4":0,"5":0,"6":0,"7":0,"8":75,"9":52,"10":23,"11":1,"12":6,"13":1,"14":1,"15":1,"16":1,"17":1,"18":1,"19":1,"20":1,"21":1,"22":1,"23":1,"24":1,"25":1,"26":1,"27":1,"28":23,"29":23,"30":23,"31":1,"32":22,"33":1,"34":1,"35":1,"36":1,"37":1,"38":1,"39":1,"40":1,"41":1,"42":1,"43":1,"44":1,"45":1,"46":1,"47":1,"48":1,"49":1,"50":1,"51":1,"52":1,"53":1,"54":1,"55":1,"56":1,"57":1,"58":1,"59":1,"60":1,"61":1,"62":1,"63":1,"64":1,"65":1,"66":1,"67":1,"68":1,"69":1,"70":1,"71":1,"72":1,"73":1,"74":1,"75":1,"76":1,"77":1,"78":1,"79":1,"80":1,"81":1,"82":1,"83":1,"84":1,"85":1,"86":1,"87":1,"88":1,"89":1,"90":1,"91":1,"92":1,"93":1,"94":1,"95":1,"96":1,"97":1,"98":1,"99":1,"100":1,"101":1,"102":1,"103":1,"104":1,"105":1,"106":1,"107":1,"108":1,"109":1,"110":1,"111":1,"112":1,"113":1,"114":1,"115":1,"116":1,"117":1,"118":1,"119":1,"120":1,"121":1,"122":1,"123":1,"124":1,"125":1,"126":1,"127":1,"128":1,"129":1,"130":1,"131":1,"132":1,"133":1,"134":1,"135":1,"136":1,"137":1,"138":1,"139":1,"140":1,"141":1,"142":1,"143":1,"144":1,"145":1,"146":1,"147":1,"148":1,"149":1,"150":1,"151":1,"152":1,"153":1,"154":1,"155":1,"156":1,"157":1,"158":1,"159":1,"160":1,"161":1,"162":1,"163":1,"164":1,"165":1,"166":1,"167":1,"168":1,"169":1,"170":1,"171":1,"172":1,"173":1,"174":1,"175":1,"176":1,"177":1,"178":1,"179":1,"180":1,"181":1,"182":1,"183":1,"184":1,"185":1,"186":1,"187":1,"188":1,"189":1,"190":1,"191":1,"192":1,"193":1,"194":1,"195":1,"196":1,"197":1,"198":1,"199":1,"200":1,"201":1,"202":1,"203":1,"204":1,"205":1,"206":1,"207":1,"208":1,"209":1,"210":1,"211":1,"212":1,"213":1,"214":1,"215":1,"216":1,"217":1,"218":1,"219":1,"220":1,"221":1,"222":1,"223":1,"224":1,"225":1,"226":1,"227":1,"228":1,"229":1,"230":1,"231":1,"232":1,"233":1,"234":1,"235":1,"236":1,"237":1,"238":1,"239":1,"240":1,"241":1,"242":1,"243":1,"244":1,"245":1,"246":1,"247":1,"248":1,"249":1,"250":1,"251":1,"252":1,"253":1,"254":1,"255":1,"256":1,"257":1,"258":1,"259":1,"260":1,"261":1,"262":1,"263":1,"264":1,"265":1,"266":1,"267":1,"268":1,"269":1,"270":1,"271":1,"272":1,"273":1,"274":1,"275":1,"276":1,"277":1,"278":1,"279":1,"280":1,"281":1},"f":{"0":23,"1":23,"2":52,"3":0,"4":75,"5":52,"6":6,"7":1,"8":23,"9":22,"10":1,"11":1,"12":1,"13":1,"14":1,"15":1,"16":1,"17":1,"18":1,"19":1,"20":1,"21":1,"22":1,"23":1,"24":1,"25":1,"26":1,"27":1,"28":1,"29":1,"30":1,"31":1,"32":1,"33":1,"34":1,"35":1,"36":1,"37":1,"38":1,"39":1,"40":1,"41":1,"42":1,"43":1,"44":1,"45":1,"46":1,"47":1,"48":1,"49":1,"50":1,"51":1,"52":1,"53":1,"54":1,"55":1,"56":1,"57":1,"58":1,"59":1,"60":1,"61":1,"62":1,"63":1,"64":1,"65":1,"66":1},"b":{"0":[1,1,1],"1":[23,23],"2":[23,52],"3":[23,23],"4":[1,1,1],"5":[1,5],"6":[6,6]},"_coverageSchema":"43e27e138ebf9cfc5966b082cf9a028302ed4184","hash":"6207cbbdc6573d7746771cb1f22aa4ba643c8951","contentHash":"362d2a694f8c8aa9cd65ce2b5cf46af6d5e0a99a02add6d9023243d274d26ef1"},"/home/nineleaps/soumyaPetStore/app/repositories/petRepository.ts":{"path":"/home/nineleaps/soumyaPetStore/app/repositories/petRepository.ts","statementMap":{"0":{"start":{"line":2,"column":22},"end":{"line":4,"column":1}},"1":{"start":{"line":3,"column":4},"end":{"line":3,"column":62}},"2":{"start":{"line":5,"column":0},"end":{"line":5,"column":62}},"3":{"start":{"line":6,"column":14},"end":{"line":6,"column":55}},"4":{"start":{"line":9,"column":8},"end":{"line":11,"column":10}},"5":{"start":{"line":10,"column":12},"end":{"line":10,"column":42}},"6":{"start":{"line":12,"column":8},"end":{"line":14,"column":10}},"7":{"start":{"line":13,"column":12},"end":{"line":13,"column":46}},"8":{"start":{"line":15,"column":8},"end":{"line":17,"column":10}},"9":{"start":{"line":16,"column":12},"end":{"line":16,"column":48}},"10":{"start":{"line":18,"column":8},"end":{"line":20,"column":10}},"11":{"start":{"line":19,"column":12},"end":{"line":19,"column":66}},"12":{"start":{"line":21,"column":8},"end":{"line":23,"column":10}},"13":{"start":{"line":22,"column":12},"end":{"line":22,"column":55}},"14":{"start":{"line":24,"column":8},"end":{"line":26,"column":10}},"15":{"start":{"line":25,"column":12},"end":{"line":25,"column":80}},"16":{"start":{"line":29,"column":0},"end":{"line":29,"column":38}},"17":{"start":{"line":30,"column":0},"end":{"line":30,"column":32}}},"fnMap":{"0":{"name":"(anonymous_0)","decl":{"start":{"line":2,"column":56},"end":{"line":2,"column":57}},"loc":{"start":{"line":2,"column":71},"end":{"line":4,"column":1}},"line":2},"1":{"name":"(anonymous_1)","decl":{"start":{"line":8,"column":4},"end":{"line":8,"column":5}},"loc":{"start":{"line":8,"column":18},"end":{"line":27,"column":5}},"line":8},"2":{"name":"(anonymous_2)","decl":{"start":{"line":9,"column":22},"end":{"line":9,"column":23}},"loc":{"start":{"line":9,"column":28},"end":{"line":11,"column":9}},"line":9},"3":{"name":"(anonymous_3)","decl":{"start":{"line":12,"column":26},"end":{"line":12,"column":27}},"loc":{"start":{"line":12,"column":34},"end":{"line":14,"column":9}},"line":12},"4":{"name":"(anonymous_4)","decl":{"start":{"line":15,"column":22},"end":{"line":15,"column":23}},"loc":{"start":{"line":15,"column":34},"end":{"line":17,"column":9}},"line":15},"5":{"name":"(anonymous_5)","decl":{"start":{"line":18,"column":28},"end":{"line":18,"column":29}},"loc":{"start":{"line":18,"column":38},"end":{"line":20,"column":9}},"line":18},"6":{"name":"(anonymous_6)","decl":{"start":{"line":21,"column":25},"end":{"line":21,"column":26}},"loc":{"start":{"line":21,"column":33},"end":{"line":23,"column":9}},"line":21},"7":{"name":"(anonymous_7)","decl":{"start":{"line":24,"column":25},"end":{"line":24,"column":26}},"loc":{"start":{"line":24,"column":39},"end":{"line":26,"column":9}},"line":24}},"branchMap":{"0":{"loc":{"start":{"line":2,"column":22},"end":{"line":4,"column":1}},"type":"binary-expr","locations":[{"start":{"line":2,"column":23},"end":{"line":2,"column":27}},{"start":{"line":2,"column":31},"end":{"line":2,"column":51}},{"start":{"line":2,"column":56},"end":{"line":4,"column":1}}],"line":2},"1":{"loc":{"start":{"line":3,"column":11},"end":{"line":3,"column":61}},"type":"cond-expr","locations":[{"start":{"line":3,"column":37},"end":{"line":3,"column":40}},{"start":{"line":3,"column":43},"end":{"line":3,"column":61}}],"line":3},"2":{"loc":{"start":{"line":3,"column":12},"end":{"line":3,"column":33}},"type":"binary-expr","locations":[{"start":{"line":3,"column":12},"end":{"line":3,"column":15}},{"start":{"line":3,"column":19},"end":{"line":3,"column":33}}],"line":3}},"s":{"0":1,"1":1,"2":1,"3":1,"4":41,"5":1,"6":41,"7":1,"8":41,"9":1,"10":41,"11":1,"12":41,"13":1,"14":41,"15":1,"16":1,"17":1},"f":{"0":1,"1":41,"2":1,"3":1,"4":1,"5":1,"6":1,"7":1},"b":{"0":[1,1,1],"1":[1,0],"2":[1,1]},"_coverageSchema":"43e27e138ebf9cfc5966b082cf9a028302ed4184","hash":"971d8afcbcd9a70b013927c75f5aea0ef8c1c269","contentHash":"34e7a4d0d067ed023ffcb9950177724b275c932b42010506537d9240482aa343"},"/home/nineleaps/soumyaPetStore/app/models/pet.ts":{"path":"/home/nineleaps/soumyaPetStore/app/models/pet.ts","statementMap":{"0":{"start":{"line":2,"column":19},"end":{"line":8,"column":1}},"1":{"start":{"line":3,"column":4},"end":{"line":3,"column":42}},"2":{"start":{"line":3,"column":31},"end":{"line":3,"column":42}},"3":{"start":{"line":4,"column":17},"end":{"line":4,"column":19}},"4":{"start":{"line":5,"column":4},"end":{"line":5,"column":99}},"5":{"start":{"line":5,"column":21},"end":{"line":5,"column":99}},"6":{"start":{"line":5,"column":40},"end":{"line":5,"column":99}},"7":{"start":{"line":5,"column":80},"end":{"line":5,"column":99}},"8":{"start":{"line":6,"column":4},"end":{"line":6,"column":28}},"9":{"start":{"line":7,"column":4},"end":{"line":7,"column":18}},"10":{"start":{"line":9,"column":0},"end":{"line":9,"column":62}},"11":{"start":{"line":10,"column":17},"end":{"line":10,"column":50}},"12":{"start":{"line":11,"column":15},"end":{"line":11,"column":30}},"13":{"start":{"line":12,"column":0},"end":{"line":25,"column":3}},"14":{"start":{"line":26,"column":12},"end":{"line":26,"column":52}},"15":{"start":{"line":27,"column":0},"end":{"line":27,"column":22}}},"fnMap":{"0":{"name":"(anonymous_0)","decl":{"start":{"line":2,"column":50},"end":{"line":2,"column":51}},"loc":{"start":{"line":2,"column":65},"end":{"line":8,"column":1}},"line":2}},"branchMap":{"0":{"loc":{"start":{"line":2,"column":19},"end":{"line":8,"column":1}},"type":"binary-expr","locations":[{"start":{"line":2,"column":20},"end":{"line":2,"column":24}},{"start":{"line":2,"column":28},"end":{"line":2,"column":45}},{"start":{"line":2,"column":50},"end":{"line":8,"column":1}}],"line":2},"1":{"loc":{"start":{"line":3,"column":4},"end":{"line":3,"column":42}},"type":"if","locations":[{"start":{"line":3,"column":4},"end":{"line":3,"column":42}},{"start":{"line":3,"column":4},"end":{"line":3,"column":42}}],"line":3},"2":{"loc":{"start":{"line":3,"column":8},"end":{"line":3,"column":29}},"type":"binary-expr","locations":[{"start":{"line":3,"column":8},"end":{"line":3,"column":11}},{"start":{"line":3,"column":15},"end":{"line":3,"column":29}}],"line":3},"3":{"loc":{"start":{"line":5,"column":4},"end":{"line":5,"column":99}},"type":"if","locations":[{"start":{"line":5,"column":4},"end":{"line":5,"column":99}},{"start":{"line":5,"column":4},"end":{"line":5,"column":99}}],"line":5},"4":{"loc":{"start":{"line":5,"column":40},"end":{"line":5,"column":99}},"type":"if","locations":[{"start":{"line":5,"column":40},"end":{"line":5,"column":99}},{"start":{"line":5,"column":40},"end":{"line":5,"column":99}}],"line":5}},"s":{"0":1,"1":1,"2":0,"3":1,"4":1,"5":1,"6":44,"7":8,"8":1,"9":1,"10":1,"11":1,"12":1,"13":1,"14":1,"15":1},"f":{"0":1},"b":{"0":[1,1,1],"1":[0,1],"2":[1,1],"3":[1,0],"4":[8,36]},"_coverageSchema":"43e27e138ebf9cfc5966b082cf9a028302ed4184","hash":"24adffe990a8229b7ca69cf25f8537352c46106f","contentHash":"6f995f7728198889765d4be095f5b4ff5f8cbf2b1267382340d0746bdfc013d7"},"/home/nineleaps/soumyaPetStore/app/services/petService.ts":{"path":"/home/nineleaps/soumyaPetStore/app/services/petService.ts","statementMap":{"0":{"start":{"line":2,"column":16},"end":{"line":9,"column":1}},"1":{"start":{"line":3,"column":4},"end":{"line":8,"column":7}},"2":{"start":{"line":4,"column":36},"end":{"line":4,"column":97}},"3":{"start":{"line":4,"column":42},"end":{"line":4,"column":70}},"4":{"start":{"line":4,"column":85},"end":{"line":4,"column":95}},"5":{"start":{"line":5,"column":35},"end":{"line":5,"column":100}},"6":{"start":{"line":5,"column":41},"end":{"line":5,"column":73}},"7":{"start":{"line":5,"column":88},"end":{"line":5,"column":98}},"8":{"start":{"line":6,"column":32},"end":{"line":6,"column":149}},"9":{"start":{"line":6,"column":97},"end":{"line":6,"column":119}},"10":{"start":{"line":7,"column":8},"end":{"line":7,"column":78}},"11":{"start":{"line":10,"column":0},"end":{"line":10,"column":62}},"12":{"start":{"line":13,"column":8},"end":{"line":20,"column":11}},"13":{"start":{"line":13,"column":28},"end":{"line":20,"column":10}},"14":{"start":{"line":14,"column":12},"end":{"line":19,"column":13}},"15":{"start":{"line":15,"column":16},"end":{"line":15,"column":57}},"16":{"start":{"line":18,"column":16},"end":{"line":18,"column":28}},"17":{"start":{"line":21,"column":8},"end":{"line":28,"column":11}},"18":{"start":{"line":21,"column":34},"end":{"line":28,"column":10}},"19":{"start":{"line":22,"column":12},"end":{"line":27,"column":13}},"20":{"start":{"line":23,"column":16},"end":{"line":23,"column":63}},"21":{"start":{"line":26,"column":16},"end":{"line":26,"column":28}},"22":{"start":{"line":29,"column":8},"end":{"line":36,"column":11}},"23":{"start":{"line":29,"column":34},"end":{"line":36,"column":10}},"24":{"start":{"line":30,"column":12},"end":{"line":35,"column":13}},"25":{"start":{"line":31,"column":16},"end":{"line":31,"column":56}},"26":{"start":{"line":34,"column":16},"end":{"line":34,"column":28}},"27":{"start":{"line":37,"column":8},"end":{"line":44,"column":11}},"28":{"start":{"line":37,"column":38},"end":{"line":44,"column":10}},"29":{"start":{"line":38,"column":12},"end":{"line":43,"column":13}},"30":{"start":{"line":39,"column":16},"end":{"line":39,"column":67}},"31":{"start":{"line":42,"column":16},"end":{"line":42,"column":28}},"32":{"start":{"line":45,"column":8},"end":{"line":52,"column":11}},"33":{"start":{"line":45,"column":33},"end":{"line":52,"column":10}},"34":{"start":{"line":46,"column":12},"end":{"line":51,"column":13}},"35":{"start":{"line":47,"column":16},"end":{"line":47,"column":62}},"36":{"start":{"line":50,"column":16},"end":{"line":50,"column":28}},"37":{"start":{"line":53,"column":8},"end":{"line":60,"column":11}},"38":{"start":{"line":53,"column":39},"end":{"line":60,"column":10}},"39":{"start":{"line":54,"column":12},"end":{"line":59,"column":13}},"40":{"start":{"line":55,"column":16},"end":{"line":55,"column":68}},"41":{"start":{"line":58,"column":16},"end":{"line":58,"column":28}},"42":{"start":{"line":61,"column":8},"end":{"line":61,"column":43}},"43":{"start":{"line":64,"column":0},"end":{"line":64,"column":32}},"44":{"start":{"line":65,"column":0},"end":{"line":65,"column":29}}},"fnMap":{"0":{"name":"(anonymous_0)","decl":{"start":{"line":2,"column":44},"end":{"line":2,"column":45}},"loc":{"start":{"line":2,"column":89},"end":{"line":9,"column":1}},"line":2},"1":{"name":"(anonymous_1)","decl":{"start":{"line":3,"column":36},"end":{"line":3,"column":37}},"loc":{"start":{"line":3,"column":63},"end":{"line":8,"column":5}},"line":3},"2":{"name":"fulfilled","decl":{"start":{"line":4,"column":17},"end":{"line":4,"column":26}},"loc":{"start":{"line":4,"column":34},"end":{"line":4,"column":99}},"line":4},"3":{"name":"rejected","decl":{"start":{"line":5,"column":17},"end":{"line":5,"column":25}},"loc":{"start":{"line":5,"column":33},"end":{"line":5,"column":102}},"line":5},"4":{"name":"step","decl":{"start":{"line":6,"column":17},"end":{"line":6,"column":21}},"loc":{"start":{"line":6,"column":30},"end":{"line":6,"column":151}},"line":6},"5":{"name":"(anonymous_5)","decl":{"start":{"line":6,"column":76},"end":{"line":6,"column":77}},"loc":{"start":{"line":6,"column":95},"end":{"line":6,"column":121}},"line":6},"6":{"name":"(anonymous_6)","decl":{"start":{"line":12,"column":4},"end":{"line":12,"column":5}},"loc":{"start":{"line":12,"column":31},"end":{"line":62,"column":5}},"line":12},"7":{"name":"(anonymous_7)","decl":{"start":{"line":13,"column":22},"end":{"line":13,"column":23}},"loc":{"start":{"line":13,"column":28},"end":{"line":20,"column":10}},"line":13},"8":{"name":"(anonymous_8)","decl":{"start":{"line":13,"column":60},"end":{"line":13,"column":61}},"loc":{"start":{"line":13,"column":73},"end":{"line":20,"column":9}},"line":13},"9":{"name":"(anonymous_9)","decl":{"start":{"line":21,"column":26},"end":{"line":21,"column":27}},"loc":{"start":{"line":21,"column":34},"end":{"line":28,"column":10}},"line":21},"10":{"name":"(anonymous_10)","decl":{"start":{"line":21,"column":66},"end":{"line":21,"column":67}},"loc":{"start":{"line":21,"column":79},"end":{"line":28,"column":9}},"line":21},"11":{"name":"(anonymous_11)","decl":{"start":{"line":29,"column":22},"end":{"line":29,"column":23}},"loc":{"start":{"line":29,"column":34},"end":{"line":36,"column":10}},"line":29},"12":{"name":"(anonymous_12)","decl":{"start":{"line":29,"column":66},"end":{"line":29,"column":67}},"loc":{"start":{"line":29,"column":79},"end":{"line":36,"column":9}},"line":29},"13":{"name":"(anonymous_13)","decl":{"start":{"line":37,"column":28},"end":{"line":37,"column":29}},"loc":{"start":{"line":37,"column":38},"end":{"line":44,"column":10}},"line":37},"14":{"name":"(anonymous_14)","decl":{"start":{"line":37,"column":70},"end":{"line":37,"column":71}},"loc":{"start":{"line":37,"column":83},"end":{"line":44,"column":9}},"line":37},"15":{"name":"(anonymous_15)","decl":{"start":{"line":45,"column":25},"end":{"line":45,"column":26}},"loc":{"start":{"line":45,"column":33},"end":{"line":52,"column":10}},"line":45},"16":{"name":"(anonymous_16)","decl":{"start":{"line":45,"column":65},"end":{"line":45,"column":66}},"loc":{"start":{"line":45,"column":78},"end":{"line":52,"column":9}},"line":45},"17":{"name":"(anonymous_17)","decl":{"start":{"line":53,"column":25},"end":{"line":53,"column":26}},"loc":{"start":{"line":53,"column":39},"end":{"line":60,"column":10}},"line":53},"18":{"name":"(anonymous_18)","decl":{"start":{"line":53,"column":71},"end":{"line":53,"column":72}},"loc":{"start":{"line":53,"column":84},"end":{"line":60,"column":9}},"line":53}},"branchMap":{"0":{"loc":{"start":{"line":2,"column":16},"end":{"line":9,"column":1}},"type":"binary-expr","locations":[{"start":{"line":2,"column":17},"end":{"line":2,"column":21}},{"start":{"line":2,"column":25},"end":{"line":2,"column":39}},{"start":{"line":2,"column":44},"end":{"line":9,"column":1}}],"line":2},"1":{"loc":{"start":{"line":3,"column":16},"end":{"line":3,"column":34}},"type":"binary-expr","locations":[{"start":{"line":3,"column":16},"end":{"line":3,"column":17}},{"start":{"line":3,"column":22},"end":{"line":3,"column":33}}],"line":3},"2":{"loc":{"start":{"line":6,"column":32},"end":{"line":6,"column":148}},"type":"cond-expr","locations":[{"start":{"line":6,"column":46},"end":{"line":6,"column":67}},{"start":{"line":6,"column":70},"end":{"line":6,"column":148}}],"line":6},"3":{"loc":{"start":{"line":7,"column":51},"end":{"line":7,"column":67}},"type":"binary-expr","locations":[{"start":{"line":7,"column":51},"end":{"line":7,"column":61}},{"start":{"line":7,"column":65},"end":{"line":7,"column":67}}],"line":7}},"s":{"0":1,"1":12,"2":6,"3":6,"4":0,"5":0,"6":0,"7":0,"8":12,"9":6,"10":12,"11":1,"12":35,"13":2,"14":2,"15":2,"16":1,"17":35,"18":2,"19":2,"20":2,"21":1,"22":35,"23":2,"24":2,"25":2,"26":1,"27":35,"28":2,"29":2,"30":2,"31":1,"32":35,"33":2,"34":2,"35":2,"36":1,"37":35,"38":2,"39":2,"40":2,"41":1,"42":35,"43":1,"44":1},"f":{"0":12,"1":12,"2":6,"3":0,"4":12,"5":6,"6":35,"7":2,"8":2,"9":2,"10":2,"11":2,"12":2,"13":2,"14":2,"15":2,"16":2,"17":2,"18":2},"b":{"0":[1,1,1],"1":[12,12],"2":[6,6],"3":[12,12]},"_coverageSchema":"43e27e138ebf9cfc5966b082cf9a028302ed4184","hash":"4bceb2f49d43bb1c99084224798409b3efb19f18","contentHash":"4eef07ddf77ddee28b2c26f96a57044f5ab10697c2d5893eaee035017b04f718"},"/home/nineleaps/soumyaPetStore/app/controllers/petController.ts":{"path":"/home/nineleaps/soumyaPetStore/app/controllers/petController.ts","statementMap":{"0":{"start":{"line":2,"column":16},"end":{"line":9,"column":1}},"1":{"start":{"line":3,"column":4},"end":{"line":8,"column":7}},"2":{"start":{"line":4,"column":36},"end":{"line":4,"column":97}},"3":{"start":{"line":4,"column":42},"end":{"line":4,"column":70}},"4":{"start":{"line":4,"column":85},"end":{"line":4,"column":95}},"5":{"start":{"line":5,"column":35},"end":{"line":5,"column":100}},"6":{"start":{"line":5,"column":41},"end":{"line":5,"column":73}},"7":{"start":{"line":5,"column":88},"end":{"line":5,"column":98}},"8":{"start":{"line":6,"column":32},"end":{"line":6,"column":149}},"9":{"start":{"line":6,"column":97},"end":{"line":6,"column":119}},"10":{"start":{"line":7,"column":8},"end":{"line":7,"column":78}},"11":{"start":{"line":10,"column":22},"end":{"line":12,"column":1}},"12":{"start":{"line":11,"column":4},"end":{"line":11,"column":62}},"13":{"start":{"line":13,"column":0},"end":{"line":13,"column":62}},"14":{"start":{"line":14,"column":19},"end":{"line":14,"column":55}},"15":{"start":{"line":15,"column":23},"end":{"line":15,"column":76}},"16":{"start":{"line":16,"column":14},"end":{"line":16,"column":55}},"17":{"start":{"line":17,"column":25},"end":{"line":17,"column":69}},"18":{"start":{"line":20,"column":8},"end":{"line":20,"column":16}},"19":{"start":{"line":21,"column":8},"end":{"line":39,"column":11}},"20":{"start":{"line":21,"column":36},"end":{"line":39,"column":10}},"21":{"start":{"line":22,"column":12},"end":{"line":38,"column":13}},"22":{"start":{"line":23,"column":28},"end":{"line":23,"column":58}},"23":{"start":{"line":24,"column":16},"end":{"line":24,"column":62}},"24":{"start":{"line":27,"column":16},"end":{"line":37,"column":17}},"25":{"start":{"line":28,"column":20},"end":{"line":36,"column":21}},"26":{"start":{"line":29,"column":24},"end":{"line":29,"column":126}},"27":{"start":{"line":31,"column":25},"end":{"line":36,"column":21}},"28":{"start":{"line":32,"column":24},"end":{"line":32,"column":124}},"29":{"start":{"line":35,"column":24},"end":{"line":35,"column":36}},"30":{"start":{"line":40,"column":8},"end":{"line":59,"column":11}},"31":{"start":{"line":40,"column":40},"end":{"line":59,"column":10}},"32":{"start":{"line":41,"column":12},"end":{"line":58,"column":13}},"33":{"start":{"line":42,"column":27},"end":{"line":42,"column":43}},"34":{"start":{"line":43,"column":28},"end":{"line":43,"column":64}},"35":{"start":{"line":44,"column":16},"end":{"line":44,"column":62}},"36":{"start":{"line":47,"column":16},"end":{"line":57,"column":17}},"37":{"start":{"line":48,"column":20},"end":{"line":56,"column":21}},"38":{"start":{"line":49,"column":24},"end":{"line":49,"column":124}},"39":{"start":{"line":51,"column":25},"end":{"line":56,"column":21}},"40":{"start":{"line":52,"column":24},"end":{"line":52,"column":135}},"41":{"start":{"line":55,"column":24},"end":{"line":55,"column":36}},"42":{"start":{"line":60,"column":8},"end":{"line":85,"column":11}},"43":{"start":{"line":60,"column":36},"end":{"line":85,"column":10}},"44":{"start":{"line":61,"column":12},"end":{"line":84,"column":13}},"45":{"start":{"line":62,"column":31},"end":{"line":71,"column":18}},"46":{"start":{"line":72,"column":16},"end":{"line":72,"column":53}},"47":{"start":{"line":73,"column":16},"end":{"line":73,"column":65}},"48":{"start":{"line":76,"column":16},"end":{"line":83,"column":17}},"49":{"start":{"line":77,"column":20},"end":{"line":82,"column":21}},"50":{"start":{"line":78,"column":24},"end":{"line":78,"column":135}},"51":{"start":{"line":81,"column":24},"end":{"line":81,"column":36}},"52":{"start":{"line":86,"column":8},"end":{"line":106,"column":11}},"53":{"start":{"line":86,"column":42},"end":{"line":106,"column":10}},"54":{"start":{"line":87,"column":12},"end":{"line":105,"column":13}},"55":{"start":{"line":88,"column":27},"end":{"line":88,"column":45}},"56":{"start":{"line":89,"column":16},"end":{"line":89,"column":34}},"57":{"start":{"line":90,"column":28},"end":{"line":90,"column":68}},"58":{"start":{"line":91,"column":16},"end":{"line":91,"column":62}},"59":{"start":{"line":94,"column":16},"end":{"line":104,"column":17}},"60":{"start":{"line":95,"column":20},"end":{"line":103,"column":21}},"61":{"start":{"line":96,"column":24},"end":{"line":96,"column":124}},"62":{"start":{"line":98,"column":25},"end":{"line":103,"column":21}},"63":{"start":{"line":99,"column":24},"end":{"line":99,"column":135}},"64":{"start":{"line":102,"column":24},"end":{"line":102,"column":36}},"65":{"start":{"line":107,"column":8},"end":{"line":126,"column":11}},"66":{"start":{"line":107,"column":39},"end":{"line":126,"column":10}},"67":{"start":{"line":108,"column":12},"end":{"line":125,"column":13}},"68":{"start":{"line":109,"column":27},"end":{"line":109,"column":40}},"69":{"start":{"line":110,"column":16},"end":{"line":110,"column":52}},"70":{"start":{"line":111,"column":16},"end":{"line":111,"column":81}},"71":{"start":{"line":114,"column":16},"end":{"line":124,"column":17}},"72":{"start":{"line":115,"column":20},"end":{"line":123,"column":21}},"73":{"start":{"line":116,"column":24},"end":{"line":116,"column":124}},"74":{"start":{"line":118,"column":25},"end":{"line":123,"column":21}},"75":{"start":{"line":119,"column":24},"end":{"line":119,"column":135}},"76":{"start":{"line":122,"column":24},"end":{"line":122,"column":36}},"77":{"start":{"line":127,"column":8},"end":{"line":147,"column":11}},"78":{"start":{"line":127,"column":39},"end":{"line":147,"column":10}},"79":{"start":{"line":128,"column":12},"end":{"line":146,"column":13}},"80":{"start":{"line":129,"column":27},"end":{"line":129,"column":43}},"81":{"start":{"line":130,"column":29},"end":{"line":130,"column":37}},"82":{"start":{"line":131,"column":28},"end":{"line":131,"column":69}},"83":{"start":{"line":132,"column":16},"end":{"line":132,"column":62}},"84":{"start":{"line":135,"column":16},"end":{"line":145,"column":17}},"85":{"start":{"line":136,"column":20},"end":{"line":144,"column":21}},"86":{"start":{"line":137,"column":24},"end":{"line":137,"column":124}},"87":{"start":{"line":139,"column":25},"end":{"line":144,"column":21}},"88":{"start":{"line":140,"column":24},"end":{"line":140,"column":135}},"89":{"start":{"line":143,"column":24},"end":{"line":143,"column":36}},"90":{"start":{"line":148,"column":8},"end":{"line":148,"column":37}},"91":{"start":{"line":151,"column":0},"end":{"line":151,"column":38}},"92":{"start":{"line":152,"column":0},"end":{"line":152,"column":32}}},"fnMap":{"0":{"name":"(anonymous_0)","decl":{"start":{"line":2,"column":44},"end":{"line":2,"column":45}},"loc":{"start":{"line":2,"column":89},"end":{"line":9,"column":1}},"line":2},"1":{"name":"(anonymous_1)","decl":{"start":{"line":3,"column":36},"end":{"line":3,"column":37}},"loc":{"start":{"line":3,"column":63},"end":{"line":8,"column":5}},"line":3},"2":{"name":"fulfilled","decl":{"start":{"line":4,"column":17},"end":{"line":4,"column":26}},"loc":{"start":{"line":4,"column":34},"end":{"line":4,"column":99}},"line":4},"3":{"name":"rejected","decl":{"start":{"line":5,"column":17},"end":{"line":5,"column":25}},"loc":{"start":{"line":5,"column":33},"end":{"line":5,"column":102}},"line":5},"4":{"name":"step","decl":{"start":{"line":6,"column":17},"end":{"line":6,"column":21}},"loc":{"start":{"line":6,"column":30},"end":{"line":6,"column":151}},"line":6},"5":{"name":"(anonymous_5)","decl":{"start":{"line":6,"column":76},"end":{"line":6,"column":77}},"loc":{"start":{"line":6,"column":95},"end":{"line":6,"column":121}},"line":6},"6":{"name":"(anonymous_6)","decl":{"start":{"line":10,"column":56},"end":{"line":10,"column":57}},"loc":{"start":{"line":10,"column":71},"end":{"line":12,"column":1}},"line":10},"7":{"name":"(anonymous_7)","decl":{"start":{"line":19,"column":4},"end":{"line":19,"column":5}},"loc":{"start":{"line":19,"column":28},"end":{"line":149,"column":5}},"line":19},"8":{"name":"(anonymous_8)","decl":{"start":{"line":21,"column":22},"end":{"line":21,"column":23}},"loc":{"start":{"line":21,"column":36},"end":{"line":39,"column":10}},"line":21},"9":{"name":"(anonymous_9)","decl":{"start":{"line":21,"column":68},"end":{"line":21,"column":69}},"loc":{"start":{"line":21,"column":81},"end":{"line":39,"column":9}},"line":21},"10":{"name":"(anonymous_10)","decl":{"start":{"line":40,"column":26},"end":{"line":40,"column":27}},"loc":{"start":{"line":40,"column":40},"end":{"line":59,"column":10}},"line":40},"11":{"name":"(anonymous_11)","decl":{"start":{"line":40,"column":72},"end":{"line":40,"column":73}},"loc":{"start":{"line":40,"column":85},"end":{"line":59,"column":9}},"line":40},"12":{"name":"(anonymous_12)","decl":{"start":{"line":60,"column":22},"end":{"line":60,"column":23}},"loc":{"start":{"line":60,"column":36},"end":{"line":85,"column":10}},"line":60},"13":{"name":"(anonymous_13)","decl":{"start":{"line":60,"column":68},"end":{"line":60,"column":69}},"loc":{"start":{"line":60,"column":81},"end":{"line":85,"column":9}},"line":60},"14":{"name":"(anonymous_14)","decl":{"start":{"line":86,"column":28},"end":{"line":86,"column":29}},"loc":{"start":{"line":86,"column":42},"end":{"line":106,"column":10}},"line":86},"15":{"name":"(anonymous_15)","decl":{"start":{"line":86,"column":74},"end":{"line":86,"column":75}},"loc":{"start":{"line":86,"column":87},"end":{"line":106,"column":9}},"line":86},"16":{"name":"(anonymous_16)","decl":{"start":{"line":107,"column":25},"end":{"line":107,"column":26}},"loc":{"start":{"line":107,"column":39},"end":{"line":126,"column":10}},"line":107},"17":{"name":"(anonymous_17)","decl":{"start":{"line":107,"column":71},"end":{"line":107,"column":72}},"loc":{"start":{"line":107,"column":84},"end":{"line":126,"column":9}},"line":107},"18":{"name":"(anonymous_18)","decl":{"start":{"line":127,"column":25},"end":{"line":127,"column":26}},"loc":{"start":{"line":127,"column":39},"end":{"line":147,"column":10}},"line":127},"19":{"name":"(anonymous_19)","decl":{"start":{"line":127,"column":71},"end":{"line":127,"column":72}},"loc":{"start":{"line":127,"column":84},"end":{"line":147,"column":9}},"line":127}},"branchMap":{"0":{"loc":{"start":{"line":2,"column":16},"end":{"line":9,"column":1}},"type":"binary-expr","locations":[{"start":{"line":2,"column":17},"end":{"line":2,"column":21}},{"start":{"line":2,"column":25},"end":{"line":2,"column":39}},{"start":{"line":2,"column":44},"end":{"line":9,"column":1}}],"line":2},"1":{"loc":{"start":{"line":3,"column":16},"end":{"line":3,"column":34}},"type":"binary-expr","locations":[{"start":{"line":3,"column":16},"end":{"line":3,"column":17}},{"start":{"line":3,"column":22},"end":{"line":3,"column":33}}],"line":3},"2":{"loc":{"start":{"line":6,"column":32},"end":{"line":6,"column":148}},"type":"cond-expr","locations":[{"start":{"line":6,"column":46},"end":{"line":6,"column":67}},{"start":{"line":6,"column":70},"end":{"line":6,"column":148}}],"line":6},"3":{"loc":{"start":{"line":7,"column":51},"end":{"line":7,"column":67}},"type":"binary-expr","locations":[{"start":{"line":7,"column":51},"end":{"line":7,"column":61}},{"start":{"line":7,"column":65},"end":{"line":7,"column":67}}],"line":7},"4":{"loc":{"start":{"line":10,"column":22},"end":{"line":12,"column":1}},"type":"binary-expr","locations":[{"start":{"line":10,"column":23},"end":{"line":10,"column":27}},{"start":{"line":10,"column":31},"end":{"line":10,"column":51}},{"start":{"line":10,"column":56},"end":{"line":12,"column":1}}],"line":10},"5":{"loc":{"start":{"line":11,"column":11},"end":{"line":11,"column":61}},"type":"cond-expr","locations":[{"start":{"line":11,"column":37},"end":{"line":11,"column":40}},{"start":{"line":11,"column":43},"end":{"line":11,"column":61}}],"line":11},"6":{"loc":{"start":{"line":11,"column":12},"end":{"line":11,"column":33}},"type":"binary-expr","locations":[{"start":{"line":11,"column":12},"end":{"line":11,"column":15}},{"start":{"line":11,"column":19},"end":{"line":11,"column":33}}],"line":11},"7":{"loc":{"start":{"line":27,"column":16},"end":{"line":37,"column":17}},"type":"if","locations":[{"start":{"line":27,"column":16},"end":{"line":37,"column":17}},{"start":{"line":27,"column":16},"end":{"line":37,"column":17}}],"line":27},"8":{"loc":{"start":{"line":28,"column":20},"end":{"line":36,"column":21}},"type":"if","locations":[{"start":{"line":28,"column":20},"end":{"line":36,"column":21}},{"start":{"line":28,"column":20},"end":{"line":36,"column":21}}],"line":28},"9":{"loc":{"start":{"line":31,"column":25},"end":{"line":36,"column":21}},"type":"if","locations":[{"start":{"line":31,"column":25},"end":{"line":36,"column":21}},{"start":{"line":31,"column":25},"end":{"line":36,"column":21}}],"line":31},"10":{"loc":{"start":{"line":47,"column":16},"end":{"line":57,"column":17}},"type":"if","locations":[{"start":{"line":47,"column":16},"end":{"line":57,"column":17}},{"start":{"line":47,"column":16},"end":{"line":57,"column":17}}],"line":47},"11":{"loc":{"start":{"line":48,"column":20},"end":{"line":56,"column":21}},"type":"if","locations":[{"start":{"line":48,"column":20},"end":{"line":56,"column":21}},{"start":{"line":48,"column":20},"end":{"line":56,"column":21}}],"line":48},"12":{"loc":{"start":{"line":51,"column":25},"end":{"line":56,"column":21}},"type":"if","locations":[{"start":{"line":51,"column":25},"end":{"line":56,"column":21}},{"start":{"line":51,"column":25},"end":{"line":56,"column":21}}],"line":51},"13":{"loc":{"start":{"line":76,"column":16},"end":{"line":83,"column":17}},"type":"if","locations":[{"start":{"line":76,"column":16},"end":{"line":83,"column":17}},{"start":{"line":76,"column":16},"end":{"line":83,"column":17}}],"line":76},"14":{"loc":{"start":{"line":77,"column":20},"end":{"line":82,"column":21}},"type":"if","locations":[{"start":{"line":77,"column":20},"end":{"line":82,"column":21}},{"start":{"line":77,"column":20},"end":{"line":82,"column":21}}],"line":77},"15":{"loc":{"start":{"line":94,"column":16},"end":{"line":104,"column":17}},"type":"if","locations":[{"start":{"line":94,"column":16},"end":{"line":104,"column":17}},{"start":{"line":94,"column":16},"end":{"line":104,"column":17}}],"line":94},"16":{"loc":{"start":{"line":95,"column":20},"end":{"line":103,"column":21}},"type":"if","locations":[{"start":{"line":95,"column":20},"end":{"line":103,"column":21}},{"start":{"line":95,"column":20},"end":{"line":103,"column":21}}],"line":95},"17":{"loc":{"start":{"line":98,"column":25},"end":{"line":103,"column":21}},"type":"if","locations":[{"start":{"line":98,"column":25},"end":{"line":103,"column":21}},{"start":{"line":98,"column":25},"end":{"line":103,"column":21}}],"line":98},"18":{"loc":{"start":{"line":114,"column":16},"end":{"line":124,"column":17}},"type":"if","locations":[{"start":{"line":114,"column":16},"end":{"line":124,"column":17}},{"start":{"line":114,"column":16},"end":{"line":124,"column":17}}],"line":114},"19":{"loc":{"start":{"line":115,"column":20},"end":{"line":123,"column":21}},"type":"if","locations":[{"start":{"line":115,"column":20},"end":{"line":123,"column":21}},{"start":{"line":115,"column":20},"end":{"line":123,"column":21}}],"line":115},"20":{"loc":{"start":{"line":118,"column":25},"end":{"line":123,"column":21}},"type":"if","locations":[{"start":{"line":118,"column":25},"end":{"line":123,"column":21}},{"start":{"line":118,"column":25},"end":{"line":123,"column":21}}],"line":118},"21":{"loc":{"start":{"line":135,"column":16},"end":{"line":145,"column":17}},"type":"if","locations":[{"start":{"line":135,"column":16},"end":{"line":145,"column":17}},{"start":{"line":135,"column":16},"end":{"line":145,"column":17}}],"line":135},"22":{"loc":{"start":{"line":136,"column":20},"end":{"line":144,"column":21}},"type":"if","locations":[{"start":{"line":136,"column":20},"end":{"line":144,"column":21}},{"start":{"line":136,"column":20},"end":{"line":144,"column":21}}],"line":136},"23":{"loc":{"start":{"line":139,"column":25},"end":{"line":144,"column":21}},"type":"if","locations":[{"start":{"line":139,"column":25},"end":{"line":144,"column":21}},{"start":{"line":139,"column":25},"end":{"line":144,"column":21}}],"line":139}},"s":{"0":1,"1":23,"2":6,"3":6,"4":0,"5":0,"6":0,"7":0,"8":23,"9":6,"10":23,"11":1,"12":4,"13":1,"14":1,"15":1,"16":1,"17":1,"18":23,"19":23,"20":4,"21":4,"22":4,"23":1,"24":3,"25":3,"26":1,"27":2,"28":1,"29":1,"30":23,"31":4,"32":4,"33":4,"34":4,"35":1,"36":3,"37":3,"38":1,"39":2,"40":1,"41":1,"42":23,"43":3,"44":3,"45":3,"46":3,"47":1,"48":2,"49":2,"50":1,"51":1,"52":23,"53":4,"54":4,"55":4,"56":4,"57":4,"58":1,"59":3,"60":3,"61":1,"62":2,"63":1,"64":1,"65":23,"66":4,"67":4,"68":4,"69":4,"70":1,"71":3,"72":3,"73":1,"74":2,"75":1,"76":1,"77":23,"78":4,"79":4,"80":4,"81":4,"82":4,"83":1,"84":3,"85":3,"86":1,"87":2,"88":1,"89":1,"90":23,"91":1,"92":1},"f":{"0":23,"1":23,"2":6,"3":0,"4":23,"5":6,"6":4,"7":23,"8":4,"9":4,"10":4,"11":4,"12":3,"13":3,"14":4,"15":4,"16":4,"17":4,"18":4,"19":4},"b":{"0":[1,1,1],"1":[23,23],"2":[17,6],"3":[23,23],"4":[1,1,1],"5":[3,1],"6":[4,4],"7":[3,0],"8":[1,2],"9":[1,1],"10":[3,0],"11":[1,2],"12":[1,1],"13":[2,0],"14":[1,1],"15":[3,0],"16":[1,2],"17":[1,1],"18":[3,0],"19":[1,2],"20":[1,1],"21":[3,0],"22":[1,2],"23":[1,1]},"_coverageSchema":"43e27e138ebf9cfc5966b082cf9a028302ed4184","hash":"015d9d754dd85f301f75a5340a2d97fe2c652453","contentHash":"334f146d63a5673341ab0e1579113a662329dbdfa1e48dbbbec74a2a75f3ad3d"},"/home/nineleaps/soumyaPetStore/app/constants/appConstants.ts":{"path":"/home/nineleaps/soumyaPetStore/app/constants/appConstants.ts","statementMap":{"0":{"start":{"line":2,"column":0},"end":{"line":2,"column":62}},"1":{"start":{"line":3,"column":0},"end":{"line":11,"column":2}},"2":{"start":{"line":12,"column":0},"end":{"line":14,"column":2}},"3":{"start":{"line":15,"column":0},"end":{"line":18,"column":2}}},"fnMap":{},"branchMap":{},"s":{"0":1,"1":1,"2":1,"3":1},"f":{},"b":{},"_coverageSchema":"43e27e138ebf9cfc5966b082cf9a028302ed4184","hash":"5f13dc332d8a7dcf4a6ae7eeac2aad1b4f0ecd78","contentHash":"d71dd620de918ec514bc55b3698e049fce6b5d4d42cb2365bf082561a3d20ecb"},"/home/nineleaps/soumyaPetStore/app/controllers/baseController.ts":{"path":"/home/nineleaps/soumyaPetStore/app/controllers/baseController.ts","statementMap":{"0":{"start":{"line":2,"column":0},"end":{"line":2,"column":62}},"1":{"start":{"line":3,"column":22},"end":{"line":3,"column":58}},"2":{"start":{"line":6,"column":8},"end":{"line":6,"column":59}},"3":{"start":{"line":9,"column":0},"end":{"line":9,"column":33}}},"fnMap":{"0":{"name":"(anonymous_0)","decl":{"start":{"line":5,"column":4},"end":{"line":5,"column":5}},"loc":{"start":{"line":5,"column":18},"end":{"line":7,"column":5}},"line":5}},"branchMap":{},"s":{"0":1,"1":1,"2":23,"3":1},"f":{"0":23},"b":{},"_coverageSchema":"43e27e138ebf9cfc5966b082cf9a028302ed4184","hash":"2f24a61e985841c4b8e2839477ff34af107639f4","contentHash":"3fe0c779ee9741455218028902c37802dfa408e9f8603b74c566d8b8e59ea17f"},"/home/nineleaps/soumyaPetStore/app/services/appResponse.ts":{"path":"/home/nineleaps/soumyaPetStore/app/services/appResponse.ts","statementMap":{"0":{"start":{"line":2,"column":0},"end":{"line":2,"column":62}},"1":{"start":{"line":5,"column":8},"end":{"line":5,"column":27}},"2":{"start":{"line":6,"column":8},"end":{"line":6,"column":30}},"3":{"start":{"line":7,"column":8},"end":{"line":7,"column":31}},"4":{"start":{"line":8,"column":8},"end":{"line":8,"column":29}},"5":{"start":{"line":9,"column":8},"end":{"line":9,"column":28}},"6":{"start":{"line":10,"column":8},"end":{"line":10,"column":40}},"7":{"start":{"line":11,"column":8},"end":{"line":11,"column":41}},"8":{"start":{"line":12,"column":8},"end":{"line":17,"column":10}},"9":{"start":{"line":13,"column":12},"end":{"line":16,"column":15}},"10":{"start":{"line":18,"column":8},"end":{"line":29,"column":10}},"11":{"start":{"line":19,"column":12},"end":{"line":28,"column":15}},"12":{"start":{"line":30,"column":8},"end":{"line":41,"column":10}},"13":{"start":{"line":31,"column":12},"end":{"line":40,"column":15}},"14":{"start":{"line":42,"column":8},"end":{"line":53,"column":10}},"15":{"start":{"line":43,"column":12},"end":{"line":52,"column":15}},"16":{"start":{"line":54,"column":8},"end":{"line":65,"column":10}},"17":{"start":{"line":55,"column":12},"end":{"line":64,"column":15}},"18":{"start":{"line":66,"column":8},"end":{"line":68,"column":10}},"19":{"start":{"line":67,"column":12},"end":{"line":67,"column":49}},"20":{"start":{"line":69,"column":8},"end":{"line":80,"column":10}},"21":{"start":{"line":70,"column":12},"end":{"line":79,"column":15}},"22":{"start":{"line":83,"column":0},"end":{"line":83,"column":34}}},"fnMap":{"0":{"name":"(anonymous_0)","decl":{"start":{"line":4,"column":4},"end":{"line":4,"column":5}},"loc":{"start":{"line":4,"column":18},"end":{"line":81,"column":5}},"line":4},"1":{"name":"(anonymous_1)","decl":{"start":{"line":12,"column":23},"end":{"line":12,"column":24}},"loc":{"start":{"line":12,"column":38},"end":{"line":17,"column":9}},"line":12},"2":{"name":"(anonymous_2)","decl":{"start":{"line":18,"column":21},"end":{"line":18,"column":22}},"loc":{"start":{"line":18,"column":58},"end":{"line":29,"column":9}},"line":18},"3":{"name":"(anonymous_3)","decl":{"start":{"line":30,"column":35},"end":{"line":30,"column":36}},"loc":{"start":{"line":30,"column":72},"end":{"line":41,"column":9}},"line":30},"4":{"name":"(anonymous_4)","decl":{"start":{"line":42,"column":26},"end":{"line":42,"column":27}},"loc":{"start":{"line":42,"column":63},"end":{"line":53,"column":9}},"line":42},"5":{"name":"(anonymous_5)","decl":{"start":{"line":54,"column":24},"end":{"line":54,"column":25}},"loc":{"start":{"line":54,"column":61},"end":{"line":65,"column":9}},"line":54},"6":{"name":"(anonymous_6)","decl":{"start":{"line":66,"column":25},"end":{"line":66,"column":26}},"loc":{"start":{"line":66,"column":34},"end":{"line":68,"column":9}},"line":66},"7":{"name":"(anonymous_7)","decl":{"start":{"line":69,"column":24},"end":{"line":69,"column":25}},"loc":{"start":{"line":69,"column":61},"end":{"line":80,"column":9}},"line":69}},"branchMap":{},"s":{"0":1,"1":30,"2":30,"3":30,"4":30,"5":30,"6":30,"7":30,"8":30,"9":1,"10":30,"11":1,"12":30,"13":1,"14":30,"15":1,"16":30,"17":1,"18":30,"19":1,"20":30,"21":1,"22":1},"f":{"0":30,"1":1,"2":1,"3":1,"4":1,"5":1,"6":1,"7":1},"b":{},"_coverageSchema":"43e27e138ebf9cfc5966b082cf9a028302ed4184","hash":"ae4b7f932815e0fd4eed1aa8f960c73a88f1846a","contentHash":"472daf323c8d5af1337f130413ef290ea1b1409e10bbbefcf8228405ba27ac51"},"/home/nineleaps/soumyaPetStore/app/tests/repositories/petRepository.test.ts":{"path":"/home/nineleaps/soumyaPetStore/app/tests/repositories/petRepository.test.ts","statementMap":{"0":{"start":{"line":2,"column":16},"end":{"line":9,"column":1}},"1":{"start":{"line":3,"column":4},"end":{"line":8,"column":7}},"2":{"start":{"line":4,"column":36},"end":{"line":4,"column":97}},"3":{"start":{"line":4,"column":42},"end":{"line":4,"column":70}},"4":{"start":{"line":4,"column":85},"end":{"line":4,"column":95}},"5":{"start":{"line":5,"column":35},"end":{"line":5,"column":100}},"6":{"start":{"line":5,"column":41},"end":{"line":5,"column":73}},"7":{"start":{"line":5,"column":88},"end":{"line":5,"column":98}},"8":{"start":{"line":6,"column":32},"end":{"line":6,"column":149}},"9":{"start":{"line":6,"column":97},"end":{"line":6,"column":119}},"10":{"start":{"line":7,"column":8},"end":{"line":7,"column":78}},"11":{"start":{"line":10,"column":22},"end":{"line":12,"column":1}},"12":{"start":{"line":11,"column":4},"end":{"line":11,"column":62}},"13":{"start":{"line":13,"column":0},"end":{"line":13,"column":62}},"14":{"start":{"line":14,"column":15},"end":{"line":14,"column":47}},"15":{"start":{"line":15,"column":16},"end":{"line":15,"column":49}},"16":{"start":{"line":16,"column":14},"end":{"line":16,"column":58}},"17":{"start":{"line":17,"column":24},"end":{"line":17,"column":69}},"18":{"start":{"line":18,"column":15},"end":{"line":18,"column":36}},"19":{"start":{"line":19,"column":0},"end":{"line":132,"column":3}},"20":{"start":{"line":21,"column":4},"end":{"line":23,"column":7}},"21":{"start":{"line":22,"column":8},"end":{"line":22,"column":59}},"22":{"start":{"line":24,"column":4},"end":{"line":41,"column":8}},"23":{"start":{"line":24,"column":48},"end":{"line":41,"column":6}},"24":{"start":{"line":25,"column":21},"end":{"line":36,"column":9}},"25":{"start":{"line":37,"column":8},"end":{"line":37,"column":40}},"26":{"start":{"line":38,"column":25},"end":{"line":38,"column":75}},"27":{"start":{"line":39,"column":8},"end":{"line":39,"column":61}},"28":{"start":{"line":40,"column":8},"end":{"line":40,"column":38}},"29":{"start":{"line":42,"column":4},"end":{"line":59,"column":8}},"30":{"start":{"line":42,"column":54},"end":{"line":59,"column":6}},"31":{"start":{"line":43,"column":21},"end":{"line":54,"column":9}},"32":{"start":{"line":55,"column":8},"end":{"line":55,"column":44}},"33":{"start":{"line":56,"column":25},"end":{"line":56,"column":89}},"34":{"start":{"line":57,"column":8},"end":{"line":57,"column":65}},"35":{"start":{"line":58,"column":8},"end":{"line":58,"column":38}},"36":{"start":{"line":60,"column":4},"end":{"line":77,"column":8}},"37":{"start":{"line":60,"column":56},"end":{"line":77,"column":6}},"38":{"start":{"line":61,"column":21},"end":{"line":72,"column":9}},"39":{"start":{"line":73,"column":8},"end":{"line":73,"column":40}},"40":{"start":{"line":74,"column":25},"end":{"line":74,"column":93}},"41":{"start":{"line":75,"column":8},"end":{"line":75,"column":62}},"42":{"start":{"line":76,"column":8},"end":{"line":76,"column":38}},"43":{"start":{"line":78,"column":4},"end":{"line":95,"column":8}},"44":{"start":{"line":78,"column":58},"end":{"line":95,"column":6}},"45":{"start":{"line":79,"column":23},"end":{"line":90,"column":9}},"46":{"start":{"line":91,"column":8},"end":{"line":91,"column":44}},"47":{"start":{"line":92,"column":25},"end":{"line":92,"column":81}},"48":{"start":{"line":93,"column":8},"end":{"line":93,"column":63}},"49":{"start":{"line":94,"column":8},"end":{"line":94,"column":40}},"50":{"start":{"line":96,"column":4},"end":{"line":113,"column":8}},"51":{"start":{"line":96,"column":75},"end":{"line":113,"column":6}},"52":{"start":{"line":97,"column":21},"end":{"line":108,"column":9}},"53":{"start":{"line":109,"column":8},"end":{"line":109,"column":53}},"54":{"start":{"line":110,"column":25},"end":{"line":110,"column":94}},"55":{"start":{"line":111,"column":8},"end":{"line":111,"column":74}},"56":{"start":{"line":112,"column":8},"end":{"line":112,"column":38}},"57":{"start":{"line":114,"column":4},"end":{"line":131,"column":8}},"58":{"start":{"line":114,"column":55},"end":{"line":131,"column":6}},"59":{"start":{"line":115,"column":21},"end":{"line":126,"column":9}},"60":{"start":{"line":127,"column":8},"end":{"line":127,"column":71}},"61":{"start":{"line":128,"column":25},"end":{"line":128,"column":88}},"62":{"start":{"line":129,"column":8},"end":{"line":129,"column":74}},"63":{"start":{"line":130,"column":8},"end":{"line":130,"column":56}}},"fnMap":{"0":{"name":"(anonymous_0)","decl":{"start":{"line":2,"column":44},"end":{"line":2,"column":45}},"loc":{"start":{"line":2,"column":89},"end":{"line":9,"column":1}},"line":2},"1":{"name":"(anonymous_1)","decl":{"start":{"line":
[...]
"line":140,"column":98},"end":{"line":160,"column":5}},"line":140}},"branchMap":{"0":{"loc":{"start":{"line":2,"column":16},"end":{"line":9,"column":1}},"type":"binary-expr","locations":[{"start":{"line":2,"column":17},"end":{"line":2,"column":21}},{"start":{"line":2,"column":25},"end":{"line":2,"column":39}},{"start":{"line":2,"column":44},"end":{"line":9,"column":1}}],"line":2},"1":{"loc":{"start":{"line":3,"column":16},"end":{"line":3,"column":34}},"type":"binary-expr","locations":[{"start":{"line":3,"column":16},"end":{"line":3,"column":17}},{"start":{"line":3,"column":22},"end":{"line":3,"column":33}}],"line":3},"2":{"loc":{"start":{"line":6,"column":32},"end":{"line":6,"column":148}},"type":"cond-expr","locations":[{"start":{"line":6,"column":46},"end":{"line":6,"column":67}},{"start":{"line":6,"column":70},"end":{"line":6,"column":148}}],"line":6},"3":{"loc":{"start":{"line":7,"column":51},"end":{"line":7,"column":67}},"type":"binary-expr","locations":[{"start":{"line":7,"column":51},"end":{"line":7,"column":61}},{"start":{"line":7,"column":65},"end":{"line":7,"column":67}}],"line":7},"4":{"loc":{"start":{"line":10,"column":22},"end":{"line":12,"column":1}},"type":"binary-expr","locations":[{"start":{"line":10,"column":23},"end":{"line":10,"column":27}},{"start":{"line":10,"column":31},"end":{"line":10,"column":51}},{"start":{"line":10,"column":56},"end":{"line":12,"column":1}}],"line":10},"5":{"loc":{"start":{"line":11,"column":11},"end":{"line":11,"column":61}},"type":"cond-expr","locations":[{"start":{"line":11,"column":37},"end":{"line":11,"column":40}},{"start":{"line":11,"column":43},"end":{"line":11,"column":61}}],"line":11},"6":{"loc":{"start":{"line":11,"column":12},"end":{"line":11,"column":33}},"type":"binary-expr","locations":[{"start":{"line":11,"column":12},"end":{"line":11,"column":15}},{"start":{"line":11,"column":19},"end":{"line":11,"column":33}}],"line":11}},"s":{"0":1,"1":16,"2":14,"3":14,"4":0,"5":0,"6":0,"7":0,"8":30,"9":14,"10":16,"11":1,"12":3,"13":1,"14":1,"15":1,"16":1,"17":1,"18":1,"19":1,"20":1,"21":1,"22":1,"23":1,"24":7,"25":7,"26":7,"27":1,"28":1,"29":1,"30":1,"31":1,"32":1,"33":1,"34":1,"35":1,"36":1,"37":1,"38":1,"39":1,"40":1,"41":1,"42":1,"43":1,"44":1,"45":1,"46":1,"47":1,"48":1,"49":1,"50":1,"51":1,"52":1,"53":1,"54":1,"55":1,"56":1,"57":1,"58":1,"59":1,"60":1,"61":1,"62":1,"63":1,"64":1,"65":1,"66":1,"67":1,"68":1,"69":1,"70":1,"71":1,"72":1,"73":1,"74":1,"75":1,"76":1,"77":1,"78":1,"79":1,"80":1,"81":1,"82":1,"83":1,"84":1,"85":1,"86":1,"87":1,"88":1,"89":1,"90":1,"91":1,"92":1,"93":1,"94":1,"95":1,"96":1,"97":1,"98":1,"99":1,"100":1,"101":1,"102":1,"103":1,"104":1,"105":1,"106":1,"107":1,"108":1,"109":1,"110":1,"111":1},"f":{"0":16,"1":16,"2":14,"3":0,"4":30,"5":14,"6":3,"7":1,"8":1,"9":7,"10":7,"11":1,"12":1,"13":1,"14":1,"15":1,"16":1,"17":1,"18":1,"19":1,"20":1,"21":1,"22":1,"23":1,"24":1,"25":1,"26":1},"b":{"0":[1,1,1],"1":[16,16],"2":[16,14],"3":[16,16],"4":[1,1,1],"5":[0,3],"6":[3,3]},"_coverageSchema":"43e27e138ebf9cfc5966b082cf9a028302ed4184","hash":"8c5a77a456a6863a508657437a75da6d3fdb7562","contentHash":"15cb210b6d2d4a34f7b5e4810699bb651cb9f99132a43e2131e9443911a66a33"},"/home/nineleaps/soumyaPetStore/app/tests/services/petService.test.ts":{"path":"/home/nineleaps/soumyaPetStore/app/tests/services/petService.test.ts","statementMap":{"0":{"start":{"line":2,"column":16},"end":{"line":9,"column":1}},"1":{"start":{"line":3,"column":4},"end":{"line":8,"column":7}},"2":{"start":{"line":4,"column":36},"end":{"line":4,"column":97}},"3":{"start":{"line":4,"column":42},"end":{"line":4,"column":70}},"4":{"start":{"line":4,"column":85},"end":{"line":4,"column":95}},"5":{"start":{"line":5,"column":35},"end":{"line":5,"column":100}},"6":{"start":{"line":5,"column":41},"end":{"line":5,"column":73}},"7":{"start":{"line":5,"column":88},"end":{"line":5,"column":98}},"8":{"start":{"line":6,"column":32},"end":{"line":6,"column":149}},"9":{"start":{"line":6,"column":97},"end":{"line":6,"column":119}},"10":{"start":{"line":7,"column":8},"end":{"line":7,"column":78}},"11":{"start":{"line":10,"column":22},"end":{"line":12,"column":1}},"12":{"start":{"line":11,"column":4},"end":{"line":11,"column":62}},"13":{"start":{"line":13,"column":0},"end":{"line":13,"column":62}},"14":{"start":{"line":14,"column":15},"end":{"line":14,"column":47}},"15":{"start":{"line":15,"column":16},"end":{"line":15,"column":49}},"16":{"start":{"line":16,"column":24},"end":{"line":16,"column":69}},"17":{"start":{"line":17,"column":21},"end":{"line":17,"column":59}},"18":{"start":{"line":18,"column":15},"end":{"line":18,"column":36}},"19":{"start":{"line":19,"column":0},"end":{"line":114,"column":3}},"20":{"start":{"line":22,"column":4},"end":{"line":35,"column":7}},"21":{"start":{"line":23,"column":8},"end":{"line":23,"column":86}},"22":{"start":{"line":24,"column":8},"end":{"line":34,"column":10}},"23":{"start":{"line":36,"column":4},"end":{"line":48,"column":7}},"24":{"start":{"line":37,"column":8},"end":{"line":42,"column":12}},"25":{"start":{"line":37,"column":55},"end":{"line":42,"column":10}},"26":{"start":{"line":38,"column":12},"end":{"line":38,"column":51}},"27":{"start":{"line":39,"column":29},"end":{"line":39,"column":90}},"28":{"start":{"line":40,"column":12},"end":{"line":40,"column":72}},"29":{"start":{"line":41,"column":12},"end":{"line":41,"column":42}},"30":{"start":{"line":43,"column":8},"end":{"line":47,"column":12}},"31":{"start":{"line":43,"column":39},"end":{"line":47,"column":10}},"32":{"start":{"line":44,"column":26},"end":{"line":44,"column":37}},"33":{"start":{"line":45,"column":12},"end":{"line":45,"column":57}},"34":{"start":{"line":46,"column":12},"end":{"line":46,"column":97}},"35":{"start":{"line":49,"column":4},"end":{"line":61,"column":7}},"36":{"start":{"line":50,"column":8},"end":{"line":55,"column":12}},"37":{"start":{"line":50,"column":61},"end":{"line":55,"column":10}},"38":{"start":{"line":51,"column":12},"end":{"line":51,"column":55}},"39":{"start":{"line":52,"column":29},"end":{"line":52,"column":104}},"40":{"start":{"line":53,"column":12},"end":{"line":53,"column":76}},"41":{"start":{"line":54,"column":12},"end":{"line":54,"column":42}},"42":{"start":{"line":56,"column":8},"end":{"line":60,"column":12}},"43":{"start":{"line":56,"column":39},"end":{"line":60,"column":10}},"44":{"start":{"line":57,"column":26},"end":{"line":57,"column":37}},"45":{"start":{"line":58,"column":12},"end":{"line":58,"column":61}},"46":{"start":{"line":59,"column":12},"end":{"line":59,"column":111}},"47":{"start":{"line":62,"column":4},"end":{"line":74,"column":7}},"48":{"start":{"line":63,"column":8},"end":{"line":68,"column":12}},"49":{"start":{"line":63,"column":63},"end":{"line":68,"column":10}},"50":{"start":{"line":64,"column":12},"end":{"line":64,"column":57}},"51":{"start":{"line":65,"column":29},"end":{"line":65,"column":108}},"52":{"start":{"line":66,"column":12},"end":{"line":66,"column":78}},"53":{"start":{"line":67,"column":12},"end":{"line":67,"column":42}},"54":{"start":{"line":69,"column":8},"end":{"line":73,"column":12}},"55":{"start":{"line":69,"column":39},"end":{"line":73,"column":10}},"56":{"start":{"line":70,"column":26},"end":{"line":70,"column":37}},"57":{"start":{"line":71,"column":12},"end":{"line":71,"column":63}},"58":{"start":{"line":72,"column":12},"end":{"line":72,"column":115}},"59":{"start":{"line":75,"column":4},"end":{"line":87,"column":7}},"60":{"start":{"line":76,"column":8},"end":{"line":81,"column":12}},"61":{"start":{"line":76,"column":56},"end":{"line":81,"column":10}},"62":{"start":{"line":77,"column":12},"end":{"line":77,"column":51}},"63":{"start":{"line":78,"column":29},"end":{"line":78,"column":94}},"64":{"start":{"line":79,"column":12},"end":{"line":79,"column":72}},"65":{"start":{"line":80,"column":12},"end":{"line":80,"column":50}},"66":{"start":{"line":82,"column":8},"end":{"line":86,"column":12}},"67":{"start":{"line":82,"column":39},"end":{"line":86,"column":10}},"68":{"start":{"line":83,"column":26},"end":{"line":83,"column":37}},"69":{"start":{"line":84,"column":12},"end":{"line":84,"column":57}},"70":{"start":{"line":85,"column":12},"end":{"line":85,"column":101}},"71":{"start":{"line":88,"column":4},"end":{"line":100,"column":7}},"72":{"start":{"line":89,"column":8},"end":{"line":94,"column":12}},"73":{"start":{"line":89,"column":55},"end":{"line":94,"column":10}},"74":{"start":{"line":90,"column":12},"end":{"line":90,"column":54}},"75":{"start":{"line":91,"column":29},"end":{"line":91,"column":109}},"76":{"start":{"line":92,"column":12},"end":{"line":92,"column":75}},"77":{"start":{"line":93,"column":12},"end":{"line":93,"column":42}},"78":{"start":{"line":95,"column":8},"end":{"line":99,"column":12}},"79":{"start":{"line":95,"column":39},"end":{"line":99,"column":10}},"80":{"start":{"line":96,"column":26},"end":{"line":96,"column":37}},"81":{"start":{"line":97,"column":12},"end":{"line":97,"column":60}},"82":{"start":{"line":98,"column":12},"end":{"line":98,"column":116}},"83":{"start":{"line":101,"column":4},"end":{"line":113,"column":7}},"84":{"start":{"line":102,"column":8},"end":{"line":107,"column":12}},"85":{"start":{"line":102,"column":55},"end":{"line":107,"column":10}},"86":{"start":{"line":103,"column":12},"end":{"line":103,"column":54}},"87":{"start":{"line":104,"column":29},"end":{"line":104,"column":103}},"88":{"start":{"line":105,"column":12},"end":{"line":105,"column":75}},"89":{"start":{"line":106,"column":12},"end":{"line":106,"column":42}},"90":{"start":{"line":108,"column":8},"end":{"line":112,"column":12}},"91":{"start":{"line":108,"column":39},"end":{"line":112,"column":10}},"92":{"start":{"line":109,"column":26},"end":{"line":109,"column":37}},"93":{"start":{"line":110,"column":12},"end":{"line":110,"column":60}},"94":{"start":{"line":111,"column":12},"end":{"line":111,"column":110}}},"fnMap":{"0":{"name":"(anonymous_0)","decl":{"start":{"line":2,"column":44},"end":{"line":2,"column":45}},"loc":{"start":{"line":2,"column":89},"end":{"line":9,"column":1}},"line":2},"1":{"name":"(anonymous_1)","decl":{"start":{"line":3,"column":36},"end":{"line":3,"column":37}},"loc":{"start":{"line":3,"column":63},"end":{"line":8,"column":5}},"line":3},"2":{"name":"fulfilled","decl":{"start":{"line":4,"column":17},"end":{"line":4,"column":26}},"loc":{"start":{"line":4,"column":34},"end":{"line":4,"column":99}},"line":4},"3":{"name":"rejected","decl":{"start":{"line":5,"column":17},"end":{"line":5,"column":25}},"loc":{"start":{"line":5,"column":33},"end":{"line":5,"column":102}},"line":5},"4":{"name":"step","decl":{"start":{"line":6,"column":17},"end":{"line":6,"column":21}},"loc":{"start":{"line":6,"column":30},"end":{"line":6,"column":151}},"line":6},"5":{"name":"(anonymous_5)","decl":{"start":{"line":6,"column":76},"end":{"line":6,"column":77}},"loc":{"start":{"line":6,"column":95},"end":{"line":6,"column":121}},"line":6},"6":{"name":"(anonymous_6)","decl":{"start":{"line":10,"column":56},"end":{"line":10,"column":57}},"loc":{"start":{"line":10,"column":71},"end":{"line":12,"column":1}},"line":10},"7":{"name":"(anonymous_7)","decl":{"start":{"line":19,"column":29},"end":{"line":19,"column":30}},"loc":{"start":{"line":19,"column":35},"end":{"line":114,"column":1}},"line":19},"8":{"name":"(anonymous_8)","decl":{"start":{"line":22,"column":15},"end":{"line":22,"column":16}},"loc":{"start":{"line":22,"column":21},"end":{"line":35,"column":5}},"line":22},"9":{"name":"(anonymous_9)","decl":{"start":{"line":36,"column":42},"end":{"line":36,"column":43}},"loc":{"start":{"line":36,"column":48},"end":{"line":48,"column":5}},"line":36},"10":{"name":"(anonymous_10)","decl":{"start":{"line":37,"column":49},"end":{"line":37,"column":50}},"loc":{"start":{"line":37,"column":55},"end":{"line":42,"column":10}},"line":37},"11":{"name":"(anonymous_11)","decl":{"start":{"line":37,"column":87},"end":{"line":37,"column":88}},"loc":{"start":{"line":37,"column":100},"end":{"line":42,"column":9}},"line":37},"12":{"name":"(anonymous_12)","decl":{"start":{"line":43,"column":33},"end":{"line":43,"column":34}},"loc":{"start":{"line":43,"column":39},"end":{"line":47,"column":10}},"line":43},"13":{"name":"(anonymous_13)","decl":{"start":{"line":43,"column":71},"end":{"line":43,"column":72}},"loc":{"start":{"line":43,"column":84},"end":{"line":47,"column":9}},"line":43},"14":{"name":"(anonymous_14)","decl":{"start":{"line":49,"column":48},"end":{"line":49,"column":49}},"loc":{"start":{"line":49,"column":54},"end":{"line":61,"column":5}},"line":49},"15":{"name":"(anonymous_15)","decl":{"start":{"line":50,"column":55},"end":{"line":50,"column":56}},"loc":{"start":{"line":50,"column":61},"end":{"line":55,"column":10}},"line":50},"16":{"name":"(anonymous_16)","decl":{"start":{"line":50,"column":93},"end":{"line":50,"column":94}},"loc":{"start":{"line":50,"column":106},"end":{"line":55,"column":9}},"line":50},"17":{"name":"(anonymous_17)","decl":{"start":{"line":56,"column":33},"end":{"line":56,"column":34}},"loc":{"start":{"line":56,"column":39},"end":{"line":60,"column":10}},"line":56},"18":{"name":"(anonymous_18)","decl":{"start":{"line":56,"column":71},"end":{"line":56,"column":72}},"loc":{"start":{"line":56,"column":84},"end":{"line":60,"column":9}},"line":56},"19":{"name":"(anonymous_19)","decl":{"start":{"line":62,"column":49},"end":{"line":62,"column":50}},"loc":{"start":{"line":62,"column":55},"end":{"line":74,"column":5}},"line":62},"20":{"name":"(anonymous_20)","decl":{"start":{"line":63,"column":57},"end":{"line":63,"column":58}},"loc":{"start":{"line":63,"column":63},"end":{"line":68,"column":10}},"line":63},"21":{"name":"(anonymous_21)","decl":{"start":{"line":63,"column":95},"end":{"line":63,"column":96}},"loc":{"start":{"line":63,"column":108},"end":{"line":68,"column":9}},"line":63},"22":{"name":"(anonymous_22)","decl":{"start":{"line":69,"column":33},"end":{"line":69,"column":34}},"loc":{"start":{"line":69,"column":39},"end":{"line":73,"column":10}},"line":69},"23":{"name":"(anonymous_23)","decl":{"start":{"line":69,"column":71},"end":{"line":69,"column":72}},"loc":{"start":{"line":69,"column":84},"end":{"line":73,"column":9}},"line":69},"24":{"name":"(anonymous_24)","decl":{"start":{"line":75,"column":58},"end":{"line":75,"column":59}},"loc":{"start":{"line":75,"column":64},"end":{"line":87,"column":5}},"line":75},"25":{"name":"(anonymous_25)","decl":{"start":{"line":76,"column":50},"end":{"line":76,"column":51}},"loc":{"start":{"line":76,"column":56},"end":{"line":81,"column":10}},"line":76},"26":{"name":"(anonymous_26)","decl":{"start":{"line":76,"column":88},"end":{"line":76,"column":89}},"loc":{"start":{"line":76,"column":101},"end":{"line":81,"column":9}},"line":76},"27":{"name":"(anonymous_27)","decl":{"start":{"line":82,"column":33},"end":{"line":82,"column":34}},"loc":{"start":{"line":82,"column":39},"end":{"line":86,"column":10}},"line":82},"28":{"name":"(anonymous_28)","decl":{"start":{"line":82,"column":71},"end":{"line":82,"column":72}},"loc":{"start":{"line":82,"column":84},"end":{"line":86,"column":9}},"line":82},"29":{"name":"(anonymous_29)","decl":{"start":{"line":88,"column":54},"end":{"line":88,"column":55}},"loc":{"start":{"line":88,"column":60},"end":{"line":100,"column":5}},"line":88},"30":{"name":"(anonymous_30)","decl":{"start":{"line":89,"column":49},"end":{"line":89,"column":50}},"loc":{"start":{"line":89,"column":55},"end":{"line":94,"column":10}},"line":89},"31":{"name":"(anonymous_31)","decl":{"start":{"line":89,"column":87},"end":{"line":89,"column":88}},"loc":{"start":{"line":89,"column":100},"end":{"line":94,"column":9}},"line":89},"32":{"name":"(anonymous_32)","decl":{"start":{"line":95,"column":33},"end":{"line":95,"column":34}},"loc":{"start":{"line":95,"column":39},"end":{"line":99,"column":10}},"line":95},"33":{"name":"(anonymous_33)","decl":{"start":{"line":95,"column":71},"end":{"line":95,"column":72}},"loc":{"start":{"line":95,"column":84},"end":{"line":99,"column":9}},"line":95},"34":{"name":"(anonymous_34)","decl":{"start":{"line":101,"column":56},"end":{"line":101,"column":57}},"loc":{"start":{"line":101,"column":62},"end":{"line":113,"column":5}},"line":101},"35":{"name":"(anonymous_35)","decl":{"start":{"line":102,"column":49},"end":{"line":102,"column":50}},"loc":{"start":{"line":102,"column":55},"end":{"line":107,"column":10}},"line":102},"36":{"name":"(anonymous_36)","decl":{"start":{"line":102,"column":87},"end":{"line":102,"column":88}},"loc":{"start":{"line":102,"column":100},"end":{"line":107,"column":9}},"line":102},"37":{"name":"(anonymous_37)","decl":{"start":{"line":108,"column":33},"end":{"line":108,"column":34}},"loc":{"start":{"line":108,"column":39},"end":{"line":112,"column":10}},"line":108},"38":{"name":"(anonymous_38)","decl":{"start":{"line":108,"column":71},"end":{"line":108,"column":72}},"loc":{"start":{"line":108,"column":84},"end":{"line":112,"column":9}},"line":108}},"branchMap":{"0":{"loc":{"start":{"line":2,"column":16},"end":{"line":9,"column":1}},"type":"binary-expr","locations":[{"start":{"line":2,"column":17},"end":{"line":2,"column":21}},{"start":{"line":2,"column":25},"end":{"line":2,"column":39}},{"start":{"line":2,"column":44},"end":{"line":9,"column":1}}],"line":2},"1":{"loc":{"start":{"line":3,"column":16},"end":{"line":3,"column":34}},"type":"binary-expr","locations":[{"start":{"line":3,"column":16},"end":{"line":3,"column":17}},{"start":{"line":3,"column":22},"end":{"line":3,"column":33}}],"line":3},"2":{"loc":{"start":{"line":6,"column":32},"end":{"line":6,"column":148}},"type":"cond-expr","locations":[{"start":{"line":6,"column":46},"end":{"line":6,"column":67}},{"start":{"line":6,"column":70},"end":{"line":6,"column":148}}],"line":6},"3":{"loc":{"start":{"line":7,"column":51},"end":{"line":7,"column":67}},"type":"binary-expr","locations":[{"start":{"line":7,"column":51},"end":{"line":7,"column":61}},{"start":{"line":7,"column":65},"end":{"line":7,"column":67}}],"line":7},"4":{"loc":{"start":{"line":10,"column":22},"end":{"line":12,"column":1}},"type":"binary-expr","locations":[{"start":{"line":10,"column":23},"end":{"line":10,"column":27}},{"start":{"line":10,"column":31},"end":{"line":10,"column":51}},{"start":{"line":10,"column":56},"end":{"line":12,"column":1}}],"line":10},"5":{"loc":{"start":{"line":11,"column":11},"end":{"line":11,"column":61}},"type":"cond-expr","locations":[{"start":{"line":11,"column":37},"end":{"line":11,"column":40}},{"start":{"line":11,"column":43},"end":{"line":11,"column":61}}],"line":11},"6":{"loc":{"start":{"line":11,"column":12},"end":{"line":11,"column":33}},"type":"binary-expr","locations":[{"start":{"line":11,"column":12},"end":{"line":11,"column":15}},{"start":{"line":11,"column":19},"end":{"line":11,"column":33}}],"line":11}},"s":{"0":1,"1":12,"2":18,"3":18,"4":0,"5":0,"6":0,"7":0,"8":30,"9":18,"10":12,"11":1,"12":2,"13":1,"14":1,"15":1,"16":1,"17":1,"18":1,"19":1,"20":1,"21":12,"22":12,"23":1,"24":1,"25":1,"26":1,"27":1,"28":1,"29":1,"30":1,"31":1,"32":1,"33":1,"34":1,"35":1,"36":1,"37":1,"38":1,"39":1,"40":1,"41":1,"42":1,"43":1,"44":1,"45":1,"46":1,"47":1,"48":1,"49":1,"50":1,"51":1,"52":1,"53":1,"54":1,"55":1,"56":1,"57":1,"58":1,"59":1,"60":1,"61":1,"62":1,"63":1,"64":1,"65":1,"66":1,"67":1,"68":1,"69":1,"70":1,"71":1,"72":1,"73":1,"74":1,"75":1,"76":1,"77":1,"78":1,"79":1,"80":1,"81":1,"82":1,"83":1,"84":1,"85":1,"86":1,"87":1,"88":1,"89":1,"90":1,"91":1,"92":1,"93":1,"94":1},"f":{"0":12,"1":12,"2":18,"3":0,"4":30,"5":18,"6":2,"7":1,"8":12,"9":1,"10":1,"11":1,"12":1,"13":1,"14":1,"15":1,"16":1,"17":1,"18":1,"19":1,"20":1,"21":1,"22":1,"23":1,"24":1,"25":1,"26":1,"27":1,"28":1,"29":1,"30":1,"31":1,"32":1,"33":1,"34":1,"35":1,"36":1,"37":1,"38":1},"b":{"0":[1,1,1],"1":[12,12],"2":[12,18],"3":[12,12],"4":[1,1,1],"5":[0,2],"6":[2,2]},"_coverageSchema":"43e27e138ebf9cfc5966b082cf9a028302ed4184","hash":"840c2267b2ea5076888f7e0e4511daa4879a6bc6","contentHash":"e304e6e79c72ec93a7112279890cb42ec6e0bf9930e2b3d4034cffbae8208c91"}}