{"/home/nineleaps/soumyaPetStore/app/tests/controllers/petController.test.ts":{"path":"/home/nineleaps/soumyaPetStore/app/tests/controllers/petController.test.ts","statementMap":{"0":{"start":{"line":2,"column":16},"end":{"line":9,"column":1}},"1":{"start":{"line":3,"column":4},"end":{"line":8,"column":7}},"2":{"start":{"line":4,"column":36},"end":{"line":4,"column":97}},"3":{"start":{"line":4,"column":42},"end":{"line":4,"column":70}},"4":{"start":{"line":4,"column":85},"end":{"line":4,"column":95}},"5":{"start":{"line":5,"column":35},"end":{"line":5,"column":100}},"6":{"start":{"line":5,"column":41},"end":{"line":5,"column":73}},"7":{"start":{"line":5,"column":88},"end":{"line":5,"column":98}},"8":{"start":{"line":6,"column":32},"end":{"line":6,"column":149}},"9":{"start":{"line":6,"column":97},"end":{"line":6,"column":119}},"10":{"start":{"line":7,"column":8},"end":{"line":7,"column":78}},"11":{"start":{"line":10,"column":22},"end":{"line":12,"column":1}},"12":{"start":{"line":11,"column":4},"end":{"line":11,"column":62}},"13":{"start":{"line":13,"column":0},"end":{"line":13,"column":62}},"14":{"start":{"line":14,"column":15},"end":{"line":14,"column":47}},"15":{"start":{"line":15,"column":27},"end":{"line":15,"column":71}},"16":{"start":{"line":16,"column":16},"end":{"line":16,"column":49}},"17":{"start":{"line":17,"column":24},"end":{"line":17,"column":69}},"18":{"start":{"line":18,"column":21},"end":{"line":18,"column":59}},"19":{"start":{"line":19,"column":15},"end":{"line":19,"column":36}},"20":{"start":{"line":20,"column":24},"end":{"line":20,"column":68}},"21":{"start":{"line":21,"column":18},"end":{"line":21,"column":69}},"22":{"start":{"line":22,"column":0},"end":{"line":22,"column":47}},"23":{"start":{"line":23,"column":23},"end":{"line":23,"column":76}},"24":{"start":{"line":24,"column":23},"end":{"line":24,"column":81}},"25":{"start":{"line":25,"column":32},"end":{"line":25,"column":81}},"26":{"start":{"line":26,"column":21},"end":{"line":26,"column":58}},"27":{"start":{"line":27,"column":0},"end":{"line":410,"column":3}},"28":{"start":{"line":32,"column":4},"end":{"line":36,"column":7}},"29":{"start":{"line":33,"column":8},"end":{"line":33,"column":86}},"30":{"start":{"line":34,"column":8},"end":{"line":34,"column":94}},"31":{"start":{"line":35,"column":8},"end":{"line":35,"column":74}},"32":{"start":{"line":37,"column":16},"end":{"line":39,"column":5}},"33":{"start":{"line":38,"column":20},"end":{"line":38,"column":52}},"34":{"start":{"line":40,"column":4},"end":{"line":101,"column":7}},"35":{"start":{"line":41,"column":8},"end":{"line":81,"column":12}},"36":{"start":{"line":41,"column":39},"end":{"line":81,"column":10}},"37":{"start":{"line":42,"column":12},"end":{"line":42,"column":21}},"38":{"start":{"line":43,"column":36},"end":{"line":58,"column":13}},"39":{"start":{"line":59,"column":25},"end":{"line":69,"column":13}},"40":{"start":{"line":70,"column":12},"end":{"line":70,"column":54}},"41":{"start":{"line":71,"column":32},"end":{"line":71,"column":121}},"42":{"start":{"line":72,"column":29},"end":{"line":72,"column":74}},"43":{"start":{"line":73,"column":12},"end":{"line":73,"column":69}},"44":{"start":{"line":74,"column":12},"end":{"line":74,"column":59}},"45":{"start":{"line":75,"column":12},"end":{"line":75,"column":47}},"46":{"start":{"line":76,"column":12},"end":{"line":76,"column":57}},"47":{"start":{"line":77,"column":12},"end":{"line":77,"column":52}},"48":{"start":{"line":78,"column":12},"end":{"line":78,"column":57}},"49":{"start":{"line":79,"column":12},"end":{"line":79,"column":57}},"50":{"start":{"line":80,"column":12},"end":{"line":80,"column":52}},"51":{"start":{"line":82,"column":8},"end":{"line":95,"column":12}},"52":{"start":{"line":82,"column":65},"end":{"line":95,"column":10}},"53":{"start":{"line":83,"column":35},"end":{"line":86,"column":13}},"54":{"start":{"line":87,"column":34},"end":{"line":87,"column":155}},"55":{"start":{"line":88,"column":12},"end":{"line":88,"column":56}},"56":{"start":{"line":89,"column":30},"end":{"line":90,"column":40}},"57":{"start":{"line":91,"column":29},"end":{"line":91,"column":65}},"58":{"start":{"line":92,"column":12},"end":{"line":92,"column":69}},"59":{"start":{"line":93,"column":12},"end":{"line":93,"column":57}},"60":{"start":{"line":94,"column":12},"end":{"line":94,"column":51}},"61":{"start":{"line":96,"column":8},"end":{"line":100,"column":12}},"62":{"start":{"line":96,"column":39},"end":{"line":100,"column":10}},"63":{"start":{"line":97,"column":26},"end":{"line":97,"column":37}},"64":{"start":{"line":98,"column":12},"end":{"line":98,"column":54}},"65":{"start":{"line":99,"column":12},"end":{"line":99,"column":72}},"66":{"start":{"line":102,"column":4},"end":{"line":175,"column":7}},"67":{"start":{"line":103,"column":8},"end":{"line":115,"column":11}},"68":{"start":{"line":104,"column":12},"end":{"line":114,"column":14}},"69":{"start":{"line":116,"column":8},"end":{"line":155,"column":12}},"70":{"start":{"line":116,"column":35},"end":{"line":155,"column":10}},"71":{"start":{"line":117,"column":36},"end":{"line":132,"column":13}},"72":{"start":{"line":133,"column":25},"end":{"line":143,"column":13}},"73":{"start":{"line":144,"column":12},"end":{"line":144,"column":54}},"74":{"start":{"line":145,"column":32},"end":{"line":145,"column":121}},"75":{"start":{"line":146,"column":29},"end":{"line":146,"column":65}},"76":{"start":{"line":147,"column":12},"end":{"line":147,"column":69}},"77":{"start":{"line":148,"column":12},"end":{"line":148,"column":59}},"78":{"start":{"line":149,"column":12},"end":{"line":149,"column":47}},"79":{"start":{"line":150,"column":12},"end":{"line":150,"column":57}},"80":{"start":{"line":151,"column":12},"end":{"line":151,"column":52}},"81":{"start":{"line":152,"column":12},"end":{"line":152,"column":57}},"82":{"start":{"line":153,"column":12},"end":{"line":153,"column":57}},"83":{"start":{"line":154,"column":12},"end":{"line":154,"column":52}},"84":{"start":{"line":156,"column":8},"end":{"line":169,"column":12}},"85":{"start":{"line":156,"column":72},"end":{"line":169,"column":10}},"86":{"start":{"line":157,"column":35},"end":{"line":160,"column":13}},"87":{"start":{"line":161,"column":32},"end":{"line":161,"column":185}},"88":{"start":{"line":162,"column":12},"end":{"line":162,"column":54}},"89":{"start":{"line":163,"column":30},"end":{"line":164,"column":40}},"90":{"start":{"line":165,"column":29},"end":{"line":165,"column":65}},"91":{"start":{"line":166,"column":12},"end":{"line":166,"column":69}},"92":{"start":{"line":167,"column":12},"end":{"line":167,"column":57}},"93":{"start":{"line":168,"column":12},"end":{"line":168,"column":51}},"94":{"start":{"line":170,"column":8},"end":{"line":174,"column":12}},"95":{"start":{"line":170,"column":39},"end":{"line":174,"column":10}},"96":{"start":{"line":171,"column":26},"end":{"line":171,"column":37}},"97":{"start":{"line":172,"column":12},"end":{"line":172,"column":54}},"98":{"start":{"line":173,"column":12},"end":{"line":173,"column":72}},"99":{"start":{"line":176,"column":4},"end":{"line":243,"column":7}},"100":{"start":{"line":177,"column":8},"end":{"line":183,"column":11}},"101":{"start":{"line":178,"column":12},"end":{"line":182,"column":14}},"102":{"start":{"line":184,"column":8},"end":{"line":223,"column":12}},"103":{"start":{"line":184,"column":52},"end":{"line":223,"column":10}},"104":{"start":{"line":185,"column":36},"end":{"line":200,"column":13}},"105":{"start":{"line":201,"column":25},"end":{"line":211,"column":13}},"106":{"start":{"line":212,"column":12},"end":{"line":212,"column":57}},"107":{"start":{"line":213,"column":32},"end":{"line":213,"column":121}},"108":{"start":{"line":214,"column":29},"end":{"line":214,"column":68}},"109":{"start":{"line":215,"column":12},"end":{"line":215,"column":72}},"110":{"start":{"line":216,"column":12},"end":{"line":216,"column":59}},"111":{"start":{"line":217,"column":12},"end":{"line":217,"column":47}},"112":{"start":{"line":218,"column":12},"end":{"line":218,"column":57}},"113":{"start":{"line":219,"column":12},"end":{"line":219,"column":52}},"114":{"start":{"line":220,"column":12},"end":{"line":220,"column":57}},"115":{"start":{"line":221,"column":12},"end":{"line":221,"column":57}},"116":{"start":{"line":222,"column":12},"end":{"line":222,"column":52}},"117":{"start":{"line":224,"column":8},"end":{"line":237,"column":12}},"118":{"start":{"line":224,"column":65},"end":{"line":237,"column":10}},"119":{"start":{"line":225,"column":35},"end":{"line":228,"column":13}},"120":{"start":{"line":229,"column":34},"end":{"line":229,"column":155}},"121":{"start":{"line":230,"column":12},"end":{"line":230,"column":59}},"122":{"start":{"line":231,"column":30},"end":{"line":232,"column":40}},"123":{"start":{"line":233,"column":29},"end":{"line":233,"column":68}},"124":{"start":{"line":234,"column":12},"end":{"line":234,"column":72}},"125":{"start":{"line":235,"column":12},"end":{"line":235,"column":57}},"126":{"start":{"line":236,"column":12},"end":{"line":236,"column":51}},"127":{"start":{"line":238,"column":8},"end":{"line":242,"column":12}},"128":{"start":{"line":238,"column":39},"end":{"line":242,"column":10}},"129":{"start":{"line":239,"column":26},"end":{"line":239,"column":37}},"130":{"start":{"line":240,"column":12},"end":{"line":240,"column":57}},"131":{"start":{"line":241,"column":12},"end":{"line":241,"column":75}},"132":{"start":{"line":244,"column":4},"end":{"line":311,"column":7}},"133":{"start":{"line":245,"column":8},"end":{"line":251,"column":11}},"134":{"start":{"line":246,"column":12},"end":{"line":250,"column":14}},"135":{"start":{"line":252,"column":8},"end":{"line":291,"column":12}},"136":{"start":{"line":252,"column":52},"end":{"line":291,"column":10}},"137":{"start":{"line":253,"column":36},"end":{"line":268,"column":13}},"138":{"start":{"line":269,"column":25},"end":{"line":279,"column":13}},"139":{"start":{"line":280,"column":12},"end":{"line":280,"column":57}},"140":{"start":{"line":281,"column":32},"end":{"line":281,"column":121}},"141":{"start":{"line":282,"column":29},"end":{"line":282,"column":68}},"142":{"start":{"line":283,"column":12},"end":{"line":283,"column":72}},"143":{"start":{"line":284,"column":12},"end":{"line":284,"column":59}},"144":{"start":{"line":285,"column":12},"end":{"line":285,"column":47}},"145":{"start":{"line":286,"column":12},"end":{"line":286,"column":57}},"146":{"start":{"line":287,"column":12},"end":{"line":287,"column":52}},"147":{"start":{"line":288,"column":12},"end":{"line":288,"column":57}},"148":{"start":{"line":289,"column":12},"end":{"line":289,"column":57}},"149":{"start":{"line":290,"column":12},"end":{"line":290,"column":52}},"150":{"start":{"line":292,"column":8},"end":{"line":305,"column":12}},"151":{"start":{"line":292,"column":65},"end":{"line":305,"column":10}},"152":{"start":{"line":293,"column":35},"end":{"line":296,"column":13}},"153":{"start":{"line":297,"column":34},"end":{"line":297,"column":155}},"154":{"start":{"line":298,"column":12},"end":{"line":298,"column":59}},"155":{"start":{"line":299,"column":30},"end":{"line":300,"column":40}},"156":{"start":{"line":301,"column":29},"end":{"line":301,"column":68}},"157":{"start":{"line":302,"column":12},"end":{"line":302,"column":72}},"158":{"start":{"line":303,"column":12},"end":{"line":303,"column":57}},"159":{"start":{"line":304,"column":12},"end":{"line":304,"column":51}},"160":{"start":{"line":306,"column":8},"end":{"line":310,"column":12}},"161":{"start":{"line":306,"column":39},"end":{"line":310,"column":10}},"162":{"start":{"line":307,"column":26},"end":{"line":307,"column":37}},"163":{"start":{"line":308,"column":12},"end":{"line":308,"column":57}},"164":{"start":{"line":309,"column":12},"end":{"line":309,"column":75}},"165":{"start":{"line":312,"column":4},"end":{"line":409,"column":7}},"166":{"start":{"line":313,"column":8},"end":{"line":320,"column":11}},"167":{"start":{"line":314,"column":12},"end":{"line":319,"column":14}},"168":{"start":{"line":321,"column":8},"end":{"line":360,"column":12}},"169":{"start":{"line":321,"column":49},"end":{"line":360,"column":10}},"170":{"start":{"line":322,"column":36},"end":{"line":337,"column":13}},"171":{"start":{"line":338,"column":25},"end":{"line":348,"column":13}},"172":{"start":{"line":349,"column":12},"end":{"line":349,"column":62}},"173":{"start":{"line":350,"column":32},"end":{"line":350,"column":121}},"174":{"start":{"line":351,"column":29},"end":{"line":351,"column":73}},"175":{"start":{"line":352,"column":12},"end":{"line":352,"column":77}},"176":{"start":{"line":353,"column":12},"end":{"line":353,"column":59}},"177":{"start":{"line":354,"column":12},"end":{"line":354,"column":47}},"178":{"start":{"line":355,"column":12},"end":{"line":355,"column":57}},"179":{"start":{"line":356,"column":12},"end":{"line":356,"column":52}},"180":{"start":{"line":357,"column":12},"end":{"line":357,"column":57}},"181":{"start":{"line":358,"column":12},"end":{"line":358,"column":57}},"182":{"start":{"line":359,"column":12},"end":{"line":359,"column":52}},"183":{"start":{"line":361,"column":8},"end":{"line":380,"column":12}},"184":{"start":{"line":361,"column":65},"end":{"line":380,"column":10}},"185":{"start":{"line":362,"column":12},"end":{"line":367,"column":14}},"186":{"start":{"line":368,"column":35},"end":{"line":371,"column":13}},"187":{"start":{"line":372,"column":34},"end":{"line":372,"column":155}},"188":{"start":{"line":373,"column":12},"end":{"line":373,"column":64}},"189":{"start":{"line":374,"column":30},"end":{"line":375,"column":40}},"190":{"start":{"line":376,"column":29},"end":{"line":376,"column":73}},"191":{"start":{"line":377,"column":12},"end":{"line":377,"column":77}},"192":{"start":{"line":378,"column":12},"end":{"line":378,"column":57}},"193":{"start":{"line":379,"column":12},"end":{"line":379,"column":51}},"194":{"start":{"line":381,"column":8},"end":{"line":385,"column":12}},"195":{"start":{"line":381,"column":39},"end":{"line":385,"column":10}},"196":{"start":{"line":382,"column":26},"end":{"line":382,"column":37}},"197":{"start":{"line":383,"column":12},"end":{"line":383,"column":62}},"198":{"start":{"line":384,"column":12},"end":{"line":384,"column":80}}},"fnMap":{"0":{"name":"(anonymous_0)","decl":{"start":{"line":2,"column":44},"end":{"line":2,"column":45}},"loc":{"start":{"line":2,"column":89},"end":{"line":9,"column":1}},"line":2},"1":{"name":"(anonymous_1)","decl":{"start":{"line":3,"column":36},"end":{"line":3,"column":37}},"loc":{"start":{"line":3,"column":63},"end":{"line":8,"column":5}},"line":3},"2":{"name":"fulfilled","decl":{"start":{"line":4,"column":17},"end":{"line":4,"column":26}},"loc":{"start":{"line":4,"column":34},"end":{"line":4,"column":99}},"line":4},"3":{"name":"rejected","decl":{"start":{"line":5,"column":17},"end":{"line":5,"column":25}},"loc":{"start":{"line":5,"column":33},"end":{"line":5,"column":102}},"line":5},"4":{"name":"step","decl":{"start":{"line":6,"column":17},"end":{"line":6,"column":21}},"loc":{"start":{"line":6,"column":30},"end":{"line":6,"column":151}},"line":6},"5":{"name":"(anonymous_5)","decl":{"start":{"line":6,"column":76},"end":{"line":6,"column":77}},"loc":{"start":{"line":6,"column":95},"end":{"line":6,"column":121}},"line":6},"6":{"name":"(anonymous_6)","decl":{"start":{"line":10,"column":56},"end":{"line":10,"column":57}},"loc":{"start":{"line":10,"column":71},"end":{"line":12,"column":1}},"line":10},"7":{"name":"(anonymous_7)","decl":{"start":{"line":27,"column":32},"end":{"line":27,"column":33}},"loc":{"start":{"line":27,"column":38},"end":{"line":410,"column":1}},"line":27},"8":{"name":"(anonymous_8)","decl":{"start":{"line":32,"column":15},"end":{"line":32,"column":16}},"loc":{"start":{"line":32,"column":21},"end":{"line":36,"column":5}},"line":32},"9":{"name":"(anonymous_9)","decl":{"start":{"line":38,"column":8},"end":{"line":38,"column":9}},"loc":{"start":{"line":38,"column":18},"end":{"line":38,"column":54}},"line":38},"10":{"name":"(anonymous_10)","decl":{"start":{"line":40,"column":40},"end":{"line":40,"column":41}},"loc":{"start":{"line":40,"column":46},"end":{"line":101,"column":5}},"line":40},"11":{"name":"(anonymous_11)","decl":{"start":{"line":41,"column":33},"end":{"line":41,"column":34}},"loc":{"start":{"line":41,"column":39},"end":{"line":81,"column":10}},"line":41},"12":{"name":"(anonymous_12)","decl":{"start":{"line":41,"column":71},"end":{"line":41,"column":72}},"loc":{"start":{"line":41,"column":84},"end":{"line":81,"column":9}},"line":41},"13":{"name":"(anonymous_13)","decl":{"start":{"line":82,"column":59},"end":{"line":82,"column":60}},"loc":{"start":{"line":82,"column":65},"end":{"line":95,"column":10}},"line":82},"14":{"name":"(anonymous_14)","decl":{"start":{"line":82,"column":97},"end":{"line":82,"column":98}},"loc":{"start":{"line":82,"column":110},"end":{"line":95,"column":9}},"line":82},"15":{"name":"(anonymous_15)","decl":{"start":{"line":96,"column":33},"end":{"line":96,"column":34}},"loc":{"start":{"line":96,"column":39},"end":{"line":100,"column":10}},"line":96},"16":{"name":"(anonymous_16)","decl":{"start":{"line":96,"column":71},"end":{"line":96,"column":72}},"loc":{"start":{"line":96,"column":84},"end":{"line":100,"column":9}},"line":96},"17":{"name":"(anonymous_17)","decl":{"start":{"line":102,"column":36},"end":{"line":102,"column":37}},"loc":{"start":{"line":102,"column":42},"end":{"line":175,"column":5}},"line":102},"18":{"name":"(anonymous_18)","decl":{"start":{"line":103,"column":15},"end":{"line":103,"column":16}},"loc":{"start":{"line":103,"column":21},"end":{"line":115,"column":9}},"line":103},"19":{"name":"(anonymous_19)","decl":{"start":{"line":116,"column":29},"end":{"line":116,"column":30}},"loc":{"start":{"line":116,"column":35},"end":{"line":155,"column":10}},"line":116},"20":{"name":"(anonymous_20)","decl":{"start":{"line":116,"column":67},"end":{"line":116,"column":68}},"loc":{"start":{"line":116,"column":80},"end":{"line":155,"column":9}},"line":116},"21":{"name":"(anonymous_21)","decl":{"start":{"line":156,"column":66},"end":{"line":156,"column":67}},"loc":{"start":{"line":156,"column":72},"end":{"line":169,"column":10}},"line":156},"22":{"name":"(anonymous_22)","decl":{"start":{"line":156,"column":104},"end":{"line":156,"column":105}},"loc":{"start":{"line":156,"column":117},"end":{"line":169,"column":9}},"line":156},"23":{"name":"(anonymous_23)","decl":{"start":{"line":170,"column":33},"end":{"line":170,"column":34}},"loc":{"start":{"line":170,"column":39},"end":{"line":174,"column":10}},"line":170},"24":{"name":"(anonymous_24)","decl":{"start":{"line":170,"column":71},"end":{"line":170,"column":72}},"loc":{"start":{"line":170,"column":84},"end":{"line":174,"column":9}},"line":170},"25":{"name":"(anonymous_25)","decl":{"start":{"line":176,"column":44},"end":{"line":176,"column":45}},"loc":{"start":{"line":176,"column":50},"end":{"line":243,"column":5}},"line":176},"26":{"name":"(anonymous_26)","decl":{"start":{"line":177,"column":15},"end":{"line":177,"column":16}},"loc":{"start":{"line":177,"column":21},"end":{"line":183,"column":9}},"line":177},"27":{"name":"(anonymous_27)","decl":{"start":{"line":184,"column":46},"end":{"line":184,"column":47}},"loc":{"start":{"line":184,"column":52},"end":{"line":223,"column":10}},"line":184},"28":{"name":"(anonymous_28)","decl":{"start":{"line":184,"column":84},"end":{"line":184,"column":85}},"loc":{"start":{"line":184,"column":97},"end":{"line":223,"column":9}},"line":184},"29":{"name":"(anonymous_29)","decl":{"start":{"line":224,"column":59},"end":{"line":224,"column":60}},"loc":{"start":{"line":224,"column":65},"end":{"line":237,"column":10}},"line":224},"30":{"name":"(anonymous_30)","decl":{"start":{"line":224,"column":97},"end":{"line":224,"column":98}},"loc":{"start":{"line":224,"column":110},"end":{"line":237,"column":9}},"line":224},"31":{"name":"(anonymous_31)","decl":{"start":{"line":238,"column":33},"end":{"line":238,"column":34}},"loc":{"start":{"line":238,"column":39},"end":{"line":242,"column":10}},"line":238},"32":{"name":"(anonymous_32)","decl":{"start":{"line":238,"column":71},"end":{"line":238,"column":72}},"loc":{"start":{"line":238,"column":84},"end":{"line":242,"column":9}},"line":238},"33":{"name":"(anonymous_33)","decl":{"start":{"line":244,"column":44},"end":{"line":244,"column":45}},"loc":{"start":{"line":244,"column":50},"end":{"line":311,"column":5}},"line":244},"34":{"name":"(anonymous_34)","decl":{"start":{"line":245,"column":15},"end":{"line":245,"column":16}},"loc":{"start":{"line":245,"column":21},"end":{"line":251,"column":9}},"line":245},"35":{"name":"(anonymous_35)","decl":{"start":{"line":252,"column":46},"end":{"line":252,"column":47}},"loc":{"start":{"line":252,"column":52},"end":{"line":291,"column":10}},"line":252},"36":{"name":"(anonymous_36)","decl":{"start":{"line":252,"column":84},"end":{"line":252,"column":85}},"loc":{"start":{"line":252,"column":97},"end":{"line":291,"column":9}},"line":252},"37":{"name":"(anonymous_37)","decl":{"start":{"line":292,"column":59},"end":{"line":292,"column":60}},"loc":{"start":{"line":292,"column":65},"end":{"line":305,"column":10}},"line":292},"38":{"name":"(anonymous_38)","decl":{"start":{"line":292,"column":97},"end":{"line":292,"column":98}},"loc":{"start":{"line":292,"column":110},"end":{"line":305,"column":9}},"line":292},"39":{"name":"(anonymous_39)","decl":{"start":{"line":306,"column":33},"end":{"line":306,"column":34}},"loc":{"start":{"line":306,"column":39},"end":{"line":310,"column":10}},"line":306},"40":{"name":"(anonymous_40)","decl":{"start":{"line":306,"column":71},"end":{"line":306,"column":72}},"loc":{"start":{"line":306,"column":84},"end":{"line":310,"column":9}},"line":306},"41":{"name":"(anonymous_41)","decl":{"start":{"line":312,"column":46},"end":{"line":312,"column":47}},"loc":{"start":{"line":312,"column":52},"end":{"line":409,"column":5}},"line":312},"42":{"name":"(anonymous_42)","decl":{"start":{"line":313,"column":15},"end":{"line":313,"column":16}},"loc":{"start":{"line":313,"column":21},"end":{"line":320,"column":9}},"line":313},"43":{"name":"(anonymous_43)","decl":{"start":{"line":321,"column":43},"end":{"line":321,"column":44}},"loc":{"start":{"line":321,"column":49},"end":{"line":360,"column":10}},"line":321},"44":{"name":"(anonymous_44)","decl":{"start":{"line":321,"column":81},"end":{"line":321,"column":82}},"loc":{"start":{"line":321,"column":94},"end":{"line":360,"column":9}},"line":321},"45":{"name":"(anonymous_45)","decl":{"start":{"line":361,"column":59},"end":{"line":361,"column":60}},"loc":{"start":{"line":361,"column":65},"end":{"line":380,"column":10}},"line":361},"46":{"name":"(anonymous_46)","decl":{"start":{"line":361,"column":97},"end":{"line":361,"column":98}},"loc":{"start":{"line":361,"column":110},"end":{"line":380,"column":9}},"line":361},"47":{"name":"(anonymous_47)","decl":{"start":{"line":381,"column":33},"end":{"line":381,"column":34}},"loc":{"start":{"line":381,"column":39},"end":{"line":385,"column":10}},"line":381},"48":{"name":"(anonymous_48)","decl":{"start":{"line":381,"column":71},"end":{"line":381,"column":72}},"loc":{"start":{"line":381,"column":84},"end":{"line":385,"column":9}},"line":381}},"branchMap":{"0":{"loc":{"start":{"line":2,"column":16},"end":{"line":9,"column":1}},"type":"binary-expr","locations":[{"start":{"line":2,"column":17},"end":{"line":2,"column":21}},{"start":{"line":2,"column":25},"end":{"line":2,"column":39}},{"start":{"line":2,"column":44},"end":{"line":9,"column":1}}],"line":2},"1":{"loc":{"start":{"line":3,"column":16},"end":{"line":3,"column":34}},"type":"binary-expr","locations":[{"start":{"line":3,"column":16},"end":{"line":3,"column":17}},{"start":{"line":3,"column":22},"end":{"line":3,"column":33}}],"line":3},"2":{"loc":{"start":{"line":6,"column":32},"end":{"line":6,"column":148}},"type":"cond-expr","locations":[{"start":{"line":6,"column":46},"end":{"line":6,"column":67}},{"start":{"line":6,"column":70},"end":{"line":6,"column":148}}],"line":6},"3":{"loc":{"start":{"line":7,"column":51},"end":{"line":7,"column":67}},"type":"binary-expr","locations":[{"start":{"line":7,"column":51},"end":{"line":7,"column":61}},{"start":{"line":7,"column":65},"end":{"line":7,"column":67}}],"line":7},"4":{"loc":{"start":{"line":10,"column":22},"end":{"line":12,"column":1}},"type":"binary-expr","locations":[{"start":{"line":10,"column":23},"end":{"line":10,"column":27}},{"start":{"line":10,"column":31},"end":{"line":10,"column":51}},{"start":{"line":10,"column":56},"end":{"line":12,"column":1}}],"line":10},"5":{"loc":{"start":{"line":11,"column":11},"end":{"line":11,"column":61}},"type":"cond-expr","locations":[{"start":{"line":11,"column":37},"end":{"line":11,"column":40}},{"start":{"line":11,"column":43},"end":{"line":11,"column":61}}],"line":11},"6":{"loc":{"start":{"line":11,"column":12},"end":{"line":11,"column":33}},"type":"binary-expr","locations":[{"start":{"line":11,"column":12},"end":{"line":11,"column":15}},{"start":{"line":11,"column":19},"end":{"line":11,"column":33}}],"line":11}},"s":{"0":1,"1":15,"2":35,"3":35,"4":0,"5":0,"6":0,"7":0,"8":50,"9":35,"10":15,"11":1,"12":7,"13":1,"14":1,"15":1,"16":1,"17":1,"18":1,"19":1,"20":1,"21":1,"22":1,"23":1,"24":1,"25":1,"26":1,"27":1,"28":1,"29":15,"30":15,"31":15,"32":1,"33":0,"34":1,"35":1,"36":1,"37":1,"38":1,"39":1,"40":1,"41":1,"42":1,"43":1,"44":1,"45":1,"46":1,"47":1,"48":1,"49":1,"50":1,"51":1,"52":1,"53":1,"54":1,"55":1,"56":1,"57":1,"58":1,"59":1,"60":1,"61":1,"62":1,"63":1,"64":1,"65":1,"66":1,"67":1,"68":1,"69":1,"70":1,"71":1,"72":1,"73":1,"74":1,"75":1,"76":1,"77":1,"78":1,"79":1,"80":1,"81":1,"82":1,"83":1,"84":1,"85":1,"86":1,"87":1,"88":1,"89":1,"90":1,"91":1,"92":1,"93":1,"94":1,"95":1,"96":1,"97":1,"98":1,"99":1,"100":1,"101":1,"102":1,"103":1,"104":1,"105":1,"106":1,"107":1,"108":1,"109":1,"110":1,"111":1,"112":1,"113":1,"114":1,"115":1,"116":1,"117":1,"118":1,"119":1,"120":1,"121":1,"122":1,"123":1,"124":1,"125":1,"126":1,"127":1,"128":1,"129":1,"130":1,"131":1,"132":1,"133":1,"134":1,"135":1,"136":1,"137":1,"138":1,"139":1,"140":1,"141":1,"142":1,"143":1,"144":1,"145":1,"146":1,"147":1,"148":1,"149":1,"150":1,"151":1,"152":1,"153":1,"154":1,"155":1,"156":1,"157":1,"158":1,"159":1,"160":1,"161":1,"162":1,"163":1,"164":1,"165":1,"166":1,"167":1,"168":1,"169":1,"170":1,"171":1,"172":1,"173":1,"174":1,"175":1,"176":1,"177":1,"178":1,"179":1,"180":1,"181":1,"182":1,"183":1,"184":1,"185":1,"186":1,"187":1,"188":1,"189":1,"190":1,"191":1,"192":1,"193":1,"194":1,"195":1,"196":1,"197":1,"198":1},"f":{"0":15,"1":15,"2":35,"3":0,"4":50,"5":35,"6":7,"7":1,"8":15,"9":0,"10":1,"11":1,"12":1,"13":1,"14":1,"15":1,"16":1,"17":1,"18":1,"19":1,"20":1,"21":1,"22":1,"23":1,"24":1,"25":1,"26":1,"27":1,"28":1,"29":1,"30":1,"31":1,"32":1,"33":1,"34":1,"35":1,"36":1,"37":1,"38":1,"39":1,"40":1,"41":1,"42":1,"43":1,"44":1,"45":1,"46":1,"47":1,"48":1},"b":{"0":[1,1,1],"1":[15,15],"2":[15,35],"3":[15,15],"4":[1,1,1],"5":[2,5],"6":[7,7]},"_coverageSchema":"43e27e138ebf9cfc5966b082cf9a028302ed4184","hash":"bd926322b7d7399c8e2e02b76bf76a444c1bf26c","contentHash":"cef9287e95f84a3055fc6195aa4b18a27472b567db43c932d7c8febcb4bcb658"},"/home/nineleaps/soumyaPetStore/app/repositories/petRepository.ts":{"path":"/home/nineleaps/soumyaPetStore/app/repositories/petRepository.ts","statementMap":{"0":{"start":{"line":2,"column":22},"end":{"line":4,"column":1}},"1":{"start":{"line":3,"column":4},"end":{"line":3,"column":62}},"2":{"start":{"line":5,"column":0},"end":{"line":5,"column":62}},"3":{"start":{"line":6,"column":14},"end":{"line":6,"column":55}},"4":{"start":{"line":9,"column":8},"end":{"line":11,"column":10}},"5":{"start":{"line":10,"column":12},"end":{"line":10,"column":42}},"6":{"start":{"line":15,"column":8},"end":{"line":17,"column":10}},"7":{"start":{"line":16,"column":12},"end":{"line":16,"column":48}},"8":{"start":{"line":21,"column":8},"end":{"line":33,"column":10}},"9":{"start":{"line":22,"column":12},"end":{"line":32,"column":13}},"10":{"start":{"line":23,"column":16},"end":{"line":23,"column":85}},"11":{"start":{"line":26,"column":16},"end":{"line":28,"column":17}},"12":{"start":{"line":27,"column":20},"end":{"line":27,"column":59}},"13":{"start":{"line":29,"column":16},"end":{"line":31,"column":17}},"14":{"start":{"line":30,"column":20},"end":{"line":30,"column":74}},"15":{"start":{"line":34,"column":8},"end":{"line":36,"column":10}},"16":{"start":{"line":35,"column":12},"end":{"line":35,"column":55}},"17":{"start":{"line":37,"column":8},"end":{"line":39,"column":10}},"18":{"start":{"line":38,"column":12},"end":{"line":38,"column":95}},"19":{"start":{"line":42,"column":0},"end":{"line":42,"column":38}},"20":{"start":{"line":43,"column":0},"end":{"line":43,"column":32}}},"fnMap":{"0":{"name":"(anonymous_0)","decl":{"start":{"line":2,"column":56},"end":{"line":2,"column":57}},"loc":{"start":{"line":2,"column":71},"end":{"line":4,"column":1}},"line":2},"1":{"name":"(anonymous_1)","decl":{"start":{"line":8,"column":4},"end":{"line":8,"column":5}},"loc":{"start":{"line":8,"column":18},"end":{"line":40,"column":5}},"line":8},"2":{"name":"(anonymous_2)","decl":{"start":{"line":9,"column":22},"end":{"line":9,"column":23}},"loc":{"start":{"line":9,"column":28},"end":{"line":11,"column":9}},"line":9},"3":{"name":"(anonymous_3)","decl":{"start":{"line":15,"column":22},"end":{"line":15,"column":23}},"loc":{"start":{"line":15,"column":34},"end":{"line":17,"column":9}},"line":15},"4":{"name":"(anonymous_4)","decl":{"start":{"line":21,"column":30},"end":{"line":21,"column":31}},"loc":{"start":{"line":21,"column":44},"end":{"line":33,"column":9}},"line":21},"5":{"name":"(anonymous_5)","decl":{"start":{"line":34,"column":25},"end":{"line":34,"column":26}},"loc":{"start":{"line":34,"column":33},"end":{"line":36,"column":9}},"line":34},"6":{"name":"(anonymous_6)","decl":{"start":{"line":37,"column":25},"end":{"line":37,"column":26}},"loc":{"start":{"line":37,"column":39},"end":{"line":39,"column":9}},"line":37}},"branchMap":{"0":{"loc":{"start":{"line":2,"column":22},"end":{"line":4,"column":1}},"type":"binary-expr","locations":[{"start":{"line":2,"column":23},"end":{"line":2,"column":27}},{"start":{"line":2,"column":31},"end":{"line":2,"column":51}},{"start":{"line":2,"column":56},"end":{"line":4,"column":1}}],"line":2},"1":{"loc":{"start":{"line":3,"column":11},"end":{"line":3,"column":61}},"type":"cond-expr","locations":[{"start":{"line":3,"column":37},"end":{"line":3,"column":40}},{"start":{"line":3,"column":43},"end":{"line":3,"column":61}}],"line":3},"2":{"loc":{"start":{"line":3,"column":12},"end":{"line":3,"column":33}},"type":"binary-expr","locations":[{"start":{"line":3,"column":12},"end":{"line":3,"column":15}},{"start":{"line":3,"column":19},"end":{"line":3,"column":33}}],"line":3},"3":{"loc":{"start":{"line":22,"column":12},"end":{"line":32,"column":13}},"type":"if","locations":[{"start":{"line":22,"column":12},"end":{"line":32,"column":13}},{"start":{"line":22,"column":12},"end":{"line":32,"column":13}}],"line":22},"4":{"loc":{"start":{"line":22,"column":16},"end":{"line":22,"column":26}},"type":"binary-expr","locations":[{"start":{"line":22,"column":16},"end":{"line":22,"column":18}},{"start":{"line":22,"column":22},"end":{"line":22,"column":26}}],"line":22},"5":{"loc":{"start":{"line":26,"column":16},"end":{"line":28,"column":17}},"type":"if","locations":[{"start":{"line":26,"column":16},"end":{"line":28,"column":17}},{"start":{"line":26,"column":16},"end":{"line":28,"column":17}}],"line":26},"6":{"loc":{"start":{"line":29,"column":16},"end":{"line":31,"column":17}},"type":"if","locations":[{"start":{"line":29,"column":16},"end":{"line":31,"column":17}},{"start":{"line":29,"column":16},"end":{"line":31,"column":17}}],"line":29}},"s":{"0":1,"1":1,"2":1,"3":1,"4":33,"5":1,"6":33,"7":1,"8":33,"9":3,"10":1,"11":2,"12":1,"13":1,"14":1,"15":33,"16":1,"17":33,"18":1,"19":1,"20":1},"f":{"0":1,"1":33,"2":1,"3":1,"4":3,"5":1,"6":1},"b":{"0":[1,1,1],"1":[1,0],"2":[1,1],"3":[1,2],"4":[3,2],"5":[1,1],"6":[1,0]},"_coverageSchema":"43e27e138ebf9cfc5966b082cf9a028302ed4184","hash":"39c53f062144dce4cc197245ce4eef51aa719ac9","contentHash":"6b9662c2d0ad5078d7bc85a6fd601ec60c576839d129ff6e6f97b7425ca2932d"},"/home/nineleaps/soumyaPetStore/app/models/pet.ts":{"path":"/home/nineleaps/soumyaPetStore/app/models/pet.ts","statementMap":{"0":{"start":{"line":2,"column":19},"end":{"line":8,"column":1}},"1":{"start":{"line":3,"column":4},"end":{"line":3,"column":42}},"2":{"start":{"line":3,"column":31},"end":{"line":3,"column":42}},"3":{"start":{"line":4,"column":17},"end":{"line":4,"column":19}},"4":{"start":{"line":5,"column":4},"end":{"line":5,"column":99}},"5":{"start":{"line":5,"column":21},"end":{"line":5,"column":99}},"6":{"start":{"line":5,"column":40},"end":{"line":5,"column":99}},"7":{"start":{"line":5,"column":80},"end":{"line":5,"column":99}},"8":{"start":{"line":6,"column":4},"end":{"line":6,"column":28}},"9":{"start":{"line":7,"column":4},"end":{"line":7,"column":18}},"10":{"start":{"line":9,"column":0},"end":{"line":9,"column":62}},"11":{"start":{"line":10,"column":17},"end":{"line":10,"column":50}},"12":{"start":{"line":11,"column":15},"end":{"line":11,"column":30}},"13":{"start":{"line":12,"column":0},"end":{"line":37,"column":3}},"14":{"start":{"line":38,"column":12},"end":{"line":38,"column":52}},"15":{"start":{"line":39,"column":0},"end":{"line":39,"column":22}}},"fnMap":{"0":{"name":"(anonymous_0)","decl":{"start":{"line":2,"column":50},"end":{"line":2,"column":51}},"loc":{"start":{"line":2,"column":65},"end":{"line":8,"column":1}},"line":2}},"branchMap":{"0":{"loc":{"start":{"line":2,"column":19},"end":{"line":8,"column":1}},"type":"binary-expr","locations":[{"start":{"line":2,"column":20},"end":{"line":2,"column":24}},{"start":{"line":2,"column":28},"end":{"line":2,"column":45}},{"start":{"line":2,"column":50},"end":{"line":8,"column":1}}],"line":2},"1":{"loc":{"start":{"line":3,"column":4},"end":{"line":3,"column":42}},"type":"if","locations":[{"start":{"line":3,"column":4},"end":{"line":3,"column":42}},{"start":{"line":3,"column":4},"end":{"line":3,"column":42}}],"line":3},"2":{"loc":{"start":{"line":3,"column":8},"end":{"line":3,"column":29}},"type":"binary-expr","locations":[{"start":{"line":3,"column":8},"end":{"line":3,"column":11}},{"start":{"line":3,"column":15},"end":{"line":3,"column":29}}],"line":3},"3":{"loc":{"start":{"line":5,"column":4},"end":{"line":5,"column":99}},"type":"if","locations":[{"start":{"line":5,"column":4},"end":{"line":5,"column":99}},{"start":{"line":5,"column":4},"end":{"line":5,"column":99}}],"line":5},"4":{"loc":{"start":{"line":5,"column":40},"end":{"line":5,"column":99}},"type":"if","locations":[{"start":{"line":5,"column":40},"end":{"line":5,"column":99}},{"start":{"line":5,"column":40},"end":{"line":5,"column":99}}],"line":5}},"s":{"0":1,"1":1,"2":0,"3":1,"4":1,"5":1,"6":44,"7":8,"8":1,"9":1,"10":1,"11":1,"12":1,"13":1,"14":1,"15":1},"f":{"0":1},"b":{"0":[1,1,1],"1":[0,1],"2":[1,1],"3":[1,0],"4":[8,36]},"_coverageSchema":"43e27e138ebf9cfc5966b082cf9a028302ed4184","hash":"a173ad6c8e6fcaff5134012291cd6ac5fb8d8c80","contentHash":"a697f420c33981a6cdfd49e1aaf0acc7907b54ae73776c1c29568d95590eedef"},"/home/nineleaps/soumyaPetStore/app/services/petService.ts":{"path":"/home/nineleaps/soumyaPetStore/app/services/petService.ts","statementMap":{"0":{"start":{"line":2,"column":16},"end":{"line":9,"column":1}},"1":{"start":{"line":3,"column":4},"end":{"line":8,"column":7}},"2":{"start":{"line":4,"column":36},"end":{"line":4,"column":97}},"3":{"start":{"line":4,"column":42},"end":{"line":4,"column":70}},"4":{"start":{"line":4,"column":85},"end":{"line":4,"column":95}},"5":{"start":{"line":5,"column":35},"end":{"line":5,"column":100}},"6":{"start":{"line":5,"column":41},"end":{"line":5,"column":73}},"7":{"start":{"line":5,"column":88},"end":{"line":5,"column":98}},"8":{"start":{"line":6,"column":32},"end":{"line":6,"column":149}},"9":{"start":{"line":6,"column":97},"end":{"line":6,"column":119}},"10":{"start":{"line":7,"column":8},"end":{"line":7,"column":78}},"11":{"start":{"line":10,"column":22},"end":{"line":12,"column":1}},"12":{"start":{"line":11,"column":4},"end":{"line":11,"column":62}},"13":{"start":{"line":13,"column":0},"end":{"line":13,"column":62}},"14":{"start":{"line":14,"column":23},"end":{"line":14,"column":76}},"15":{"start":{"line":15,"column":23},"end":{"line":15,"column":73}},"16":{"start":{"line":18,"column":8},"end":{"line":25,"column":11}},"17":{"start":{"line":18,"column":28},"end":{"line":25,"column":10}},"18":{"start":{"line":19,"column":12},"end":{"line":24,"column":13}},"19":{"start":{"line":20,"column":16},"end":{"line":20,"column":57}},"20":{"start":{"line":23,"column":16},"end":{"line":23,"column":144}},"21":{"start":{"line":35,"column":8},"end":{"line":42,"column":11}},"22":{"start":{"line":35,"column":34},"end":{"line":42,"column":10}},"23":{"start":{"line":36,"column":12},"end":{"line":41,"column":13}},"24":{"start":{"line":37,"column":16},"end":{"line":37,"column":56}},"25":{"start":{"line":40,"column":16},"end":{"line":40,"column":176}},"26":{"start":{"line":50,"column":8},"end":{"line":68,"column":11}},"27":{"start":{"line":50,"column":44},"end":{"line":68,"column":10}},"28":{"start":{"line":51,"column":12},"end":{"line":67,"column":13}},"29":{"start":{"line":52,"column":32},"end":{"line":52,"column":81}},"30":{"start":{"line":53,"column":16},"end":{"line":58,"column":17}},"31":{"start":{"line":54,"column":20},"end":{"line":54,"column":35}},"32":{"start":{"line":57,"column":20},"end":{"line":57,"column":148}},"33":{"start":{"line":61,"column":16},"end":{"line":66,"column":17}},"34":{"start":{"line":62,"column":20},"end":{"line":62,"column":152}},"35":{"start":{"line":65,"column":20},"end":{"line":65,"column":180}},"36":{"start":{"line":69,"column":8},"end":{"line":85,"column":11}},"37":{"start":{"line":69,"column":33},"end":{"line":85,"column":10}},"38":{"start":{"line":70,"column":12},"end":{"line":84,"column":13}},"39":{"start":{"line":71,"column":31},"end":{"line":71,"column":69}},"40":{"start":{"line":72,"column":16},"end":{"line":74,"column":17}},"41":{"start":{"line":73,"column":20},"end":{"line":73,"column":148}},"42":{"start":{"line":75,"column":16},"end":{"line":75,"column":29}},"43":{"start":{"line":78,"column":16},"end":{"line":83,"column":17}},"44":{"start":{"line":79,"column":20},"end":{"line":79,"column":148}},"45":{"start":{"line":82,"column":20},"end":{"line":82,"column":180}},"46":{"start":{"line":86,"column":8},"end":{"line":97,"column":11}},"47":{"start":{"line":86,"column":39},"end":{"line":97,"column":10}},"48":{"start":{"line":87,"column":12},"end":{"line":96,"column":13}},"49":{"start":{"line":88,"column":30},"end":{"line":88,"column":74}},"50":{"start":{"line":89,"column":16},"end":{"line":91,"column":17}},"51":{"start":{"line":90,"column":20},"end":{"line":90,"column":148}},"52":{"start":{"line":92,"column":16},"end":{"line":92,"column":29}},"53":{"start":{"line":95,"column":16},"end":{"line":95,"column":144}},"54":{"start":{"line":98,"column":8},"end":{"line":98,"column":43}},"55":{"start":{"line":101,"column":0},"end":{"line":101,"column":32}},"56":{"start":{"line":102,"column":0},"end":{"line":102,"column":29}}},"fnMap":{"0":{"name":"(anonymous_0)","decl":{"start":{"line":2,"column":44},"end":{"line":2,"column":45}},"loc":{"start":{"line":2,"column":89},"end":{"line":9,"column":1}},"line":2},"1":{"name":"(anonymous_1)","decl":{"start":{"line":3,"column":36},"end":{"line":3,"column":37}},"loc":{"start":{"line":3,"column":63},"end":{"line":8,"column":5}},"line":3},"2":{"name":"fulfilled","decl":{"start":{"line":4,"column":17},"end":{"line":4,"column":26}},"loc":{"start":{"line":4,"column":34},"end":{"line":4,"column":99}},"line":4},"3":{"name":"rejected","decl":{"start":{"line":5,"column":17},"end":{"line":5,"column":25}},"loc":{"start":{"line":5,"column":33},"end":{"line":5,"column":102}},"line":5},"4":{"name":"step","decl":{"start":{"line":6,"column":17},"end":{"line":6,"column":21}},"loc":{"start":{"line":6,"column":30},"end":{"line":6,"column":151}},"line":6},"5":{"name":"(anonymous_5)","decl":{"start":{"line":6,"column":76},"end":{"line":6,"column":77}},"loc":{"start":{"line":6,"column":95},"end":{"line":6,"column":121}},"line":6},"6":{"name":"(anonymous_6)","decl":{"start":{"line":10,"column":56},"end":{"line":10,"column":57}},"loc":{"start":{"line":10,"column":71},"end":{"line":12,"column":1}},"line":10},"7":{"name":"(anonymous_7)","decl":{"start":{"line":17,"column":4},"end":{"line":17,"column":5}},"loc":{"start":{"line":17,"column":31},"end":{"line":99,"column":5}},"line":17},"8":{"name":"(anonymous_8)","decl":{"start":{"line":18,"column":22},"end":{"line":18,"column":23}},"loc":{"start":{"line":18,"column":28},"end":{"line":25,"column":10}},"line":18},"9":{"name":"(anonymous_9)","decl":{"start":{"line":18,"column":60},"end":{"line":18,"column":61}},"loc":{"start":{"line":18,"column":73},"end":{"line":25,"column":9}},"line":18},"10":{"name":"(anonymous_10)","decl":{"start":{"line":35,"column":22},"end":{"line":35,"column":23}},"loc":{"start":{"line":35,"column":34},"end":{"line":42,"column":10}},"line":35},"11":{"name":"(anonymous_11)","decl":{"start":{"line":35,"column":66},"end":{"line":35,"column":67}},"loc":{"start":{"line":35,"column":79},"end":{"line":42,"column":9}},"line":35},"12":{"name":"(anonymous_12)","decl":{"start":{"line":50,"column":30},"end":{"line":50,"column":31}},"loc":{"start":{"line":50,"column":44},"end":{"line":68,"column":10}},"line":50},"13":{"name":"(anonymous_13)","decl":{"start":{"line":50,"column":76},"end":{"line":50,"column":77}},"loc":{"start":{"line":50,"column":89},"end":{"line":68,"column":9}},"line":50},"14":{"name":"(anonymous_14)","decl":{"start":{"line":69,"column":25},"end":{"line":69,"column":26}},"loc":{"start":{"line":69,"column":33},"end":{"line":85,"column":10}},"line":69},"15":{"name":"(anonymous_15)","decl":{"start":{"line":69,"column":65},"end":{"line":69,"column":66}},"loc":{"start":{"line":69,"column":78},"end":{"line":85,"column":9}},"line":69},"16":{"name":"(anonymous_16)","decl":{"start":{"line":86,"column":25},"end":{"line":86,"column":26}},"loc":{"start":{"line":86,"column":39},"end":{"line":97,"column":10}},"line":86},"17":{"name":"(anonymous_17)","decl":{"start":{"line":86,"column":71},"end":{"line":86,"column":72}},"loc":{"start":{"line":86,"column":84},"end":{"line":97,"column":9}},"line":86}},"branchMap":{"0":{"loc":{"start":{"line":2,"column":16},"end":{"line":9,"column":1}},"type":"binary-expr","locations":[{"start":{"line":2,"column":17},"end":{"line":2,"column":21}},{"start":{"line":2,"column":25},"end":{"line":2,"column":39}},{"start":{"line":2,"column":44},"end":{"line":9,"column":1}}],"line":2},"1":{"loc":{"start":{"line":3,"column":16},"end":{"line":3,"column":34}},"type":"binary-expr","locations":[{"start":{"line":3,"column":16},"end":{"line":3,"column":17}},{"start":{"line":3,"column":22},"end":{"line":3,"column":33}}],"line":3},"2":{"loc":{"start":{"line":6,"column":32},"end":{"line":6,"column":148}},"type":"cond-expr","locations":[{"start":{"line":6,"column":46},"end":{"line":6,"column":67}},{"start":{"line":6,"column":70},"end":{"line":6,"column":148}}],"line":6},"3":{"loc":{"start":{"line":7,"column":51},"end":{"line":7,"column":67}},"type":"binary-expr","locations":[{"start":{"line":7,"column":51},"end":{"line":7,"column":61}},{"start":{"line":7,"column":65},"end":{"line":7,"column":67}}],"line":7},"4":{"loc":{"start":{"line":10,"column":22},"end":{"line":12,"column":1}},"type":"binary-expr","locations":[{"start":{"line":10,"column":23},"end":{"line":10,"column":27}},{"start":{"line":10,"column":31},"end":{"line":10,"column":51}},{"start":{"line":10,"column":56},"end":{"line":12,"column":1}}],"line":10},"5":{"loc":{"start":{"line":11,"column":11},"end":{"line":11,"column":61}},"type":"cond-expr","locations":[{"start":{"line":11,"column":37},"end":{"line":11,"column":40}},{"start":{"line":11,"column":43},"end":{"line":11,"column":61}}],"line":11},"6":{"loc":{"start":{"line":11,"column":12},"end":{"line":11,"column":33}},"type":"binary-expr","locations":[{"start":{"line":11,"column":12},"end":{"line":11,"column":15}},{"start":{"line":11,"column":19},"end":{"line":11,"column":33}}],"line":11},"7":{"loc":{"start":{"line":53,"column":16},"end":{"line":58,"column":17}},"type":"if","locations":[{"start":{"line":53,"column":16},"end":{"line":58,"column":17}},{"start":{"line":53,"column":16},"end":{"line":58,"column":17}}],"line":53},"8":{"loc":{"start":{"line":61,"column":16},"end":{"line":66,"column":17}},"type":"if","locations":[{"start":{"line":61,"column":16},"end":{"line":66,"column":17}},{"start":{"line":61,"column":16},"end":{"line":66,"column":17}}],"line":61},"9":{"loc":{"start":{"line":72,"column":16},"end":{"line":74,"column":17}},"type":"if","locations":[{"start":{"line":72,"column":16},"end":{"line":74,"column":17}},{"start":{"line":72,"column":16},"end":{"line":74,"column":17}}],"line":72},"10":{"loc":{"start":{"line":78,"column":16},"end":{"line":83,"column":17}},"type":"if","locations":[{"start":{"line":78,"column":16},"end":{"line":83,"column":17}},{"start":{"line":78,"column":16},"end":{"line":83,"column":17}}],"line":78},"11":{"loc":{"start":{"line":89,"column":16},"end":{"line":91,"column":17}},"type":"if","locations":[{"start":{"line":89,"column":16},"end":{"line":91,"column":17}},{"start":{"line":89,"column":16},"end":{"line":91,"column":17}}],"line":89},"12":{"loc":{"start":{"line":89,"column":20},"end":{"line":89,"column":50}},"type":"binary-expr","locations":[{"start":{"line":89,"column":20},"end":{"line":89,"column":34}},{"start":{"line":89,"column":38},"end":{"line":89,"column":50}}],"line":89}},"s":{"0":1,"1":11,"2":5,"3":5,"4":0,"5":0,"6":0,"7":0,"8":10,"9":5,"10":11,"11":1,"12":2,"13":1,"14":1,"15":1,"16":26,"17":2,"18":2,"19":2,"20":1,"21":26,"22":2,"23":2,"24":2,"25":1,"26":26,"27":2,"28":2,"29":2,"30":1,"31":1,"32":0,"33":1,"34":0,"35":1,"36":26,"37":2,"38":2,"39":2,"40":1,"41":0,"42":1,"43":1,"44":0,"45":1,"46":26,"47":3,"48":3,"49":3,"50":1,"51":0,"52":1,"53":2,"54":26,"55":1,"56":1},"f":{"0":11,"1":11,"2":5,"3":0,"4":10,"5":5,"6":2,"7":26,"8":2,"9":2,"10":2,"11":2,"12":2,"13":2,"14":2,"15":2,"16":3,"17":3},"b":{"0":[1,1,1],"1":[11,11],"2":[5,5],"3":[11,11],"4":[1,1,1],"5":[2,0],"6":[2,2],"7":[1,0],"8":[0,1],"9":[0,1],"10":[0,1],"11":[0,1],"12":[1,1]},"_coverageSchema":"43e27e138ebf9cfc5966b082cf9a028302ed4184","hash":"59e3469414e19d621b0c12b91ecfe2e5ba7e2ee7","contentHash":"ff42d4a22411b146372938fd15a1742913c28fd93e69fc901708bb4019575627"},"/home/nineleaps/soumyaPetStore/app/constants/appConstants.ts":{"path":"/home/nineleaps/soumyaPetStore/app/constants/appConstants.ts","statementMap":{"0":{"start":{"line":2,"column":0},"end":{"line":2,"column":62}},"1":{"start":{"line":3,"column":0},"end":{"line":12,"column":2}},"2":{"start":{"line":13,"column":0},"end":{"line":19,"column":2}},"3":{"start":{"line":20,"column":0},"end":{"line":23,"column":2}}},"fnMap":{},"branchMap":{},"s":{"0":1,"1":1,"2":1,"3":1},"f":{},"b":{},"_coverageSchema":"43e27e138ebf9cfc5966b082cf9a028302ed4184","hash":"8c510f914bd2362d446db42578baf2c0bce56ade","contentHash":"db351c45b7a8eb3489f8987b7602cd85fddd1efe408090966c51ef57d8e4fb5b"},"/home/nineleaps/soumyaPetStore/app/errors/ServiceError.ts":{"path":"/home/nineleaps/soumyaPetStore/app/errors/ServiceError.ts","statementMap":{"0":{"start":{"line":2,"column":0},"end":{"line":2,"column":62}},"1":{"start":{"line":5,"column":8},"end":{"line":5,"column":23}},"2":{"start":{"line":6,"column":8},"end":{"line":6,"column":25}},"3":{"start":{"line":9,"column":0},"end":{"line":9,"column":31}}},"fnMap":{"0":{"name":"(anonymous_0)","decl":{"start":{"line":4,"column":4},"end":{"line":4,"column":5}},"loc":{"start":{"line":4,"column":31},"end":{"line":7,"column":5}},"line":4}},"branchMap":{},"s":{"0":1,"1":13,"2":13,"3":1},"f":{"0":13},"b":{},"_coverageSchema":"43e27e138ebf9cfc5966b082cf9a028302ed4184","hash":"cb3d6e2032d8b90fa006c35a355d219f7f8a5c19","contentHash":"d632c01e53b0a7d2232fcb37711599ff0a445d81260c0c75117165f8245f62ab"},"/home/nineleaps/soumyaPetStore/app/controllers/petController.ts":{"path":"/home/nineleaps/soumyaPetStore/app/controllers/petController.ts","statementMap":{"0":{"start":{"line":2,"column":16},"end":{"line":9,"column":1}},"1":{"start":{"line":3,"column":4},"end":{"line":8,"column":7}},"2":{"start":{"line":4,"column":36},"end":{"line":4,"column":97}},"3":{"start":{"line":4,"column":42},"end":{"line":4,"column":70}},"4":{"start":{"line":4,"column":85},"end":{"line":4,"column":95}},"5":{"start":{"line":5,"column":35},"end":{"line":5,"column":100}},"6":{"start":{"line":5,"column":41},"end":{"line":5,"column":73}},"7":{"start":{"line":5,"column":88},"end":{"line":5,"column":98}},"8":{"start":{"line":6,"column":32},"end":{"line":6,"column":149}},"9":{"start":{"line":6,"column":97},"end":{"line":6,"column":119}},"10":{"start":{"line":7,"column":8},"end":{"line":7,"column":78}},"11":{"start":{"line":10,"column":22},"end":{"line":12,"column":1}},"12":{"start":{"line":11,"column":4},"end":{"line":11,"column":62}},"13":{"start":{"line":13,"column":0},"end":{"line":13,"column":62}},"14":{"start":{"line":14,"column":23},"end":{"line":14,"column":76}},"15":{"start":{"line":15,"column":19},"end":{"line":15,"column":55}},"16":{"start":{"line":16,"column":23},"end":{"line":16,"column":73}},"17":{"start":{"line":17,"column":14},"end":{"line":17,"column":55}},"18":{"start":{"line":18,"column":25},"end":{"line":18,"column":69}},"19":{"start":{"line":22,"column":8},"end":{"line":22,"column":16}},"20":{"start":{"line":23,"column":8},"end":{"line":37,"column":11}},"21":{"start":{"line":23,"column":36},"end":{"line":37,"column":10}},"22":{"start":{"line":24,"column":12},"end":{"line":36,"column":13}},"23":{"start":{"line":25,"column":28},"end":{"line":25,"column":58}},"24":{"start":{"line":26,"column":16},"end":{"line":26,"column":62}},"25":{"start":{"line":29,"column":16},"end":{"line":35,"column":17}},"26":{"start":{"line":31,"column":20},"end":{"line":31,"column":168}},"27":{"start":{"line":34,"column":20},"end":{"line":34,"column":32}},"28":{"start":{"line":61,"column":8},"end":{"line":84,"column":11}},"29":{"start":{"line":61,"column":36},"end":{"line":84,"column":10}},"30":{"start":{"line":62,"column":12},"end":{"line":83,"column":13}},"31":{"start":{"line":63,"column":31},"end":{"line":72,"column":18}},"32":{"start":{"line":73,"column":33},"end":{"line":73,"column":69}},"33":{"start":{"line":74,"column":16},"end":{"line":74,"column":73}},"34":{"start":{"line":77,"column":16},"end":{"line":82,"column":17}},"35":{"start":{"line":78,"column":20},"end":{"line":78,"column":197}},"36":{"start":{"line":81,"column":20},"end":{"line":81,"column":32}},"37":{"start":{"line":113,"column":8},"end":{"line":147,"column":11}},"38":{"start":{"line":113,"column":44},"end":{"line":147,"column":10}},"39":{"start":{"line":114,"column":12},"end":{"line":146,"column":13}},"40":{"start":{"line":115,"column":27},"end":{"line":115,"column":42}},"41":{"start":{"line":116,"column":29},"end":{"line":116,"column":43}},"42":{"start":{"line":117,"column":28},"end":{"line":117,"column":74}},"43":{"start":{"line":123,"column":16},"end":{"line":123,"column":62}},"44":{"start":{"line":127,"column":16},"end":{"line":145,"column":17}},"45":{"start":{"line":130,"column":20},"end":{"line":130,"column":168}},"46":{"start":{"line":139,"column":21},"end":{"line":145,"column":17}},"47":{"start":{"line":141,"column":20},"end":{"line":141,"column":174}},"48":{"start":{"line":144,"column":20},"end":{"line":144,"column":32}},"49":{"start":{"line":148,"column":8},"end":{"line":167,"column":11}},"50":{"start":{"line":148,"column":39},"end":{"line":167,"column":10}},"51":{"start":{"line":149,"column":12},"end":{"line":166,"column":13}},"52":{"start":{"line":150,"column":27},"end":{"line":150,"column":43}},"53":{"start":{"line":151,"column":16},"end":{"line":151,"column":52}},"54":{"start":{"line":157,"column":16},"end":{"line":157,"column":88}},"55":{"start":{"line":160,"column":16},"end":{"line":165,"column":17}},"56":{"start":{"line":161,"column":20},"end":{"line":161,"column":168}},"57":{"start":{"line":164,"column":20},"end":{"line":164,"column":32}},"58":{"start":{"line":168,"column":8},"end":{"line":198,"column":11}},"59":{"start":{"line":168,"column":39},"end":{"line":198,"column":10}},"60":{"start":{"line":169,"column":12},"end":{"line":197,"column":13}},"61":{"start":{"line":170,"column":27},"end":{"line":170,"column":43}},"62":{"start":{"line":171,"column":29},"end":{"line":171,"column":37}},"63":{"start":{"line":172,"column":28},"end":{"line":172,"column":69}},"64":{"start":{"line":188,"column":16},"end":{"line":188,"column":62}},"65":{"start":{"line":191,"column":16},"end":{"line":196,"column":17}},"66":{"start":{"line":192,"column":20},"end":{"line":192,"column":168}},"67":{"start":{"line":195,"column":20},"end":{"line":195,"column":32}},"68":{"start":{"line":199,"column":8},"end":{"line":199,"column":37}},"69":{"start":{"line":202,"column":0},"end":{"line":202,"column":38}},"70":{"start":{"line":203,"column":0},"end":{"line":203,"column":32}}},"fnMap":{"0":{"name":"(anonymous_0)","decl":{"start":{"line":2,"column":44},"end":{"line":2,"column":45}},"loc":{"start":{"line":2,"column":89},"end":{"line":9,"column":1}},"line":2},"1":{"name":"(anonymous_1)","decl":{"start":{"line":3,"column":36},"end":{"line":3,"column":37}},"loc":{"start":{"line":3,"column":63},"end":{"line":8,"column":5}},"line":3},"2":{"name":"fulfilled","decl":{"start":{"line":4,"column":17},"end":{"line":4,"column":26}},"loc":{"start":{"line":4,"column":34},"end":{"line":4,"column":99}},"line":4},"3":{"name":"rejected","decl":{"start":{"line":5,"column":17},"end":{"line":5,"column":25}},"loc":{"start":{"line":5,"column":33},"end":{"line":5,"column":102}},"line":5},"4":{"name":"step","decl":{"start":{"line":6,"column":17},"end":{"line":6,"column":21}},"loc":{"start":{"line":6,"column":30},"end":{"line":6,"column":151}},"line":6},"5":{"name":"(anonymous_5)","decl":{"start":{"line":6,"column":76},"end":{"line":6,"column":77}},"loc":{"start":{"line":6,"column":95},"end":{"line":6,"column":121}},"line":6},"6":{"name":"(anonymous_6)","decl":{"start":{"line":10,"column":56},"end":{"line":10,"column":57}},"loc":{"start":{"line":10,"column":71},"end":{"line":12,"column":1}},"line":10},"7":{"name":"(anonymous_7)","decl":{"start":{"line":21,"column":4},"end":{"line":21,"column":5}},"loc":{"start":{"line":21,"column":28},"end":{"line":200,"column":5}},"line":21},"8":{"name":"(anonymous_8)","decl":{"start":{"line":23,"column":22},"end":{"line":23,"column":23}},"loc":{"start":{"line":23,"column":36},"end":{"line":37,"column":10}},"line":23},"9":{"name":"(anonymous_9)","decl":{"start":{"line":23,"column":68},"end":{"line":23,"column":69}},"loc":{"start":{"line":23,"column":81},"end":{"line":37,"column":9}},"line":23},"10":{"name":"(anonymous_10)","decl":{"start":{"line":61,"column":22},"end":{"line":61,"column":23}},"loc":{"start":{"line":61,"column":36},"end":{"line":84,"column":10}},"line":61},"11":{"name":"(anonymous_11)","decl":{"start":{"line":61,"column":68},"end":{"line":61,"column":69}},"loc":{"start":{"line":61,"column":81},"end":{"line":84,"column":9}},"line":61},"12":{"name":"(anonymous_12)","decl":{"start":{"line":113,"column":30},"end":{"line":113,"column":31}},"loc":{"start":{"line":113,"column":44},"end":{"line":147,"column":10}},"line":113},"13":{"name":"(anonymous_13)","decl":{"start":{"line":113,"column":76},"end":{"line":113,"column":77}},"loc":{"start":{"line":113,"column":89},"end":{"line":147,"column":9}},"line":113},"14":{"name":"(anonymous_14)","decl":{"start":{"line":148,"column":25},"end":{"line":148,"column":26}},"loc":{"start":{"line":148,"column":39},"end":{"line":167,"column":10}},"line":148},"15":{"name":"(anonymous_15)","decl":{"start":{"line":148,"column":71},"end":{"line":148,"column":72}},"loc":{"start":{"line":148,"column":84},"end":{"line":167,"column":9}},"line":148},"16":{"name":"(anonymous_16)","decl":{"start":{"line":168,"column":25},"end":{"line":168,"column":26}},"loc":{"start":{"line":168,"column":39},"end":{"line":198,"column":10}},"line":168},"17":{"name":"(anonymous_17)","decl":{"start":{"line":168,"column":71},"end":{"line":168,"column":72}},"loc":{"start":{"line":168,"column":84},"end":{"line":198,"column":9}},"line":168}},"branchMap":{"0":{"loc":{"start":{"line":2,"column":16},"end":{"line":9,"column":1}},"type":"binary-expr","locations":[{"start":{"line":2,"column":17},"end":{"line":2,"column":21}},{"start":{"line":2,"column":25},"end":{"line":2,"column":39}},{"start":{"line":2,"column":44},"end":{"line":9,"column":1}}],"line":2},"1":{"loc":{"start":{"line":3,"column":16},"end":{"line":3,"column":34}},"type":"binary-expr","locations":[{"start":{"line":3,"column":16},"end":{"line":3,"column":17}},{"start":{"line":3,"column":22},"end":{"line":3,"column":33}}],"line":3},"2":{"loc":{"start":{"line":6,"column":32},"end":{"line":6,"column":148}},"type":"cond-expr","locations":[{"start":{"line":6,"column":46},"end":{"line":6,"column":67}},{"start":{"line":6,"column":70},"end":{"line":6,"column":148}}],"line":6},"3":{"loc":{"start":{"line":7,"column":51},"end":{"line":7,"column":67}},"type":"binary-expr","locations":[{"start":{"line":7,"column":51},"end":{"line":7,"column":61}},{"start":{"line":7,"column":65},"end":{"line":7,"column":67}}],"line":7},"4":{"loc":{"start":{"line":10,"column":22},"end":{"line":12,"column":1}},"type":"binary-expr","locations":[{"start":{"line":10,"column":23},"end":{"line":10,"column":27}},{"start":{"line":10,"column":31},"end":{"line":10,"column":51}},{"start":{"line":10,"column":56},"end":{"line":12,"column":1}}],"line":10},"5":{"loc":{"start":{"line":11,"column":11},"end":{"line":11,"column":61}},"type":"cond-expr","locations":[{"start":{"line":11,"column":37},"end":{"line":11,"column":40}},{"start":{"line":11,"column":43},"end":{"line":11,"column":61}}],"line":11},"6":{"loc":{"start":{"line":11,"column":12},"end":{"line":11,"column":33}},"type":"binary-expr","locations":[{"start":{"line":11,"column":12},"end":{"line":11,"column":15}},{"start":{"line":11,"column":19},"end":{"line":11,"column":33}}],"line":11},"7":{"loc":{"start":{"line":29,"column":16},"end":{"line":35,"column":17}},"type":"if","locations":[{"start":{"line":29,"column":16},"end":{"line":35,"column":17}},{"start":{"line":29,"column":16},"end":{"line":35,"column":17}}],"line":29},"8":{"loc":{"start":{"line":77,"column":16},"end":{"line":82,"column":17}},"type":"if","locations":[{"start":{"line":77,"column":16},"end":{"line":82,"column":17}},{"start":{"line":77,"column":16},"end":{"line":82,"column":17}}],"line":77},"9":{"loc":{"start":{"line":127,"column":16},"end":{"line":145,"column":17}},"type":"if","locations":[{"start":{"line":127,"column":16},"end":{"line":145,"column":17}},{"start":{"line":127,"column":16},"end":{"line":145,"column":17}}],"line":127},"10":{"loc":{"start":{"line":139,"column":21},"end":{"line":145,"column":17}},"type":"if","locations":[{"start":{"line":139,"column":21},"end":{"line":145,"column":17}},{"start":{"line":139,"column":21},"end":{"line":145,"column":17}}],"line":139},"11":{"loc":{"start":{"line":160,"column":16},"end":{"line":165,"column":17}},"type":"if","locations":[{"start":{"line":160,"column":16},"end":{"line":165,"column":17}},{"start":{"line":160,"column":16},"end":{"line":165,"column":17}}],"line":160},"12":{"loc":{"start":{"line":191,"column":16},"end":{"line":196,"column":17}},"type":"if","locations":[{"start":{"line":191,"column":16},"end":{"line":196,"column":17}},{"start":{"line":191,"column":16},"end":{"line":196,"column":17}}],"line":191}},"s":{"0":1,"1":15,"2":7,"3":7,"4":0,"5":0,"6":0,"7":0,"8":17,"9":7,"10":15,"11":1,"12":5,"13":1,"14":1,"15":1,"16":1,"17":1,"18":1,"19":15,"20":15,"21":3,"22":3,"23":3,"24":1,"25":2,"26":1,"27":1,"28":15,"29":3,"30":3,"31":3,"32":3,"33":1,"34":2,"35":1,"36":1,"37":15,"38":3,"39":3,"40":3,"41":3,"42":3,"43":1,"44":2,"45":1,"46":1,"47":1,"48":0,"49":15,"50":3,"51":3,"52":3,"53":3,"54":1,"55":2,"56":1,"57":1,"58":15,"59":3,"60":3,"61":3,"62":3,"63":3,"64":1,"65":2,"66":1,"67":1,"68":15,"69":1,"70":1},"f":{"0":15,"1":15,"2":7,"3":0,"4":17,"5":7,"6":5,"7":15,"8":3,"9":3,"10":3,"11":3,"12":3,"13":3,"14":3,"15":3,"16":3,"17":3},"b":{"0":[1,1,1],"1":[15,15],"2":[10,7],"3":[15,15],"4":[1,1,1],"5":[4,1],"6":[5,5],"7":[1,1],"8":[1,1],"9":[1,1],"10":[1,0],"11":[1,1],"12":[1,1]},"_coverageSchema":"43e27e138ebf9cfc5966b082cf9a028302ed4184","hash":"40ccb02f3a2e3f82a00ee80e1495bc187f24c56d","contentHash":"3739affb2ca2ffd5034bead8e9e05ab3c8edc0354a050246ea352f5da3af552e"},"/home/nineleaps/soumyaPetStore/app/controllers/baseController.ts":{"path":"/home/nineleaps/soumyaPetStore/app/controllers/baseController.ts","statementMap":{"0":{"start":{"line":2,"column":0},"end":{"line":2,"column":62}},"1":{"start":{"line":3,"column":22},"end":{"line":3,"column":58}},"2":{"start":{"line":6,"column":8},"end":{"line":6,"column":59}},"3":{"start":{"line":9,"column":0},"end":{"line":9,"column":33}}},"fnMap":{"0":{"name":"(anonymous_0)","decl":{"start":{"line":5,"column":4},"end":{"line":5,"column":5}},"loc":{"start":{"line":5,"column":18},"end":{"line":7,"column":5}},"line":5}},"branchMap":{},"s":{"0":1,"1":1,"2":15,"3":1},"f":{"0":15},"b":{},"_coverageSchema":"43e27e138ebf9cfc5966b082cf9a028302ed4184","hash":"2f24a61e985841c4b8e2839477ff34af107639f4","contentHash":"3fe0c779ee9741455218028902c37802dfa408e9f8603b74c566d8b8e59ea17f"},"/home/nineleaps/soumyaPetStore/app/services/appResponse.ts":{"path":"/home/nineleaps/soumyaPetStore/app/services/appResponse.ts","statementMap":{"0":{"start":{"line":2,"column":0},"end":{"line":2,"column":62}},"1":{"start":{"line":5,"column":8},"end":{"line":5,"column":27}},"2":{"start":{"line":6,"column":8},"end":{"line":6,"column":30}},"3":{"start":{"line":7,"column":8},"end":{"line":7,"column":31}},"4":{"start":{"line":8,"column":8},"end":{"line":8,"column":29}},"5":{"start":{"line":9,"column":8},"end":{"line":9,"column":28}},"6":{"start":{"line":10,"column":8},"end":{"line":10,"column":40}},"7":{"start":{"line":11,"column":8},"end":{"line":11,"column":41}},"8":{"start":{"line":12,"column":8},"end":{"line":17,"column":10}},"9":{"start":{"line":13,"column":12},"end":{"line":16,"column":15}},"10":{"start":{"line":18,"column":8},"end":{"line":29,"column":10}},"11":{"start":{"line":19,"column":12},"end":{"line":28,"column":15}},"12":{"start":{"line":30,"column":8},"end":{"line":41,"column":10}},"13":{"start":{"line":31,"column":12},"end":{"line":40,"column":15}},"14":{"start":{"line":42,"column":8},"end":{"line":53,"column":10}},"15":{"start":{"line":43,"column":12},"end":{"line":52,"column":15}},"16":{"start":{"line":54,"column":8},"end":{"line":65,"column":10}},"17":{"start":{"line":55,"column":12},"end":{"line":64,"column":15}},"18":{"start":{"line":66,"column":8},"end":{"line":68,"column":10}},"19":{"start":{"line":67,"column":12},"end":{"line":67,"column":49}},"20":{"start":{"line":69,"column":8},"end":{"line":80,"column":10}},"21":{"start":{"line":70,"column":12},"end":{"line":79,"column":15}},"22":{"start":{"line":83,"column":0},"end":{"line":83,"column":34}}},"fnMap":{"0":{"name":"(anonymous_0)","decl":{"start":{"line":4,"column":4},"end":{"line":4,"column":5}},"loc":{"start":{"line":4,"column":18},"end":{"line":81,"column":5}},"line":4},"1":{"name":"(anonymous_1)","decl":{"start":{"line":12,"column":23},"end":{"line":12,"column":24}},"loc":{"start":{"line":12,"column":38},"end":{"line":17,"column":9}},"line":12},"2":{"name":"(anonymous_2)","decl":{"start":{"line":18,"column":21},"end":{"line":18,"column":22}},"loc":{"start":{"line":18,"column":58},"end":{"line":29,"column":9}},"line":18},"3":{"name":"(anonymous_3)","decl":{"start":{"line":30,"column":35},"end":{"line":30,"column":36}},"loc":{"start":{"line":30,"column":72},"end":{"line":41,"column":9}},"line":30},"4":{"name":"(anonymous_4)","decl":{"start":{"line":42,"column":26},"end":{"line":42,"column":27}},"loc":{"start":{"line":42,"column":63},"end":{"line":53,"column":9}},"line":42},"5":{"name":"(anonymous_5)","decl":{"start":{"line":54,"column":24},"end":{"line":54,"column":25}},"loc":{"start":{"line":54,"column":61},"end":{"line":65,"column":9}},"line":54},"6":{"name":"(anonymous_6)","decl":{"start":{"line":66,"column":25},"end":{"line":66,"column":26}},"loc":{"start":{"line":66,"column":34},"end":{"line":68,"column":9}},"line":66},"7":{"name":"(anonymous_7)","decl":{"start":{"line":69,"column":24},"end":{"line":69,"column":25}},"loc":{"start":{"line":69,"column":61},"end":{"line":80,"column":9}},"line":69}},"branchMap":{},"s":{"0":1,"1":22,"2":22,"3":22,"4":22,"5":22,"6":22,"7":22,"8":22,"9":1,"10":22,"11":1,"12":22,"13":1,"14":22,"15":2,"16":22,"17":1,"18":22,"19":1,"20":22,"21":1,"22":1},"f":{"0":22,"1":1,"2":1,"3":1,"4":2,"5":1,"6":1,"7":1},"b":{},"_coverageSchema":"43e27e138ebf9cfc5966b082cf9a028302ed4184","hash":"ae4b7f932815e0fd4eed1aa8f960c73a88f1846a","contentHash":"472daf323c8d5af1337f130413ef290ea1b1409e10bbbefcf8228405ba27ac51"},"/home/nineleaps/soumyaPetStore/app/tests/repositories/petRepository.test.ts":{"path":"/home/nineleaps/soumyaPetStore/app/tests/repositories/petRepository.test.ts","statementMap":{"0":{"start":{"line":2,"column":16},"end":{"line":9,"column":1}},"1":{"start":{"line":3,"column":4},"end":{"line":8,"column":7}},"2":{"start":{"line":4,"column":36},"end":{"line":4,"column":97}},"3":{"start":{"line":4,"column":42},"end":{"line":4,"column":70}},"4":{"start":{"line":4,"column":85},"end":{"line":4,"column":95}},"5":{"start":{"line":5,"column":35},"end":{"line":5,"column":100}},"6":{"start":{"line":5,"column":41},"end":{"line":5,"column":73}},"7":{"start":{"line":5,"column":88},"end":{"line":5,"column":98}},"8":{"start":{"line":6,"column":32},"end":{"line":6,"column":149}},"9":{"start":{"line":6,"column":97},"end":{"line":6,"column":119}},"10":{"start":{"line":7,"column":8},"end":{"line":7,"column":78}},"11":{"start":{"line":10,"column":22},"end":{"line":12,"column":1}},"12":{"start":{"line":11,"column":4},"end":{"line":11,"column":62}},"13":{"start":{"line":13,"column":0},"end":{"line":13,"column":62}},"14":{"start":{"line":14,"column":15},"end":{"line":14,"column":47}},"15":{"start":{"line":15,"column":16},"end":{"line":15,"column":49}},"16":{"start":{"line":16,"column":14},"end":{"line":16,"column":58}},"17":{"start":{"line":17,"column":24},"end":{"line":17,"column":69}},"18":{"start":{"line":18,"column":15},"end":{"line":18,"column":36}},"19":{"start":{"line":19,"column":0},"end":{"line":168,"column":3}},"20":{"start":{"line":21,"column":4},"end":{"line":23,"column":7}},"21":{"start":{"line":22,"column":8},"end":{"line":22,"column":59}},"22":{"start":{"line":24,"column":4},"end":{"line":41,"column":8}},"23":{"start":{"line":24,"column":48},"end":{"line":41,"column":6}},"24":{"start":{"line":25,"column":21},"end":{"line":36,"column":9}},"25":{"start":{"line":37,"column":8},"end":{"line":37,"column":40}},"26":{"start":{"line":38,"column":25},"end":{"line":38,"column":75}},"27":{"start":{"line":39,"column":8},"end":{"line":39,"column":61}},"28":{"start":{"line":40,"column":8},"end":{"line":40,"column":38}},"29":{"start":{"line":60,"column":4},"end":{"line":77,"column":8}},"30":{"start":{"line":60,"column":73},"end":{"line":77,"column":6}},"31":{"start":{"line":61,"column":21},"end":{"line":72,"column":9}},"32":{"start":{"line":73,"column":8},"end":{"line":73,"column":40}},"33":{"start":{"line":74,"column":25},"end":{"line":74,"column":107}},"34":{"start":{"line":75,"column":8},"end":{"line":75,"column":62}},"35":{"start":{"line":76,"column":8},"end":{"line":76,"column":38}},"36":{"start":{"line":78,"column":4},"end":{"line":95,"column":8}},"37":{"start":{"line":78,"column":64},"end":{"line":95,"column":6}},"38":{"start":{"line":79,"column":21},"end":{"line":90,"column":9}},"39":{"start":{"line":91,"column":8},"end":{"line":91,"column":40}},"40":{"start":{"line":92,"column":25},"end":{"line":92,"column":104}},"41":{"start":{"line":93,"column":8},"end":{"line":93,"column":63}},"42":{"start":{"line":94,"column":8},"end":{"line":94,"column":38}},"43":{"start":{"line":96,"column":4},"end":{"line":113,"column":8}},"44":{"start":{"line":96,"column":66},"end":{"line":113,"column":6}},"45":{"start":{"line":97,"column":21},"end":{"line":108,"column":9}},"46":{"start":{"line":109,"column":8},"end":{"line":109,"column":40}},"47":{"start":{"line":110,"column":25},"end":{"line":110,"column":106}},"48":{"start":{"line":111,"column":8},"end":{"line":111,"column":63}},"49":{"start":{"line":112,"column":8},"end":{"line":112,"column":38}},"50":{"start":{"line":114,"column":4},"end":{"line":131,"column":8}},"51":{"start":{"line":114,"column":58},"end":{"line":131,"column":6}},"52":{"start":{"line":115,"column":23},"end":{"line":126,"column":9}},"53":{"start":{"line":127,"column":8},"end":{"line":127,"column":44}},"54":{"start":{"line":128,"column":25},"end":{"line":128,"column":81}},"55":{"start":{"line":129,"column":8},"end":{"line":129,"column":63}},"56":{"start":{"line":130,"column":8},"end":{"line":130,"column":40}},"57":{"start":{"line":132,"column":4},"end":{"line":149,"column":8}},"58":{"start":{"line":132,"column":75},"end":{"line":149,"column":6}},"59":{"start":{"line":133,"column":21},"end":{"line":144,"column":9}},"60":{"start":{"line":145,"column":8},"end":{"line":145,"column":53}},"61":{"start":{"line":146,"column":25},"end":{"line":146,"column":94}},"62":{"start":{"line":147,"column":8},"end":{"line":147,"column":74}},"63":{"start":{"line":148,"column":8},"end":{"line":148,"column":38}},"64":{"start":{"line":150,"column":4},"end":{"line":167,"column":8}},"65":{"start":{"line":150,"column":55},"end":{"line":167,"column":6}},"66":{"start":{"line":151,"column":21},"end":{"line":162,"column":9}},"67":{"start":{"line":163,"column":8},"end":{"line":163,"column":71}},"68":{"start":{"line":164,"column":25},"end":{"line":164,"column":88}},"69":{"start":{"line":165,"column":8},"end":{"line":165,"column":74}},"70":{"start":{"line":166,"column":8},"end":{"line":166,"column":56}}},"fnMap":{"0":{"name":"(anonymous_0)","decl":{"start":{"line":2,"column":44},"end":{"line":2,"column":45}},"loc":{"start":{"line":2,"column":89},"end":{"line":9,"column":1}},"line":2},"1":{"name":"(anonymous_1)","decl":{"start":{"line":3,"column":36},"end":{"line":3,"column":37}},"loc":{"start":{"line":3,"column":63},"end":{"line":8,"column":5}},"line":3},"2":{"name":"fulfilled","decl":{"start":{"line":4,"column":17},"end":{"line":4,"column":26}},"loc":{"start":{"line":4,"column":34},"end":{"line":4,"column":99}},"line":4},"3":{"name":"rejected","decl":{"start":{"line":5,"column":17},"end":{"line":5,"column":25}},"loc":{"start":{"line":5,"column":33},"end":{"line":5,"column":102}},"line":5},"4":{"name":"step","decl":{"start":{"line":6,"column":17},"end":{"line":6,"column":21}},"loc":{"start":{"line":6,"column":30},"end":{"line":6,"column":151}},"line":6},"5":{"name":"(anonymous_5)","decl":{"start":{"line":6,"column":76},"end":{"line":6,"column":77}},"loc":{"start":{"line":6,"column":95},"end":{"line":6,"column":121}},"line":6},"6":{"name":"(anonymous_6)","decl":{"start":{"line":10,"column":56},"end":{"line":10,"column":57}},"loc":{"start":{"line":10,"column":71},"end":{"line":12,"column":1}},"line":10},"7":{"name":"(anonymous_7)","decl":{"start":{"line":19,"column":32},"end":{"line":19,"column":33}},"loc":{"start":{"line":19,"column":38},"end":{"line":168,"column":1}},"line":19},"8":{"name":"(anonymous_8)","decl":{"start":{"line":21,"column":11},"end":{"line":21,"column":12}},"loc":{"start":{"line":21,"column":17},"end":{"line":23,"column":5}},"line":21},"9":{"name":"(anonymous_9)","decl":{"start":{"line":24,"column":42},"end":{"line":24,"column":43}},"loc":{"start":{"line":24,"column":48},"end":{"line":41,"column":6}},"line":24},"10":{"name":"(anonymous_10)","decl":{"start":{"line":24,"column":80},"end":{"line":24,"column":81}},"loc":{"start":{"line":24,"column":93},"end":{"line":41,"column":5}},"line":24},"11":{"name":"(anonymous_11)","decl":{"start":{"line":60,"column":67},"end":{"line":60,"column":68}},"loc":{"start":{"line":60,"column":73},"end":{"line":77,"column":6}},"line":60},"12":{"name":"(anonymous_12)","decl":{"start":{"line":60,"column":105},"end":{"line":60,"column":106}},"loc":{"start":{"line":60,"column":118},"end":{"line":77,"column":5}},"line":60},"13":{"name":"(anonymous_13)","decl":{"start":{"line":78,"column":58},"end":{"line":78,"column":59}},"loc":{"start":{"line":78,"column":64},"end":{"line":95,"column":6}},"line":78},"14":{"name":"(anonymous_14)","decl":{"start":{"line":78,"column":96},"end":{"line":78,"column":97}},"loc":{"start":{"line":78,"column":109},"end":{"line":95,"column":5}},"line":78},"15":{"name":"(anonymous_15)","decl":{"start":{"line":96,"column":60},"end":{"line":96,"column":61}},"loc":{"start":{"line":96,"column":66},"end":{"line":113,"column":6}},"line":96},"16":{"name":"(anonymous_16)","decl":{"start":{"line":96,"column":98},"end":{"line":96,"column":99}},"loc":{"start":{"line":96,"column":111},"end":{"line":113,"column":5}},"line":96},"17":{"name":"(anonymous_17)","decl":{"start":{"line":114,"column":52},"end":{"line":114,"column":53}},"loc":{"start":{"line":114,"column":58},"end":{"line":131,"column":6}},"line":114},"18":{"name":"(anonymous_18)","decl":{"start":{"line":114,"column":90},"end":{"line":114,"column":91}},"loc":{"start":{"line":114,"column":103},"end":{"line":131,"column":5}},"line":114},"19":{"name":"(anonymous_19)","decl":{"start":{"line":132,"column":69},"end":{"line":132,"column":70}},"loc":{"start":{"line":132,"column":75},"end":{"line":149,"column":6}},"line":132},"20":{"name":"(anonymous_20)","decl":{"start":{"line":132,"column":107},"end":{"line":132,"column":108}},"loc":{"start":{"line":132,"column":120},"end":{"line":149,"column":5}},"line":132},"21":{"name":"(anonymous_21)","decl":{"start":{"line":150,"column":49},"end":{"line":150,"column":50}},"loc":{"start":{"line":150,"column":55},"end":{"line":167,"column":6}},"line":150},"22":{"name":"(anonymous_22)","decl":{"start":{"line":150,"column":87},"end":{"line":150,"column":88}},"loc":{"start":{"line":150,"column":100},"end":{"line":167,"column":5}},"line":150}},"branchMap":{"0":{"loc":{"start":{"line":2,"column":16},"end":{"line":9,"column":1}},"type":"binary-expr","locations":[{"start":{"line":2,"column":17},"end":{"line":2,"column":21}},{"start":{"line":2,"column":25},"end":{"line":2,"column":39}},{"start":{"line":2,"column":44},"end":{"line":9,"column":1}}],"line":2},"1":{"loc":{"start":{"line":3,"column":16},"end":{"line":3,"column":34}},"type":"binary-expr","locations":[{"start":{"line":3,"column":16},"end":{"line":3,"column":17}},{"start":{"line":3,"column":22},"end":{"line":3,"column":33}}],"line":3},"2":{"loc":{"start":{"line":6,"column":32},"end":{"line":6,"column":148}},"type":"cond-expr","locations":[{"start":{"line":6,"column":46},"end":{"line":6,"column":67}},{"start":{"line":6,"column":70},"end":{"line":6,"column":148}}],"line":6},"3":{"loc":{"start":{"line":7,"column":51},"end":{"line":7,"column":67}},"type":"binary-expr","locations":[{"start":{"line":7,"column":51},"end":{"line":7,"column":61}},{"start":{"line":7,"column":65},"end":{"line":7,"column":67}}],"line":7},"4":{"loc":{"start":{"line":10,"column":22},"end":{"line":12,"column":1}},"type":"binary-expr","locations":[{"start":{"line":10,"column":23},"end":{"line":10,"column":27}},{"start":{"line":10,"column":31},"end":{"line":10,"column":51}},{"start":{"line":10,"column":56},"end":{"line":12,"column":1}}],"line":10},"5":{"loc":{"start":{"line":11,"column":11},"end":{"line":11,"column":61}},"type":"cond-expr","locations":[{"start":{"line":11,"column":37},"end":{"line":11,"column":40}},{"start":{"line":11,"column":43},"end":{"line":11,"column":61}}],"line":11},"6":{"loc":{"start":{"line":11,"column":12},"end":{"line":11,"column":33}},"type":"binary-expr","locations":[{"start":{"line":11,"column":12},"end":{"line":11,"column":15}},{"start":{"line":11,"column":19},"end":{"line":11,"column":33}}],"line":11}},"s":{"0":1,"1":7,"2":7,"3":7,"4":0,"5":0,"6":0,"7":0,"8":14,"9":7,"10":7,"11":1,"12":3,"13":1,"14":1,"15":1,"16":1,"17":1,"18":1,"19":1,"20":1,"21":1,"22":1,"23":1,"24":1,"25":1,"26":1,"27":1,"28":1,"29":1,"30":1,"31":1,"32":1,"33":1,"34":1,"35":1,"36":1,"37":1,"38":1,"39":1,"40":1,"41":1,"42":1,"43":1,"44":1,"45":1,"46":1,"47":1,"48":1,"49":1,"50":1,"51":1,"52":1,"53":1,"54":1,"55":1,"56":1,"57":1,"58":1,"59":1,"60":1,"61":1,"62":1,"63":1,"64":1,"65":1,"66":1,"67":1,"68":1,"69":1,"70":1},"f":{"0":7,"1":7,"2":7,"3":0,"4":14,"5":7,"6":3,"7":1,"8":1,"9":1,"10":1,"11":1,"12":1,"13":1,"14":1,"15":1,"16":1,"17":1,"18":1,"19":1,"20":1,"21":1,"22":1},"b":{"0":[1,1,1],"1":[7,7],"2":[7,7],"3":[7,7],"4":[1,1,1],"5":[1,2],"6":[3,3]},"_coverageSchema":"43e27e138ebf9cfc5966b082cf9a028302ed4184","hash":"0083f508366c71959f006e899e12f548ed4643f1","contentHash":"6fe2a0a67d1aa40f2b3a5f96e79bdddd88600ca710c9978fc97056b8535fa78c"},"/home/nineleaps/soumyaPetStore/app/tests/services/AppResponse.test.ts":{"path":"/home/nineleaps/soumyaPetStore/app/tests/services/AppResponse.test.ts","statementMap":{"0":{"start":{"line":2,"column":16},"end":{"line":9,"column":1}},"1":{"start":{"line":3,"column":4},"end":{"line":8,"column":7}},"2":{"start":{"line":4,"column":36},"end":{"line":4,"column":97}},"3":{"start":{"line":4,"column":42},"end":{"line":4,"column":70}},"4":{"start":{"line":4,"column":85},"end":{"line":4,"column":95}},"5":{"start":{"line":5,"column":35},"end":{"line":5,"column":100}},"6":{"start":{"line":5,"column":41},"end":{"line":5,"column":73}},"7":{"start":{"line":5,"column":88},"end":{"line":5,"column":98}},"8":{"start":{"line":6,"column":32},"end":{"line":6,"column":149}},"9":{"start":{"line":6,"column":97},"end":{"line":6,"column":119}},"10":{"start":{"line":7,"column":8},"end":{"line":7,"column":78}},"11":{"start":{"line":10,"column":22},"end":{"line":12,"column":1}},"12":{"start":{"line":11,"column":4},"end":{"line":11,"column":62}},"13":{"start":{"line":13,"column":0},"end":{"line":13,"column":62}},"14":{"start":{"line":14,"column":15},"end":{"line":14,"column":47}},"15":{"start":{"line":15,"column":27},"end":{"line":15,"column":71}},"16":{"start":{"line":16,"column":16},"end":{"line":16,"column":49}},"17":{"start":{"line":17,"column":29},"end":{"line":17,"column":58}},"18":{"start":{"line":18,"column":22},"end":{"line":18,"column":59}},"19":{"start":{"line":19,"column":15},"end":{"line":19,"column":36}},"20":{"start":{"line":20,"column":0},"end":{"line":20,"column":47}},"21":{"start":{"line":21,"column":0},"end":{"line":161,"column":4}},"22":{"start":{"line":21,"column":43},"end":{"line":161,"column":2}},"23":{"start":{"line":24,"column":4},"end":{"line":27,"column":8}},"24":{"start":{"line":24,"column":21},"end":{"line":27,"column":6}},"25":{"start":{"line":25,"column":8},"end":{"line":25,"column":45}},"26":{"start":{"line":26,"column":8},"end":{"line":26,"column":60}},"27":{"start":{"line":28,"column":4},"end":{"line":30,"column":8}},"28":{"start":{"line":28,"column":16},"end":{"line":30,"column":6}},"29":{"start":{"line":29,"column":8},"end":{"line":29,"column":34}},"30":{"start":{"line":31,"column":4},"end":{"line":43,"column":8}},"31":{"start":{"line":31,"column":52},"end":{"line":43,"column":6}},"32":{"start":{"line":32,"column":27},"end":{"line":32,"column":30}},"33":{"start":{"line":33,"column":21},"end":{"line":33,"column":23}},"34":{"start":{"line":34,"column":25},"end":{"line":37,"column":9}},"35":{"start":{"line":38,"column":8},"end":{"line":38,"column":45}},"36":{"start":{"line":39,"column":8},"end":{"line":39,"column":54}},"37":{"start":{"line":40,"column":8},"end":{"line":40,"column":52}},"38":{"start":{"line":41,"column":8},"e
[...]
:107,"column":48}},"loc":{"start":{"line":107,"column":53},"end":{"line":127,"column":6}},"line":107},"22":{"name":"(anonymous_22)","decl":{"start":{"line":107,"column":85},"end":{"line":107,"column":86}},"loc":{"start":{"line":107,"column":98},"end":{"line":127,"column":5}},"line":107},"23":{"name":"(anonymous_23)","decl":{"start":{"line":128,"column":48},"end":{"line":128,"column":49}},"loc":{"start":{"line":128,"column":54},"end":{"line":139,"column":6}},"line":128},"24":{"name":"(anonymous_24)","decl":{"start":{"line":128,"column":86},"end":{"line":128,"column":87}},"loc":{"start":{"line":128,"column":99},"end":{"line":139,"column":5}},"line":128},"25":{"name":"(anonymous_25)","decl":{"start":{"line":140,"column":47},"end":{"line":140,"column":48}},"loc":{"start":{"line":140,"column":53},"end":{"line":160,"column":6}},"line":140},"26":{"name":"(anonymous_26)","decl":{"start":{"line":140,"column":85},"end":{"line":140,"column":86}},"loc":{"start":{"line":140,"column":98},"end":{"line":160,"column":5}},"line":140}},"branchMap":{"0":{"loc":{"start":{"line":2,"column":16},"end":{"line":9,"column":1}},"type":"binary-expr","locations":[{"start":{"line":2,"column":17},"end":{"line":2,"column":21}},{"start":{"line":2,"column":25},"end":{"line":2,"column":39}},{"start":{"line":2,"column":44},"end":{"line":9,"column":1}}],"line":2},"1":{"loc":{"start":{"line":3,"column":16},"end":{"line":3,"column":34}},"type":"binary-expr","locations":[{"start":{"line":3,"column":16},"end":{"line":3,"column":17}},{"start":{"line":3,"column":22},"end":{"line":3,"column":33}}],"line":3},"2":{"loc":{"start":{"line":6,"column":32},"end":{"line":6,"column":148}},"type":"cond-expr","locations":[{"start":{"line":6,"column":46},"end":{"line":6,"column":67}},{"start":{"line":6,"column":70},"end":{"line":6,"column":148}}],"line":6},"3":{"loc":{"start":{"line":7,"column":51},"end":{"line":7,"column":67}},"type":"binary-expr","locations":[{"start":{"line":7,"column":51},"end":{"line":7,"column":61}},{"start":{"line":7,"column":65},"end":{"line":7,"column":67}}],"line":7},"4":{"loc":{"start":{"line":10,"column":22},"end":{"line":12,"column":1}},"type":"binary-expr","locations":[{"start":{"line":10,"column":23},"end":{"line":10,"column":27}},{"start":{"line":10,"column":31},"end":{"line":10,"column":51}},{"start":{"line":10,"column":56},"end":{"line":12,"column":1}}],"line":10},"5":{"loc":{"start":{"line":11,"column":11},"end":{"line":11,"column":61}},"type":"cond-expr","locations":[{"start":{"line":11,"column":37},"end":{"line":11,"column":40}},{"start":{"line":11,"column":43},"end":{"line":11,"column":61}}],"line":11},"6":{"loc":{"start":{"line":11,"column":12},"end":{"line":11,"column":33}},"type":"binary-expr","locations":[{"start":{"line":11,"column":12},"end":{"line":11,"column":15}},{"start":{"line":11,"column":19},"end":{"line":11,"column":33}}],"line":11}},"s":{"0":1,"1":16,"2":14,"3":14,"4":0,"5":0,"6":0,"7":0,"8":30,"9":14,"10":16,"11":1,"12":3,"13":1,"14":1,"15":1,"16":1,"17":1,"18":1,"19":1,"20":1,"21":1,"22":1,"23":1,"24":7,"25":7,"26":7,"27":1,"28":1,"29":1,"30":1,"31":1,"32":1,"33":1,"34":1,"35":1,"36":1,"37":1,"38":1,"39":1,"40":1,"41":1,"42":1,"43":1,"44":1,"45":1,"46":1,"47":1,"48":1,"49":1,"50":1,"51":1,"52":1,"53":1,"54":1,"55":1,"56":1,"57":1,"58":1,"59":1,"60":1,"61":1,"62":1,"63":1,"64":1,"65":1,"66":1,"67":1,"68":1,"69":1,"70":1,"71":1,"72":1,"73":1,"74":1,"75":1,"76":1,"77":1,"78":1,"79":1,"80":1,"81":1,"82":1,"83":1,"84":1,"85":1,"86":1,"87":1,"88":1,"89":1,"90":1,"91":1,"92":1,"93":1,"94":1,"95":1,"96":1,"97":1,"98":1,"99":1,"100":1,"101":1,"102":1,"103":1,"104":1,"105":1,"106":1,"107":1,"108":1,"109":1,"110":1,"111":1},"f":{"0":16,"1":16,"2":14,"3":0,"4":30,"5":14,"6":3,"7":1,"8":1,"9":7,"10":7,"11":1,"12":1,"13":1,"14":1,"15":1,"16":1,"17":1,"18":1,"19":1,"20":1,"21":1,"22":1,"23":1,"24":1,"25":1,"26":1},"b":{"0":[1,1,1],"1":[16,16],"2":[16,14],"3":[16,16],"4":[1,1,1],"5":[0,3],"6":[3,3]},"_coverageSchema":"43e27e138ebf9cfc5966b082cf9a028302ed4184","hash":"8c5a77a456a6863a508657437a75da6d3fdb7562","contentHash":"15cb210b6d2d4a34f7b5e4810699bb651cb9f99132a43e2131e9443911a66a33"},"/home/nineleaps/soumyaPetStore/app/tests/services/petService.test.ts":{"path":"/home/nineleaps/soumyaPetStore/app/tests/services/petService.test.ts","statementMap":{"0":{"start":{"line":2,"column":16},"end":{"line":9,"column":1}},"1":{"start":{"line":3,"column":4},"end":{"line":8,"column":7}},"2":{"start":{"line":4,"column":36},"end":{"line":4,"column":97}},"3":{"start":{"line":4,"column":42},"end":{"line":4,"column":70}},"4":{"start":{"line":4,"column":85},"end":{"line":4,"column":95}},"5":{"start":{"line":5,"column":35},"end":{"line":5,"column":100}},"6":{"start":{"line":5,"column":41},"end":{"line":5,"column":73}},"7":{"start":{"line":5,"column":88},"end":{"line":5,"column":98}},"8":{"start":{"line":6,"column":32},"end":{"line":6,"column":149}},"9":{"start":{"line":6,"column":97},"end":{"line":6,"column":119}},"10":{"start":{"line":7,"column":8},"end":{"line":7,"column":78}},"11":{"start":{"line":10,"column":22},"end":{"line":12,"column":1}},"12":{"start":{"line":11,"column":4},"end":{"line":11,"column":62}},"13":{"start":{"line":13,"column":0},"end":{"line":13,"column":62}},"14":{"start":{"line":14,"column":15},"end":{"line":14,"column":47}},"15":{"start":{"line":15,"column":16},"end":{"line":15,"column":49}},"16":{"start":{"line":16,"column":24},"end":{"line":16,"column":69}},"17":{"start":{"line":17,"column":21},"end":{"line":17,"column":59}},"18":{"start":{"line":18,"column":23},"end":{"line":18,"column":76}},"19":{"start":{"line":19,"column":23},"end":{"line":19,"column":79}},"20":{"start":{"line":20,"column":15},"end":{"line":20,"column":36}},"21":{"start":{"line":21,"column":0},"end":{"line":108,"column":3}},"22":{"start":{"line":24,"column":4},"end":{"line":37,"column":7}},"23":{"start":{"line":25,"column":8},"end":{"line":25,"column":86}},"24":{"start":{"line":26,"column":8},"end":{"line":36,"column":10}},"25":{"start":{"line":38,"column":4},"end":{"line":50,"column":7}},"26":{"start":{"line":39,"column":8},"end":{"line":44,"column":12}},"27":{"start":{"line":39,"column":55},"end":{"line":44,"column":10}},"28":{"start":{"line":40,"column":12},"end":{"line":40,"column":51}},"29":{"start":{"line":41,"column":29},"end":{"line":41,"column":90}},"30":{"start":{"line":42,"column":12},"end":{"line":42,"column":72}},"31":{"start":{"line":43,"column":12},"end":{"line":43,"column":42}},"32":{"start":{"line":45,"column":8},"end":{"line":49,"column":12}},"33":{"start":{"line":45,"column":39},"end":{"line":49,"column":10}},"34":{"start":{"line":46,"column":26},"end":{"line":46,"column":37}},"35":{"start":{"line":47,"column":12},"end":{"line":47,"column":57}},"36":{"start":{"line":48,"column":12},"end":{"line":48,"column":97}},"37":{"start":{"line":51,"column":4},"end":{"line":63,"column":7}},"38":{"start":{"line":52,"column":8},"end":{"line":57,"column":12}},"39":{"start":{"line":52,"column":65},"end":{"line":57,"column":10}},"40":{"start":{"line":53,"column":12},"end":{"line":53,"column":59}},"41":{"start":{"line":54,"column":29},"end":{"line":54,"column":122}},"42":{"start":{"line":55,"column":12},"end":{"line":55,"column":80}},"43":{"start":{"line":56,"column":12},"end":{"line":56,"column":42}},"44":{"start":{"line":58,"column":8},"end":{"line":62,"column":12}},"45":{"start":{"line":58,"column":39},"end":{"line":62,"column":10}},"46":{"start":{"line":59,"column":26},"end":{"line":59,"column":37}},"47":{"start":{"line":60,"column":12},"end":{"line":60,"column":65}},"48":{"start":{"line":61,"column":12},"end":{"line":61,"column":129}},"49":{"start":{"line":64,"column":4},"end":{"line":76,"column":7}},"50":{"start":{"line":65,"column":8},"end":{"line":70,"column":12}},"51":{"start":{"line":65,"column":56},"end":{"line":70,"column":10}},"52":{"start":{"line":66,"column":12},"end":{"line":66,"column":51}},"53":{"start":{"line":67,"column":29},"end":{"line":67,"column":94}},"54":{"start":{"line":68,"column":12},"end":{"line":68,"column":72}},"55":{"start":{"line":69,"column":12},"end":{"line":69,"column":50}},"56":{"start":{"line":71,"column":8},"end":{"line":75,"column":12}},"57":{"start":{"line":71,"column":39},"end":{"line":75,"column":10}},"58":{"start":{"line":72,"column":26},"end":{"line":72,"column":37}},"59":{"start":{"line":73,"column":12},"end":{"line":73,"column":57}},"60":{"start":{"line":74,"column":12},"end":{"line":74,"column":101}},"61":{"start":{"line":77,"column":4},"end":{"line":94,"column":7}},"62":{"start":{"line":78,"column":8},"end":{"line":83,"column":12}},"63":{"start":{"line":78,"column":55},"end":{"line":83,"column":10}},"64":{"start":{"line":79,"column":12},"end":{"line":79,"column":54}},"65":{"start":{"line":80,"column":29},"end":{"line":80,"column":109}},"66":{"start":{"line":81,"column":12},"end":{"line":81,"column":75}},"67":{"start":{"line":82,"column":12},"end":{"line":82,"column":42}},"68":{"start":{"line":84,"column":8},"end":{"line":88,"column":12}},"69":{"start":{"line":84,"column":49},"end":{"line":88,"column":10}},"70":{"start":{"line":85,"column":26},"end":{"line":85,"column":151}},"71":{"start":{"line":86,"column":12},"end":{"line":86,"column":60}},"72":{"start":{"line":87,"column":12},"end":{"line":87,"column":116}},"73":{"start":{"line":89,"column":8},"end":{"line":93,"column":12}},"74":{"start":{"line":89,"column":39},"end":{"line":93,"column":10}},"75":{"start":{"line":90,"column":26},"end":{"line":90,"column":147}},"76":{"start":{"line":91,"column":12},"end":{"line":91,"column":60}},"77":{"start":{"line":92,"column":12},"end":{"line":92,"column":116}},"78":{"start":{"line":95,"column":4},"end":{"line":107,"column":7}},"79":{"start":{"line":96,"column":8},"end":{"line":101,"column":12}},"80":{"start":{"line":96,"column":55},"end":{"line":101,"column":10}},"81":{"start":{"line":97,"column":12},"end":{"line":97,"column":54}},"82":{"start":{"line":98,"column":29},"end":{"line":98,"column":103}},"83":{"start":{"line":99,"column":12},"end":{"line":99,"column":75}},"84":{"start":{"line":100,"column":12},"end":{"line":100,"column":42}},"85":{"start":{"line":102,"column":8},"end":{"line":106,"column":12}},"86":{"start":{"line":102,"column":39},"end":{"line":106,"column":10}},"87":{"start":{"line":103,"column":26},"end":{"line":103,"column":37}},"88":{"start":{"line":104,"column":12},"end":{"line":104,"column":60}},"89":{"start":{"line":105,"column":12},"end":{"line":105,"column":110}}},"fnMap":{"0":{"name":"(anonymous_0)","decl":{"start":{"line":2,"column":44},"end":{"line":2,"column":45}},"loc":{"start":{"line":2,"column":89},"end":{"line":9,"column":1}},"line":2},"1":{"name":"(anonymous_1)","decl":{"start":{"line":3,"column":36},"end":{"line":3,"column":37}},"loc":{"start":{"line":3,"column":63},"end":{"line":8,"column":5}},"line":3},"2":{"name":"fulfilled","decl":{"start":{"line":4,"column":17},"end":{"line":4,"column":26}},"loc":{"start":{"line":4,"column":34},"end":{"line":4,"column":99}},"line":4},"3":{"name":"rejected","decl":{"start":{"line":5,"column":17},"end":{"line":5,"column":25}},"loc":{"start":{"line":5,"column":33},"end":{"line":5,"column":102}},"line":5},"4":{"name":"step","decl":{"start":{"line":6,"column":17},"end":{"line":6,"column":21}},"loc":{"start":{"line":6,"column":30},"end":{"line":6,"column":151}},"line":6},"5":{"name":"(anonymous_5)","decl":{"start":{"line":6,"column":76},"end":{"line":6,"column":77}},"loc":{"start":{"line":6,"column":95},"end":{"line":6,"column":121}},"line":6},"6":{"name":"(anonymous_6)","decl":{"start":{"line":10,"column":56},"end":{"line":10,"column":57}},"loc":{"start":{"line":10,"column":71},"end":{"line":12,"column":1}},"line":10},"7":{"name":"(anonymous_7)","decl":{"start":{"line":21,"column":29},"end":{"line":21,"column":30}},"loc":{"start":{"line":21,"column":35},"end":{"line":108,"column":1}},"line":21},"8":{"name":"(anonymous_8)","decl":{"start":{"line":24,"column":15},"end":{"line":24,"column":16}},"loc":{"start":{"line":24,"column":21},"end":{"line":37,"column":5}},"line":24},"9":{"name":"(anonymous_9)","decl":{"start":{"line":38,"column":42},"end":{"line":38,"column":43}},"loc":{"start":{"line":38,"column":48},"end":{"line":50,"column":5}},"line":38},"10":{"name":"(anonymous_10)","decl":{"start":{"line":39,"column":49},"end":{"line":39,"column":50}},"loc":{"start":{"line":39,"column":55},"end":{"line":44,"column":10}},"line":39},"11":{"name":"(anonymous_11)","decl":{"start":{"line":39,"column":87},"end":{"line":39,"column":88}},"loc":{"start":{"line":39,"column":100},"end":{"line":44,"column":9}},"line":39},"12":{"name":"(anonymous_12)","decl":{"start":{"line":45,"column":33},"end":{"line":45,"column":34}},"loc":{"start":{"line":45,"column":39},"end":{"line":49,"column":10}},"line":45},"13":{"name":"(anonymous_13)","decl":{"start":{"line":45,"column":71},"end":{"line":45,"column":72}},"loc":{"start":{"line":45,"column":84},"end":{"line":49,"column":9}},"line":45},"14":{"name":"(anonymous_14)","decl":{"start":{"line":51,"column":51},"end":{"line":51,"column":52}},"loc":{"start":{"line":51,"column":57},"end":{"line":63,"column":5}},"line":51},"15":{"name":"(anonymous_15)","decl":{"start":{"line":52,"column":59},"end":{"line":52,"column":60}},"loc":{"start":{"line":52,"column":65},"end":{"line":57,"column":10}},"line":52},"16":{"name":"(anonymous_16)","decl":{"start":{"line":52,"column":97},"end":{"line":52,"column":98}},"loc":{"start":{"line":52,"column":110},"end":{"line":57,"column":9}},"line":52},"17":{"name":"(anonymous_17)","decl":{"start":{"line":58,"column":33},"end":{"line":58,"column":34}},"loc":{"start":{"line":58,"column":39},"end":{"line":62,"column":10}},"line":58},"18":{"name":"(anonymous_18)","decl":{"start":{"line":58,"column":71},"end":{"line":58,"column":72}},"loc":{"start":{"line":58,"column":84},"end":{"line":62,"column":9}},"line":58},"19":{"name":"(anonymous_19)","decl":{"start":{"line":64,"column":58},"end":{"line":64,"column":59}},"loc":{"start":{"line":64,"column":64},"end":{"line":76,"column":5}},"line":64},"20":{"name":"(anonymous_20)","decl":{"start":{"line":65,"column":50},"end":{"line":65,"column":51}},"loc":{"start":{"line":65,"column":56},"end":{"line":70,"column":10}},"line":65},"21":{"name":"(anonymous_21)","decl":{"start":{"line":65,"column":88},"end":{"line":65,"column":89}},"loc":{"start":{"line":65,"column":101},"end":{"line":70,"column":9}},"line":65},"22":{"name":"(anonymous_22)","decl":{"start":{"line":71,"column":33},"end":{"line":71,"column":34}},"loc":{"start":{"line":71,"column":39},"end":{"line":75,"column":10}},"line":71},"23":{"name":"(anonymous_23)","decl":{"start":{"line":71,"column":71},"end":{"line":71,"column":72}},"loc":{"start":{"line":71,"column":84},"end":{"line":75,"column":9}},"line":71},"24":{"name":"(anonymous_24)","decl":{"start":{"line":77,"column":54},"end":{"line":77,"column":55}},"loc":{"start":{"line":77,"column":60},"end":{"line":94,"column":5}},"line":77},"25":{"name":"(anonymous_25)","decl":{"start":{"line":78,"column":49},"end":{"line":78,"column":50}},"loc":{"start":{"line":78,"column":55},"end":{"line":83,"column":10}},"line":78},"26":{"name":"(anonymous_26)","decl":{"start":{"line":78,"column":87},"end":{"line":78,"column":88}},"loc":{"start":{"line":78,"column":100},"end":{"line":83,"column":9}},"line":78},"27":{"name":"(anonymous_27)","decl":{"start":{"line":84,"column":43},"end":{"line":84,"column":44}},"loc":{"start":{"line":84,"column":49},"end":{"line":88,"column":10}},"line":84},"28":{"name":"(anonymous_28)","decl":{"start":{"line":84,"column":81},"end":{"line":84,"column":82}},"loc":{"start":{"line":84,"column":94},"end":{"line":88,"column":9}},"line":84},"29":{"name":"(anonymous_29)","decl":{"start":{"line":89,"column":33},"end":{"line":89,"column":34}},"loc":{"start":{"line":89,"column":39},"end":{"line":93,"column":10}},"line":89},"30":{"name":"(anonymous_30)","decl":{"start":{"line":89,"column":71},"end":{"line":89,"column":72}},"loc":{"start":{"line":89,"column":84},"end":{"line":93,"column":9}},"line":89},"31":{"name":"(anonymous_31)","decl":{"start":{"line":95,"column":56},"end":{"line":95,"column":57}},"loc":{"start":{"line":95,"column":62},"end":{"line":107,"column":5}},"line":95},"32":{"name":"(anonymous_32)","decl":{"start":{"line":96,"column":49},"end":{"line":96,"column":50}},"loc":{"start":{"line":96,"column":55},"end":{"line":101,"column":10}},"line":96},"33":{"name":"(anonymous_33)","decl":{"start":{"line":96,"column":87},"end":{"line":96,"column":88}},"loc":{"start":{"line":96,"column":100},"end":{"line":101,"column":9}},"line":96},"34":{"name":"(anonymous_34)","decl":{"start":{"line":102,"column":33},"end":{"line":102,"column":34}},"loc":{"start":{"line":102,"column":39},"end":{"line":106,"column":10}},"line":102},"35":{"name":"(anonymous_35)","decl":{"start":{"line":102,"column":71},"end":{"line":102,"column":72}},"loc":{"start":{"line":102,"column":84},"end":{"line":106,"column":9}},"line":102}},"branchMap":{"0":{"loc":{"start":{"line":2,"column":16},"end":{"line":9,"column":1}},"type":"binary-expr","locations":[{"start":{"line":2,"column":17},"end":{"line":2,"column":21}},{"start":{"line":2,"column":25},"end":{"line":2,"column":39}},{"start":{"line":2,"column":44},"end":{"line":9,"column":1}}],"line":2},"1":{"loc":{"start":{"line":3,"column":16},"end":{"line":3,"column":34}},"type":"binary-expr","locations":[{"start":{"line":3,"column":16},"end":{"line":3,"column":17}},{"start":{"line":3,"column":22},"end":{"line":3,"column":33}}],"line":3},"2":{"loc":{"start":{"line":6,"column":32},"end":{"line":6,"column":148}},"type":"cond-expr","locations":[{"start":{"line":6,"column":46},"end":{"line":6,"column":67}},{"start":{"line":6,"column":70},"end":{"line":6,"column":148}}],"line":6},"3":{"loc":{"start":{"line":7,"column":51},"end":{"line":7,"column":67}},"type":"binary-expr","locations":[{"start":{"line":7,"column":51},"end":{"line":7,"column":61}},{"start":{"line":7,"column":65},"end":{"line":7,"column":67}}],"line":7},"4":{"loc":{"start":{"line":10,"column":22},"end":{"line":12,"column":1}},"type":"binary-expr","locations":[{"start":{"line":10,"column":23},"end":{"line":10,"column":27}},{"start":{"line":10,"column":31},"end":{"line":10,"column":51}},{"start":{"line":10,"column":56},"end":{"line":12,"column":1}}],"line":10},"5":{"loc":{"start":{"line":11,"column":11},"end":{"line":11,"column":61}},"type":"cond-expr","locations":[{"start":{"line":11,"column":37},"end":{"line":11,"column":40}},{"start":{"line":11,"column":43},"end":{"line":11,"column":61}}],"line":11},"6":{"loc":{"start":{"line":11,"column":12},"end":{"line":11,"column":33}},"type":"binary-expr","locations":[{"start":{"line":11,"column":12},"end":{"line":11,"column":15}},{"start":{"line":11,"column":19},"end":{"line":11,"column":33}}],"line":11}},"s":{"0":1,"1":11,"2":17,"3":17,"4":0,"5":0,"6":0,"7":0,"8":28,"9":17,"10":11,"11":1,"12":4,"13":1,"14":1,"15":1,"16":1,"17":1,"18":1,"19":1,"20":1,"21":1,"22":1,"23":11,"24":11,"25":1,"26":1,"27":1,"28":1,"29":1,"30":1,"31":1,"32":1,"33":1,"34":1,"35":1,"36":1,"37":1,"38":1,"39":1,"40":1,"41":1,"42":1,"43":1,"44":1,"45":1,"46":1,"47":1,"48":1,"49":1,"50":1,"51":1,"52":1,"53":1,"54":1,"55":1,"56":1,"57":1,"58":1,"59":1,"60":1,"61":1,"62":1,"63":1,"64":1,"65":1,"66":1,"67":1,"68":1,"69":1,"70":1,"71":1,"72":1,"73":1,"74":1,"75":1,"76":1,"77":1,"78":1,"79":1,"80":1,"81":1,"82":1,"83":1,"84":1,"85":1,"86":1,"87":1,"88":1,"89":1},"f":{"0":11,"1":11,"2":17,"3":0,"4":28,"5":17,"6":4,"7":1,"8":11,"9":1,"10":1,"11":1,"12":1,"13":1,"14":1,"15":1,"16":1,"17":1,"18":1,"19":1,"20":1,"21":1,"22":1,"23":1,"24":1,"25":1,"26":1,"27":1,"28":1,"29":1,"30":1,"31":1,"32":1,"33":1,"34":1,"35":1},"b":{"0":[1,1,1],"1":[11,11],"2":[11,17],"3":[11,11],"4":[1,1,1],"5":[2,2],"6":[4,4]},"_coverageSchema":"43e27e138ebf9cfc5966b082cf9a028302ed4184","hash":"fe5c3d7bac1c4880986d7e7b92f7549533e3aa71","contentHash":"b8b4a709628819a8b264815eec99f625c417ecc76682f75b73baac3feab9f39d"}}